\BOOKMARK [0][-]{chapter.1}{\376\377\006\054\006\105\006\107\006\110\006\061\006\314\000\040\006\063\006\110\006\105\000\040\000\050\006\361\006\370\006\367\006\360\000-\006\361\006\371\006\364\006\360\000\051}{}% 1
\BOOKMARK [1][-]{section.1.1}{\376\377\006\062\006\047\006\314\006\064\000\040\006\057\006\061\000\040\006\042\006\052\006\064\000:\000\040\006\361\006\370\006\367\006\360\000-\006\361\006\370\006\367\006\361}{chapter.1}% 2
\BOOKMARK [2][-]{subsection.1.1.1}{\376\377\006\047\006\071\006\104\006\047\006\105\000\040\006\054\006\105\006\107\006\110\006\061\006\314}{section.1.1}% 3
\BOOKMARK [2][-]{subsection.1.1.2}{\376\377\006\105\006\055\006\047\006\065\006\061\006\107\000\040\006\176\006\047\006\061\006\314\006\063}{section.1.1}% 4
\BOOKMARK [2][-]{subsection.1.1.3}{\376\377\006\042\006\052\006\064\040\014\006\050\006\063\000\040\006\110\000\040\006\047\006\106\006\052\006\056\006\047\006\050\006\047\006\052}{section.1.1}% 5
\BOOKMARK [2][-]{subsection.1.1.4}{\376\377\006\042\006\057\006\110\006\104\006\101\000\040\006\052\006\314\040\014\006\314\006\061\000\040\006\110\000\040\006\105\006\071\006\047\006\107\006\057\006\107\000\040\006\101\006\061\006\047\006\106\006\251\006\101\006\110\006\061\006\052}{section.1.1}% 6
\BOOKMARK [1][-]{section.1.2}{\376\377\006\251\006\105\006\110\006\106\000\040\006\176\006\047\006\061\006\314\006\063\000\040\000\050\006\105\006\047\006\061\006\063\000-\006\105\006\107\000\040\006\361\006\370\006\367\006\361\000\051}{chapter.1}% 7
\BOOKMARK [2][-]{subsection.1.2.1}{\376\377\006\061\006\314\006\064\006\107\040\014\006\107\006\047\006\314\000\040\006\064\006\110\006\061\006\064}{section.1.2}% 8
\BOOKMARK [2][-]{subsection.1.2.2}{\376\377\006\361\006\370\000\040\006\105\006\047\006\061\006\063\000:\000\040\006\042\006\072\006\047\006\062\000\040\006\064\006\110\006\061\006\064}{section.1.2}% 9
\BOOKMARK [2][-]{subsection.1.2.3}{\376\377\006\063\006\047\006\056\006\052\006\047\006\061\000\040\006\110\000\040\006\047\006\102\006\057\006\047\006\105\006\047\006\052\000\040\006\251\006\105\006\110\006\106}{section.1.2}% 10
\BOOKMARK [2][-]{subsection.1.2.4}{\376\377\006\107\006\101\006\052\006\107\000\040\006\056\006\110\006\106\006\314\006\106}{section.1.2}% 11
\BOOKMARK [2][-]{subsection.1.2.5}{\376\377\006\105\006\314\006\061\006\047\006\053\000\040\006\251\006\105\006\110\006\106}{section.1.2}% 12
\BOOKMARK [1][-]{section.1.3}{\376\377\006\052\006\043\006\063\006\314\006\063\000\040\006\057\006\064\006\110\006\047\006\061\000\040\006\054\006\105\006\107\006\110\006\061\006\314\000\040\000\050\006\361\006\370\006\367\006\361\000-\006\361\006\370\006\367\006\371\000\051}{chapter.1}% 13
\BOOKMARK [2][-]{subsection.1.3.1}{\376\377\006\054\006\105\006\107\006\110\006\061\006\314\000\040\006\050\006\057\006\110\006\106\000\040\006\054\006\105\006\107\006\110\006\061\006\314\040\014\006\056\006\110\006\047\006\107\006\047\006\106}{section.1.3}% 14
\BOOKMARK [2][-]{subsection.1.3.2}{\376\377\006\057\006\110\006\104\006\052\000\040\006\052\006\314\040\014\006\314\006\061\000\040\000\050\006\361\006\370\006\367\006\361\000-\006\361\006\370\006\367\006\363\000\051}{section.1.3}% 15
\BOOKMARK [2][-]{subsection.1.3.3}{\376\377\006\054\006\105\006\107\006\110\006\061\006\314\000\040\006\047\006\056\006\104\006\047\006\102\006\314\000\040\006\105\006\251\040\014\006\105\006\047\006\107\006\110\006\106\000\040\000\050\006\361\006\370\006\367\006\363\000-\006\361\006\370\006\367\006\371\000\051}{section.1.3}% 16
\BOOKMARK [2][-]{subsection.1.3.4}{\376\377\006\102\006\110\006\047\006\106\006\314\006\106\000\040\006\047\006\063\006\047\006\063\006\314\000\040\006\361\006\370\006\367\006\365}{section.1.3}% 17
\BOOKMARK [2][-]{subsection.1.3.5}{\376\377\006\050\006\055\006\061\006\047\006\106\000\040\006\361\006\366\000\040\006\105\006\107\000\040\006\361\006\370\006\367\006\367}{section.1.3}% 18
\BOOKMARK [2][-]{subsection.1.3.6}{\376\377\006\176\006\314\006\061\006\110\006\062\006\314\000\040\006\106\006\107\006\047\006\314\006\314\000\040\000\050\006\361\006\370\006\367\006\371\000\051}{section.1.3}% 19
\BOOKMARK [1][-]{section.1.4}{\376\377\006\054\006\105\006\107\006\110\006\061\006\314\000\040\006\101\006\061\006\065\006\052\040\014\006\067\006\104\006\050\000\040\000\050\006\361\006\370\006\367\006\371\000-\006\361\006\370\006\371\006\371\000\051}{chapter.1}% 20
\BOOKMARK [2][-]{subsection.1.4.1}{\376\377\006\054\006\105\006\107\006\110\006\061\006\314\040\014\006\056\006\110\006\047\006\107\006\047\006\106\000\040\006\057\006\061\000\040\006\102\006\057\006\061\006\052}{section.1.4}% 21
\BOOKMARK [2][-]{subsection.1.4.2}{\376\377\006\047\006\065\006\104\006\047\006\055\006\047\006\052\000\040\006\050\006\106\006\314\006\047\006\057\006\314\006\106}{section.1.4}% 22
\BOOKMARK [2][-]{subsection.1.4.3}{\376\377\006\050\006\055\006\061\006\047\006\106\040\014\006\107\006\047\006\314\000\040\006\057\006\107\006\107\000\040\006\361\006\370\006\370\006\360}{section.1.4}% 23
\BOOKMARK [1][-]{section.1.5}{\376\377\006\105\006\047\006\054\006\061\006\047\006\314\000\040\006\057\006\061\006\314\006\101\006\110\006\063\000\040\000\050\006\361\006\370\006\371\006\364\000-\006\361\006\371\006\360\006\366\000\051}{chapter.1}% 24
\BOOKMARK [2][-]{subsection.1.5.1}{\376\377\006\042\006\072\006\047\006\062\000\040\006\105\006\047\006\054\006\061\006\047}{section.1.5}% 25
\BOOKMARK [2][-]{subsection.1.5.2}{\376\377\000\253\006\105\006\106\000\040\006\105\006\052\006\107\006\105\000\040\006\105\006\314\040\014\006\251\006\106\006\105\000!\000\273}{section.1.5}% 26
\BOOKMARK [2][-]{subsection.1.5.3}{\376\377\006\101\006\061\006\047\006\106\006\063\006\107\000\040\006\057\006\110\006\176\006\047\006\061\006\107}{section.1.5}% 27
\BOOKMARK [2][-]{subsection.1.5.4}{\376\377\006\176\006\314\006\047\006\105\006\057\006\107\006\047\006\314\000\040\006\105\006\047\006\054\006\061\006\047\006\314\000\040\006\057\006\061\006\314\006\101\006\110\006\063}{section.1.5}% 28
\BOOKMARK [1][-]{section.1.6}{\376\377\006\054\006\105\006\107\006\110\006\061\006\314\000\040\006\061\006\047\006\057\006\314\006\251\006\047\006\104\000\040\000\050\006\361\006\370\006\371\006\371\000-\006\361\006\371\006\361\006\364\000\051}{chapter.1}% 29
\BOOKMARK [2][-]{subsection.1.6.1}{\376\377\006\057\006\110\006\104\006\052\000\040\006\110\006\047\006\104\006\057\006\251\000-\006\061\006\110\006\063\006\110\000\040\006\110\000\040\000\253\006\057\006\101\006\047\006\071\000\040\006\047\006\062\000\040\006\054\006\105\006\107\006\110\006\061\006\314\000\273}{section.1.6}% 30
\BOOKMARK [2][-]{subsection.1.6.2}{\376\377\006\057\006\110\006\104\006\052\000\040\006\251\006\110\006\105\006\050\000\040\000\050\006\361\006\371\006\360\006\362\000-\006\361\006\371\006\360\006\365\000\051}{section.1.6}% 31
\BOOKMARK [2][-]{subsection.1.6.3}{\376\377\006\054\006\057\006\047\006\314\006\314\000\040\006\251\006\104\006\314\006\063\006\047\000\040\006\110\000\040\006\057\006\110\006\104\006\052\000\040\000\050\006\361\006\371\006\360\006\365\000\051}{section.1.6}% 32
\BOOKMARK [2][-]{subsection.1.6.4}{\376\377\006\047\006\065\006\104\006\047\006\055\006\047\006\052\000\040\006\047\006\054\006\052\006\105\006\047\006\071\006\314}{section.1.6}% 33
\BOOKMARK [2][-]{subsection.1.6.5}{\376\377\006\054\006\106\006\050\006\064\000\040\006\251\006\047\006\061\006\257\006\061\006\314\000\040\006\110\000\040\000C\000G\000T}{section.1.6}% 34
\BOOKMARK [2][-]{subsection.1.6.6}{\376\377\006\050\006\055\006\061\006\047\006\106\040\014\006\107\006\047\006\314\000\040\006\050\006\314\006\106\040\014\006\047\006\104\006\105\006\104\006\104\006\314}{section.1.6}% 35
\BOOKMARK [1][-]{section.1.7}{\376\377\006\054\006\106\006\257\000\040\006\050\006\062\006\061\006\257\000\040\000\050\006\361\006\371\006\361\006\364\000-\006\361\006\371\006\361\006\370\000\051}{chapter.1}% 36
\BOOKMARK [2][-]{subsection.1.7.1}{\376\377\006\110\006\061\006\110\006\057\000\040\006\050\006\107\000\040\006\054\006\106\006\257}{section.1.7}% 37
\BOOKMARK [2][-]{subsection.1.7.2}{\376\377\006\206\006\107\006\047\006\061\000\040\006\063\006\047\006\104\000\040\006\054\006\106\006\257}{section.1.7}% 38
\BOOKMARK [2][-]{subsection.1.7.3}{\376\377\006\107\006\062\006\314\006\106\006\107\000\040\006\176\006\314\006\061\006\110\006\062\006\314}{section.1.7}% 39
\BOOKMARK [2][-]{subsection.1.7.4}{\376\377\006\105\006\071\006\047\006\107\006\057\006\107\000\040\006\110\006\061\006\063\006\047\006\314\000\040\000\050\006\361\006\371\006\361\006\371\000\051}{section.1.7}% 40
\BOOKMARK [1][-]{section.1.8}{\376\377\006\050\006\314\006\106\000\040\006\057\006\110\000\040\006\054\006\106\006\257\000\040\000\050\006\361\006\371\006\361\006\370\000-\006\361\006\371\006\364\006\360\000\051}{chapter.1}% 41
\BOOKMARK [2][-]{subsection.1.8.1}{\376\377\006\110\006\314\006\230\006\257\006\314\040\014\006\107\006\047\006\314\000\040\006\057\006\110\006\061\006\107}{section.1.8}% 42
\BOOKMARK [2][-]{subsection.1.8.2}{\376\377\006\057\006\110\006\061\006\107\040\014\006\050\006\106\006\057\006\314\000\040\006\063\006\314\006\047\006\063\006\314}{section.1.8}% 43
\BOOKMARK [2][-]{subsection.1.8.3}{\376\377\006\047\006\106\006\064\006\071\006\047\006\050\000\040\006\206\006\176\000:\000\040\006\052\006\110\006\061\000\040\000\050\006\361\006\371\006\362\006\360\000\051}{section.1.8}% 44
\BOOKMARK [2][-]{subsection.1.8.4}{\376\377\006\050\006\055\006\061\006\047\006\106\040\014\006\107\006\047\006\314\000\040\006\057\006\107\006\107\000\040\006\361\006\371\006\363\006\360}{section.1.8}% 45
\BOOKMARK [2][-]{subsection.1.8.5}{\376\377\006\054\006\050\006\107\006\107\000\040\006\105\006\061\006\057\006\105\006\314\000\040\000\050\006\361\006\371\006\363\006\366\000-\006\361\006\371\006\363\006\370\000\051}{section.1.8}% 46
\BOOKMARK [2][-]{subsection.1.8.6}{\376\377\006\061\006\047\006\107\000\040\006\063\006\102\006\110\006\067\000\040\000\050\006\361\006\371\006\363\006\370\000-\006\361\006\371\006\364\006\360\000\051}{section.1.8}% 47
\BOOKMARK [1][-]{section.1.9}{\376\377\006\063\006\102\006\110\006\067\000\040\000\050\006\105\006\107\000-\006\230\006\110\006\046\006\106\000\040\006\361\006\371\006\364\006\360\000\051}{chapter.1}% 48
\BOOKMARK [2][-]{subsection.1.9.1}{\376\377\006\064\006\251\006\063\006\052\000\040\006\106\006\070\006\047\006\105\006\314}{section.1.9}% 49
\BOOKMARK [2][-]{subsection.1.9.2}{\376\377\006\042\006\052\006\064\040\014\006\050\006\063\000\040\006\110\000\040\006\176\006\047\006\314\006\047\006\106\000\040\006\054\006\105\006\107\006\110\006\061\006\314}{section.1.9}% 50
\BOOKMARK [1][-]{section.1.10}{\376\377\006\052\006\055\006\104\006\314\006\104\000:\000\040\006\206\006\061\006\047\000\040\006\054\006\105\006\107\006\110\006\061\006\314\000\040\006\063\006\110\006\105\000\040\006\063\006\102\006\110\006\067\000\040\006\251\006\061\006\057\006\037}{chapter.1}% 51
\BOOKMARK [1][-]{section.1.11}{\376\377\006\056\006\067\000\040\006\062\006\105\006\047\006\106\006\314\000\040\006\054\006\047\006\105\006\071}{chapter.1}% 52
\BOOKMARK [1][-]{section.1.12}{\376\377\006\047\006\104\006\257\006\110\006\107\006\047\000\040\006\110\000\040\006\057\006\061\006\063\040\014\006\107\006\047}{chapter.1}% 53
\BOOKMARK [1][-]{section.1.13}{\376\377\006\105\006\314\006\061\006\047\006\053\000\040\006\054\006\105\006\107\006\110\006\061\006\314\000\040\006\063\006\110\006\105}{chapter.1}% 54
\BOOKMARK [1][-]{section.1.14}{\376\377\006\054\006\105\006\071\040\014\006\050\006\106\006\057\006\314\000\040\006\101\006\065\006\104}{chapter.1}% 55
\BOOKMARK [1][-]{section.1.15}{\376\377\006\106\006\102\006\064\006\107\000\040\006\105\006\101\006\107\006\110\006\105\006\314\000:\000\040\006\052\006\055\006\110\006\104\000\040\006\054\006\105\006\107\006\110\006\061\006\314\000\040\006\063\006\110\006\105}{chapter.1}% 56
\BOOKMARK [1][-]{section.1.15}{\376\377\006\105\006\106\006\047\006\050\006\071\000\040\006\101\006\065\006\104}{chapter.1}% 57
