\BOOKMARK [0][-]{chapter.1}{\376\377\006\102\006\061\006\106\000\040\006\106\006\047\006\042\006\061\006\047\006\105\000\040\000\050\006\361\006\370\006\361\006\365\000-\006\361\006\370\006\367\006\360\000\051}{}% 1
\BOOKMARK [1][-]{section.1.1}{\376\377\006\105\006\102\006\057\006\105\006\107\000:\000\040\006\101\006\061\006\047\006\106\006\063\006\107\000\040\006\057\006\061\000\040\006\054\006\063\006\052\006\054\006\110\006\314\000\040\006\053\006\050\006\047\006\052}{chapter.1}% 2
\BOOKMARK [2][-]{subsection.1.1.1}{\376\377\006\052\006\106\006\064\040\014\006\107\006\047\006\314\000\040\006\063\006\047\006\056\006\052\006\047\006\061\006\314}{section.1.1}% 3
\BOOKMARK [1][-]{section.1.2}{\376\377\006\050\006\047\006\062\006\257\006\064\006\052\000\040\006\050\006\110\006\061\006\050\006\110\006\106\040\014\006\107\006\047\000\040\000\050\006\361\006\370\006\361\006\364\000-\006\361\006\370\006\363\006\360\000\051}{chapter.1}% 4
\BOOKMARK [2][-]{subsection.1.2.1}{\376\377\006\050\006\047\006\062\006\257\006\064\006\052\000\040\006\047\006\110\006\104\000\040\006\110\000\040\006\065\006\057\000\040\006\061\006\110\006\062}{section.1.2}% 5
\BOOKMARK [2][-]{subsection.1.2.2}{\376\377\006\052\006\061\006\110\006\061\000\040\006\063\006\101\006\314\006\057\000\040\006\110\000\040\006\110\006\047\006\251\006\106\006\064\000\040\006\047\006\110\006\104\006\052\006\061\006\047}{section.1.2}% 6
\BOOKMARK [2][-]{subsection.1.2.3}{\376\377\006\057\006\110\006\061\006\107\000\040\006\104\006\110\006\314\006\314\000\040\006\107\006\054\006\057\006\107\006\105\000\040\000\050\006\361\006\370\006\361\006\365\000-\006\361\006\370\006\362\006\364\000\051}{section.1.2}% 7
\BOOKMARK [2][-]{subsection.1.2.4}{\376\377\006\057\006\110\006\061\006\107\000\040\006\064\006\047\006\061\006\104\000\040\006\057\006\107\006\105\000\040\000\050\006\361\006\370\006\362\006\364\000-\006\361\006\370\006\363\006\360\000\051}{section.1.2}% 8
\BOOKMARK [1][-]{section.1.3}{\376\377\006\047\006\106\006\102\006\104\006\047\006\050\000\040\006\230\006\110\006\046\006\314\006\107\000\040\006\361\006\370\006\363\006\360}{chapter.1}% 9
\BOOKMARK [2][-]{subsection.1.3.1}{\376\377\006\101\006\061\006\105\006\047\006\106\040\014\006\107\006\047\006\314\000\040\006\230\006\110\006\046\006\314\006\107}{section.1.3}% 10
\BOOKMARK [2][-]{subsection.1.3.2}{\376\377\006\063\006\107\000\040\006\061\006\110\006\062\000\040\006\064\006\251\006\110\006\107\006\105\006\106\006\057}{section.1.3}% 11
\BOOKMARK [2][-]{subsection.1.3.3}{\376\377\006\063\006\061\006\102\006\052\000\040\006\047\006\106\006\102\006\104\006\047\006\050}{section.1.3}% 12
\BOOKMARK [1][-]{section.1.4}{\376\377\006\063\006\104\006\067\006\106\006\052\000\040\006\230\006\110\006\046\006\314\006\107\000\040\000\050\006\361\006\370\006\363\006\360\000-\006\361\006\370\006\364\006\370\000\051}{chapter.1}% 13
\BOOKMARK [2][-]{subsection.1.4.1}{\376\377\006\105\006\047\006\107\006\314\006\052\000\040\006\061\006\230\006\314\006\105\000\040\006\054\006\057\006\314\006\057}{section.1.4}% 14
\BOOKMARK [2][-]{subsection.1.4.2}{\376\377\006\104\006\110\006\314\006\314\000-\006\101\006\314\006\104\006\314\006\176\000:\000\040\006\064\006\107\006\061\006\110\006\106\006\057\000-\006\064\006\047\006\107}{section.1.4}% 15
\BOOKMARK [2][-]{subsection.1.4.3}{\376\377\006\047\006\176\006\110\006\062\006\314\006\063\006\314\006\110\006\106\040\014\006\107\006\047\006\314\000\040\006\063\006\104\006\067\006\106\006\052\000\040\006\230\006\110\006\046\006\314\006\107}{section.1.4}% 16
\BOOKMARK [2][-]{subsection.1.4.4}{\376\377\006\063\006\314\006\047\006\063\006\052\040\014\006\107\006\047\006\314\000\040\006\057\006\047\006\056\006\104\006\314}{section.1.4}% 17
\BOOKMARK [2][-]{subsection.1.4.5}{\376\377\006\052\006\055\006\110\006\104\006\047\006\052\000\040\006\047\006\102\006\052\006\065\006\047\006\057\006\314\000\040\006\110\000\040\006\047\006\054\006\052\006\105\006\047\006\071\006\314}{section.1.4}% 18
\BOOKMARK [1][-]{section.1.5}{\376\377\006\047\006\106\006\102\006\104\006\047\006\050\000\040\006\361\006\370\006\364\006\370\000\040\006\110\000\040\006\054\006\105\006\107\006\110\006\061\006\314\000\040\006\057\006\110\006\105}{chapter.1}% 19
\BOOKMARK [2][-]{subsection.1.5.1}{\376\377\006\062\006\105\006\314\006\106\006\107\040\014\006\107\006\047\006\314\000\040\006\047\006\106\006\102\006\104\006\047\006\050}{section.1.5}% 20
\BOOKMARK [2][-]{subsection.1.5.2}{\376\377\006\061\006\110\006\062\006\107\006\047\006\314\000\040\006\101\006\110\006\061\006\314\006\107\000\040\006\361\006\370\006\364\006\370}{section.1.5}% 21
\BOOKMARK [2][-]{subsection.1.5.3}{\376\377\006\057\006\110\006\104\006\052\000\040\006\105\006\110\006\102\006\052\000\040\006\110\000\040\006\042\006\061\006\105\006\047\006\106\040\014\006\257\006\061\006\047\006\314\006\314\000\040\006\050\006\107\006\047\006\061\000\040\006\361\006\370\006\364\006\370}{section.1.5}% 22
\BOOKMARK [2][-]{subsection.1.5.4}{\376\377\006\047\006\106\006\052\006\056\006\047\006\050\006\047\006\052\000\040\006\042\006\110\006\061\006\314\006\104\000\040\006\110\000\040\006\206\006\061\006\056\006\064\000\040\006\050\006\107\000\040\006\061\006\047\006\063\006\052}{section.1.5}% 23
\BOOKMARK [2][-]{subsection.1.5.5}{\376\377\006\061\006\110\006\062\006\107\006\047\006\314\000\040\006\230\006\110\006\046\006\106\000:\000\040\006\054\006\106\006\257\000\040\006\057\006\047\006\056\006\104\006\314\000\040\006\067\006\050\006\102\006\047\006\052\006\314}{section.1.5}% 24
\BOOKMARK [2][-]{subsection.1.5.6}{\376\377\006\102\006\047\006\106\006\110\006\106\000\040\006\047\006\063\006\047\006\063\006\314\000\040\006\054\006\105\006\107\006\110\006\061\006\314\000\040\006\057\006\110\006\105}{section.1.5}% 25
\BOOKMARK [2][-]{subsection.1.5.7}{\376\377\006\047\006\106\006\052\006\056\006\047\006\050\006\047\006\052\000\040\006\061\006\314\006\047\006\063\006\052\040\014\006\054\006\105\006\107\006\110\006\061\006\314\000\040\006\057\006\063\006\047\006\105\006\050\006\061\000\040\006\361\006\370\006\364\006\370}{section.1.5}% 26
\BOOKMARK [1][-]{section.1.6}{\376\377\006\047\006\062\000\040\006\054\006\105\006\107\006\110\006\061\006\314\000\040\006\050\006\107\000\040\006\047\006\105\006\176\006\061\006\047\006\052\006\110\006\061\006\314\000\040\000\050\006\361\006\370\006\364\006\370\000-\006\361\006\370\006\365\006\362\000\051}{chapter.1}% 27
\BOOKMARK [2][-]{subsection.1.6.1}{\376\377\006\104\006\110\006\314\006\314\000-\006\106\006\047\006\176\006\104\006\046\006\110\006\106\000\040\006\050\006\106\006\047\006\176\006\047\006\061\006\052}{section.1.6}% 28
\BOOKMARK [2][-]{subsection.1.6.2}{\376\377\006\054\006\105\006\107\006\110\006\061\006\314\000\040\006\105\006\055\006\047\006\101\006\070\006\107\040\014\006\251\006\047\006\061\000\040\000\050\006\361\006\370\006\364\006\371\000-\006\361\006\370\006\365\006\361\000\051}{section.1.6}% 29
\BOOKMARK [2][-]{subsection.1.6.3}{\376\377\006\050\006\055\006\061\006\047\006\106\000\040\006\361\006\370\006\365\006\361\000\040\006\110\000\040\006\251\006\110\006\057\006\052\006\047}{section.1.6}% 30
\BOOKMARK [2][-]{subsection.1.6.4}{\376\377\006\107\006\105\006\107\040\014\006\176\006\061\006\063\006\314\000\040\006\110\000\040\006\105\006\064\006\061\006\110\006\071\006\314\006\052\040\014\006\063\006\047\006\062\006\314}{section.1.6}% 31
\BOOKMARK [1][-]{section.1.7}{\376\377\006\047\006\105\006\176\006\061\006\047\006\052\006\110\006\061\006\314\000\040\006\057\006\110\006\105\000\040\000\050\006\361\006\370\006\365\006\362\000-\006\361\006\370\006\367\006\360\000\051}{chapter.1}% 32
\BOOKMARK [2][-]{subsection.1.7.1}{\376\377\006\105\006\047\006\107\006\314\006\052\000\040\006\061\006\230\006\314\006\105}{section.1.7}% 33
\BOOKMARK [2][-]{subsection.1.7.2}{\376\377\006\057\006\110\006\061\006\107\040\014\006\050\006\106\006\057\006\314\000\040\006\047\006\105\006\176\006\061\006\047\006\052\006\110\006\061\006\314}{section.1.7}% 34
\BOOKMARK [2][-]{subsection.1.7.3}{\376\377\006\052\006\055\006\110\006\104\006\047\006\052\000\040\006\047\006\102\006\052\006\065\006\047\006\057\006\314}{section.1.7}% 35
\BOOKMARK [2][-]{subsection.1.7.4}{\376\377\006\063\006\314\006\047\006\063\006\052\000\040\006\056\006\047\006\061\006\054\006\314}{section.1.7}% 36
\BOOKMARK [2][-]{subsection.1.7.5}{\376\377\006\104\006\314\006\050\006\061\006\047\006\104\006\314\006\062\006\047\006\063\006\314\006\110\006\106\000\040\006\057\006\107\006\107\000\040\006\361\006\370\006\366\006\360}{section.1.7}% 37
\BOOKMARK [2][-]{subsection.1.7.6}{\376\377\006\047\006\176\006\110\006\062\006\314\006\063\006\314\006\110\006\106}{section.1.7}% 38
\BOOKMARK [1][-]{section.1.8}{\376\377\006\063\006\102\006\110\006\067\000\040\006\047\006\105\006\176\006\061\006\047\006\052\006\110\006\061\006\314\000\040\000\050\006\361\006\370\006\367\006\360\000\051}{chapter.1}% 39
\BOOKMARK [2][-]{subsection.1.8.1}{\376\377\006\050\006\055\006\061\006\047\006\106\000\040\006\054\006\047\006\106\006\064\006\314\006\106\006\314\000\040\006\047\006\063\006\176\006\047\006\106\006\314\006\047}{section.1.8}% 40
\BOOKMARK [2][-]{subsection.1.8.2}{\376\377\006\101\006\047\006\054\006\071\006\107\000\040\006\106\006\070\006\047\006\105\006\314}{section.1.8}% 41
\BOOKMARK [2][-]{subsection.1.8.3}{\376\377\006\063\006\102\006\110\006\067\000\040\006\047\006\105\006\176\006\061\006\047\006\052\006\110\006\061\006\314\000\040\006\110\000\040\006\047\006\071\006\104\006\047\006\105\000\040\006\054\006\105\006\107\006\110\006\061\006\314}{section.1.8}% 42
\BOOKMARK [1][-]{section.1.9}{\376\377\006\052\006\055\006\104\006\314\006\104\000\040\006\067\006\050\006\102\006\047\006\052\006\314\000\040\006\110\000\040\006\047\006\314\006\057\006\046\006\110\006\104\006\110\006\230\006\314\006\251}{chapter.1}% 43
\BOOKMARK [2][-]{subsection.1.9.1}{\376\377\006\052\006\055\006\110\006\104\000\040\006\063\006\047\006\056\006\052\006\047\006\061\000\040\006\067\006\050\006\102\006\047\006\052\006\314}{section.1.9}% 44
\BOOKMARK [2][-]{subsection.1.9.2}{\376\377\006\106\006\102\006\064\006\107\000\040\006\047\006\314\006\057\006\046\006\110\006\104\006\110\006\230\006\314\006\251}{section.1.9}% 45
\BOOKMARK [2][-]{subsection.1.9.3}{\376\377\006\054\006\061\006\314\006\047\006\106\040\014\006\107\006\047\006\314\000\040\006\101\006\251\006\061\006\314\000\040\006\047\006\065\006\104\006\314}{section.1.9}% 46
\BOOKMARK [1][-]{section.1.10}{\376\377\006\106\006\102\006\064\000\040\006\067\006\050\006\102\006\107\000\040\006\251\006\047\006\061\006\257\006\061\000\040\006\054\006\057\006\314\006\057}{chapter.1}% 47
\BOOKMARK [2][-]{subsection.1.10.1}{\376\377\006\064\006\251\006\104\040\014\006\257\006\314\006\061\006\314\000\040\006\067\006\050\006\102\006\107\000\040\006\251\006\047\006\061\006\257\006\061}{section.1.10}% 48
\BOOKMARK [2][-]{subsection.1.10.2}{\376\377\006\064\006\061\006\047\006\314\006\067\000\040\006\062\006\106\006\057\006\257\006\314\000\040\006\110\000\040\006\251\006\047\006\061}{section.1.10}% 49
\BOOKMARK [2][-]{subsection.1.10.3}{\376\377\006\063\006\047\006\062\006\105\006\047\006\106\040\014\006\314\006\047\006\050\006\314\000\040\006\251\006\047\006\061\006\257\006\061\006\314}{section.1.10}% 50
\BOOKMARK [2][-]{subsection.1.10.4}{\376\377\006\042\006\257\006\047\006\107\006\314\000\040\006\067\006\050\006\102\006\047\006\052\006\314}{section.1.10}% 51
\BOOKMARK [1][-]{section.1.11}{\376\377\006\056\006\067\000\040\006\062\006\105\006\047\006\106\006\314\000\040\006\054\006\047\006\105\006\071}{chapter.1}% 52
\BOOKMARK [1][-]{section.1.12}{\376\377\006\106\006\102\006\064\006\107\000\040\006\105\006\101\006\107\006\110\006\105\006\314\000:\000\040\006\206\006\061\006\056\006\107\040\014\006\107\006\047\006\314\000\040\006\047\006\106\006\102\006\104\006\047\006\050}{chapter.1}% 53
\BOOKMARK [1][-]{section.1.13}{\376\377\006\047\006\104\006\257\006\110\006\107\006\047\000\040\006\110\000\040\006\057\006\061\006\063\040\014\006\107\006\047}{chapter.1}% 54
\BOOKMARK [1][-]{section.1.14}{\376\377\006\054\006\105\006\071\040\014\006\050\006\106\006\057\006\314\000\040\006\101\006\065\006\104}{chapter.1}% 55
\BOOKMARK [1][-]{section.1.14}{\376\377\006\105\006\106\006\047\006\050\006\071\000\040\006\101\006\065\006\104}{chapter.1}% 56
