\BOOKMARK [0][-]{chapter.1}{\376\377\006\110\006\314\006\064\006\314\000\040\006\110\000\040\006\054\006\105\006\107\006\110\006\061\006\314\000\040\006\206\006\107\006\047\006\061\006\105\000\040\000\050\006\361\006\371\006\364\006\360\000-\006\361\006\371\006\365\006\370\000\051}{}% 1
\BOOKMARK [1][-]{section.1.1}{\376\377\006\101\006\061\006\047\006\106\006\063\006\107\000\040\006\110\006\314\006\064\006\314\000\040\000\050\006\361\006\371\006\364\006\360\000-\006\361\006\371\006\364\006\364\000\051}{chapter.1}% 2
\BOOKMARK [2][-]{subsection.1.1.1}{\376\377\006\052\006\110\006\104\006\057\000\040\006\061\006\230\006\314\006\105}{section.1.1}% 3
\BOOKMARK [2][-]{subsection.1.1.2}{\376\377\006\063\006\047\006\056\006\052\006\047\006\061\000\040\006\061\006\230\006\314\006\105}{section.1.1}% 4
\BOOKMARK [2][-]{subsection.1.1.3}{\376\377\006\052\006\102\006\063\006\314\006\105\000\040\006\101\006\061\006\047\006\106\006\063\006\107}{section.1.1}% 5
\BOOKMARK [2][-]{subsection.1.1.4}{\376\377\000\253\006\047\006\106\006\102\006\104\006\047\006\050\000\040\006\105\006\104\006\314\000\273}{section.1.1}% 6
\BOOKMARK [2][-]{subsection.1.1.5}{\376\377\006\107\006\105\006\251\006\047\006\061\006\314\000\040\006\050\006\047\000\040\006\042\006\104\006\105\006\047\006\106}{section.1.1}% 7
\BOOKMARK [2][-]{subsection.1.1.6}{\376\377\006\314\006\107\006\110\006\057\006\063\006\052\006\314\006\062\006\314\000\040\006\110\000\040\006\107\006\110\006\104\006\110\006\251\006\047\006\063\006\052}{section.1.1}% 8
\BOOKMARK [2][-]{subsection.1.1.7}{\376\377\006\251\006\047\006\061\000\040\006\047\006\054\006\050\006\047\006\061\006\314\000\040\000\050\000S\000T\000O\000\051}{section.1.1}% 9
\BOOKMARK [1][-]{section.1.2}{\376\377\006\105\006\102\006\047\006\110\006\105\006\052\000\040\000\050\006\361\006\371\006\364\006\360\000-\006\361\006\371\006\364\006\364\000\051}{chapter.1}% 10
\BOOKMARK [2][-]{subsection.1.2.1}{\376\377\006\101\006\061\006\047\006\106\006\063\006\107\000\040\006\042\006\062\006\047\006\057\000\040\006\110\000\040\006\057\006\110\006\257\006\104}{section.1.2}% 11
\BOOKMARK [2][-]{subsection.1.2.2}{\376\377\006\052\006\055\006\110\006\104\000\040\006\101\006\061\006\047\006\106\006\063\006\107\000\040\006\042\006\062\006\047\006\057}{section.1.2}% 12
\BOOKMARK [2][-]{subsection.1.2.3}{\376\377\006\105\006\102\006\047\006\110\006\105\006\052\000\040\006\057\006\047\006\056\006\104\006\314}{section.1.2}% 13
\BOOKMARK [2][-]{subsection.1.2.4}{\376\377\006\050\006\061\006\106\006\047\006\105\006\107\000\040\006\064\006\110\006\061\006\047\006\314\000\040\006\105\006\104\006\314\000\040\006\105\006\102\006\047\006\110\006\105\006\052\000\040\000\050\006\105\006\047\006\061\006\063\000\040\006\361\006\371\006\364\006\364\000\051}{section.1.2}% 14
\BOOKMARK [2][-]{subsection.1.2.5}{\376\377\006\106\006\050\006\061\006\057\000\040\006\110\000\040\006\042\006\062\006\047\006\057\006\314}{section.1.2}% 15
\BOOKMARK [1][-]{section.1.3}{\376\377\006\057\006\110\006\104\006\052\000\040\006\105\006\110\006\102\006\052\000\040\006\110\000\040\006\052\006\065\006\101\006\314\006\107\000\040\000\050\006\361\006\371\006\364\006\364\000-\006\361\006\371\006\364\006\366\000\051}{chapter.1}% 16
\BOOKMARK [2][-]{subsection.1.3.1}{\376\377\006\057\006\110\006\104\006\052\000\040\006\105\006\110\006\102\006\052\000\040\006\054\006\105\006\107\006\110\006\061\006\314\000\040\006\101\006\061\006\047\006\106\006\063\006\107\000\040\000\050\000G\000P\000R\000F\000\051}{section.1.3}% 17
\BOOKMARK [2][-]{subsection.1.3.2}{\376\377\006\052\006\065\006\101\006\314\006\107\000\040\000\050\000\311\000p\000u\000r\000a\000t\000i\000o\000n\000\051}{section.1.3}% 18
\BOOKMARK [2][-]{subsection.1.3.3}{\376\377\006\047\006\063\006\052\006\071\006\101\006\047\006\314\000\040\006\057\006\110\006\257\006\104\000\040\000\050\006\230\006\047\006\106\006\110\006\314\006\107\000\040\006\361\006\371\006\364\006\366\000\051}{section.1.3}% 19
\BOOKMARK [1][-]{section.1.4}{\376\377\006\054\006\105\006\107\006\110\006\061\006\314\000\040\006\206\006\107\006\047\006\061\006\105\000\040\000\050\006\361\006\371\006\364\006\366\000-\006\361\006\371\006\365\006\370\000\051}{chapter.1}% 20
\BOOKMARK [2][-]{subsection.1.4.1}{\376\377\006\052\006\043\006\063\006\314\006\063}{section.1.4}% 21
\BOOKMARK [2][-]{subsection.1.4.2}{\376\377\006\063\006\107\040\014\006\054\006\047\006\106\006\050\006\107\040\014\006\257\006\061\006\047\006\314\006\314\000\040\000\050\006\361\006\371\006\364\006\364\000-\006\361\006\371\006\364\006\367\000\051}{section.1.4}% 22
\BOOKMARK [2][-]{subsection.1.4.3}{\376\377\006\054\006\106\006\257\000\040\006\063\006\061\006\057\000\040\006\110\000\040\006\176\006\047\006\314\006\047\006\106\000\040\006\063\006\107\040\014\006\054\006\047\006\106\006\050\006\107\040\014\006\257\006\061\006\047\006\314\006\314\000\040\000\050\006\361\006\371\006\364\006\367\000\051}{section.1.4}% 23
\BOOKMARK [2][-]{subsection.1.4.4}{\376\377\000\253\006\106\006\314\006\061\006\110\006\314\000\040\006\063\006\110\006\105\000\273\000\040\006\110\000\040\006\050\006\314\040\014\006\053\006\050\006\047\006\052\006\314}{section.1.4}% 24
\BOOKMARK [2][-]{subsection.1.4.5}{\376\377\006\057\006\063\006\052\006\047\006\110\006\061\006\057\006\107\006\047\006\314\000\040\006\047\006\102\006\052\006\065\006\047\006\057\006\314}{section.1.4}% 25
\BOOKMARK [2][-]{subsection.1.4.6}{\376\377\006\042\006\072\006\047\006\062\000\040\006\047\006\052\006\055\006\047\006\057\006\314\006\107\000\040\006\047\006\061\006\110\006\176\006\047}{section.1.4}% 26
\BOOKMARK [1][-]{section.1.5}{\376\377\006\054\006\106\006\257\040\014\006\107\006\047\006\314\000\040\006\047\006\063\006\052\006\071\006\105\006\047\006\061\006\314}{chapter.1}% 27
\BOOKMARK [2][-]{subsection.1.5.1}{\376\377\006\107\006\106\006\057\006\110\006\206\006\314\006\106\000\040\000\050\006\361\006\371\006\364\006\366\000-\006\361\006\371\006\365\006\364\000\051}{section.1.5}% 28
\BOOKMARK [2][-]{subsection.1.5.2}{\376\377\006\064\006\061\006\110\006\071\000\040\006\054\006\106\006\257\000\040\006\047\006\104\006\054\006\062\006\047\006\314\006\061\000\040\000\050\006\361\006\371\006\365\006\364\000\051}{section.1.5}% 29
\BOOKMARK [1][-]{section.1.6}{\376\377\006\063\006\102\006\110\006\067\000\040\006\054\006\105\006\107\006\110\006\061\006\314\000\040\006\206\006\107\006\047\006\061\006\105\000\040\000\050\006\361\006\371\006\365\006\370\000\051}{chapter.1}% 30
\BOOKMARK [2][-]{subsection.1.6.1}{\376\377\006\050\006\055\006\061\006\047\006\106\000\040\006\105\006\107\000\040\006\361\006\371\006\365\006\370}{section.1.6}% 31
\BOOKMARK [2][-]{subsection.1.6.2}{\376\377\006\206\006\257\006\110\006\106\006\107\000\040\006\057\006\110\006\257\006\104\000\040\006\050\006\047\006\062\006\257\006\064\006\052\006\037}{section.1.6}% 32
\BOOKMARK [2][-]{subsection.1.6.3}{\376\377\006\176\006\047\006\314\006\047\006\106\000\040\006\054\006\105\006\107\006\110\006\061\006\314\000\040\006\206\006\107\006\047\006\061\006\105}{section.1.6}% 33
\BOOKMARK [1][-]{section.1.7}{\376\377\006\056\006\067\000\040\006\062\006\105\006\047\006\106\006\314\000\040\006\054\006\047\006\105\006\071}{chapter.1}% 34
\BOOKMARK [1][-]{section.1.8}{\376\377\006\052\006\055\006\104\006\314\006\104\000:\000\040\006\110\006\314\006\064\006\314\000\040\006\057\006\061\000\040\006\055\006\047\006\101\006\070\006\107\000\040\006\105\006\104\006\314}{chapter.1}% 35
\BOOKMARK [1][-]{section.1.9}{\376\377\006\047\006\104\006\257\006\110\006\107\006\047\000\040\006\110\000\040\006\057\006\061\006\063\040\014\006\107\006\047}{chapter.1}% 36
\BOOKMARK [1][-]{section.1.10}{\376\377\006\106\006\102\006\064\006\107\000\040\006\105\006\101\006\107\006\110\006\105\006\314\000:\000\040\006\105\006\063\006\046\006\104\006\107\000\040\006\105\006\064\006\061\006\110\006\071\006\314\006\052}{chapter.1}% 37
\BOOKMARK [1][-]{section.1.11}{\376\377\006\054\006\105\006\071\040\014\006\050\006\106\006\057\006\314\000\040\006\101\006\065\006\104}{chapter.1}% 38
\BOOKMARK [1][-]{section.1.11}{\376\377\006\105\006\106\006\047\006\050\006\071\000\040\006\101\006\065\006\104}{chapter.1}% 39
