\BOOKMARK [0][-]{chapter.1}{\376\377\006\061\006\230\006\314\006\105\000\040\006\102\006\057\006\314\006\105\000\040\006\110\000\040\006\061\006\314\006\064\006\107\040\014\006\107\006\047\006\314\000\040\006\047\006\106\006\102\006\104\006\047\006\050}{}% 1
\BOOKMARK [1][-]{section.1.1}{\376\377\006\061\006\230\006\314\006\105\000\040\006\102\006\057\006\314\006\105\000\040\006\206\006\314\006\063\006\052\006\037}{chapter.1}% 2
\BOOKMARK [1][-]{section.1.2}{\376\377\006\063\006\047\006\056\006\052\006\047\006\061\000\040\006\063\006\107\040\014\006\257\006\047\006\106\006\107\000\040\006\054\006\047\006\105\006\071\006\107}{chapter.1}% 3
\BOOKMARK [2][-]{subsection.1.2.1}{\376\377\006\067\006\050\006\102\006\107\000\040\006\047\006\110\006\104\000:\000\040\006\061\006\110\006\055\006\047\006\106\006\314\006\110\006\106\000\040\000\050\000L\000e\000\040\000C\000l\000e\000r\000g\000\351\000\051}{section.1.2}% 4
\BOOKMARK [2][-]{subsection.1.2.2}{\376\377\006\067\006\050\006\102\006\107\000\040\006\057\006\110\006\105\000:\000\040\006\047\006\064\006\061\006\047\006\101\000\040\000\050\000L\000a\000\040\000N\000o\000b\000l\000e\000s\000s\000e\000\051}{section.1.2}% 5
\BOOKMARK [2][-]{subsection.1.2.3}{\376\377\006\067\006\050\006\102\006\107\000\040\006\063\006\110\006\105\000:\000\040\006\071\006\110\006\047\006\105\000\040\000\050\000L\000e\000\040\000T\000i\000e\000r\000s\000\040\000\311\000t\000a\000t\000\051}{section.1.2}% 6
\BOOKMARK [1][-]{section.1.3}{\376\377\006\106\006\070\006\047\006\105\000\040\006\063\006\314\006\047\006\063\006\314\000:\000\040\006\063\006\104\006\067\006\106\006\052\000\040\006\105\006\067\006\104\006\102\006\107}{chapter.1}% 7
\BOOKMARK [2][-]{subsection.1.3.1}{\376\377\006\106\006\070\006\061\006\314\006\107\000\040\006\063\006\104\006\067\006\106\006\052\000\040\006\105\006\067\006\104\006\102\006\107}{section.1.3}% 8
\BOOKMARK [2][-]{subsection.1.3.2}{\376\377\006\110\006\047\006\102\006\071\006\314\006\052\000:\000\040\006\105\006\055\006\057\006\110\006\057\006\314\006\052\040\014\006\107\006\047\006\314\000\040\006\071\006\105\006\104\006\314}{section.1.3}% 9
\BOOKMARK [2][-]{subsection.1.3.3}{\376\377\006\176\006\047\006\061\006\104\006\105\006\047\006\106\040\014\006\107\006\047\000:\000\040\006\105\006\102\006\047\006\110\006\105\006\052\000\040\006\106\006\107\006\047\006\057\006\314}{section.1.3}% 10
\BOOKMARK [1][-]{section.1.4}{\376\377\006\106\006\070\006\047\006\105\000\040\006\047\006\102\006\052\006\065\006\047\006\057\006\314\000:\000\040\006\101\006\046\006\110\006\057\006\047\006\104\006\314\006\063\006\105\000\040\006\105\006\052\006\043\006\056\006\061}{chapter.1}% 11
\BOOKMARK [2][-]{subsection.1.4.1}{\376\377\006\063\006\047\006\056\006\052\006\047\006\061\000\040\006\251\006\064\006\047\006\110\006\061\006\062\006\314}{section.1.4}% 12
\BOOKMARK [2][-]{subsection.1.4.2}{\376\377\006\055\006\102\006\110\006\102\000\040\006\101\006\046\006\110\006\057\006\047\006\104\006\314\000:\000\040\006\050\006\047\006\061\000\040\006\050\006\061\000\040\006\057\006\110\006\064\000\040\006\057\006\107\006\102\006\047\006\106\006\047\006\106}{section.1.4}% 13
\BOOKMARK [1][-]{section.1.5}{\376\377\006\106\006\070\006\047\006\105\000\040\006\105\006\047\006\104\006\314\006\047\006\052\006\314\000:\000\040\006\102\006\104\006\050\000\040\006\105\006\064\006\251\006\104}{chapter.1}% 14
\BOOKMARK [2][-]{subsection.1.5.1}{\376\377\006\047\006\106\006\110\006\047\006\071\000\040\006\105\006\047\006\104\006\314\006\047\006\052\040\014\006\107\006\047}{section.1.5}% 15
\BOOKMARK [2][-]{subsection.1.5.2}{\376\377\006\106\006\047\006\050\006\061\006\047\006\050\006\061\006\314\000\040\006\105\006\047\006\104\006\314\006\047\006\052\006\314\000:\000\040\006\061\006\314\006\064\006\107\000\040\006\056\006\064\006\105}{section.1.5}% 16
\BOOKMARK [1][-]{section.1.6}{\376\377\006\050\006\055\006\061\006\047\006\106\000\040\006\105\006\047\006\104\006\314\000:\000\040\006\064\006\052\006\047\006\050\040\014\006\057\006\107\006\106\006\057\006\107\000\040\006\047\006\106\006\102\006\104\006\047\006\050}{chapter.1}% 17
\BOOKMARK [2][-]{subsection.1.6.1}{\376\377\006\061\006\314\006\064\006\107\040\014\006\107\006\047\006\314\000\040\006\050\006\055\006\061\006\047\006\106}{section.1.6}% 18
\BOOKMARK [2][-]{subsection.1.6.2}{\376\377\006\251\006\105\006\251\000\040\006\050\006\107\000\040\006\047\006\106\006\102\006\104\006\047\006\050\000\040\006\042\006\105\006\061\006\314\006\251\006\047\000:\000\040\006\050\006\110\006\105\006\061\006\106\006\257\000\040\006\052\006\047\006\061\006\314\006\056}{section.1.6}% 19
\BOOKMARK [2][-]{subsection.1.6.3}{\376\377\006\052\006\104\006\047\006\064\040\014\006\107\006\047\006\314\000\040\006\047\006\065\006\104\006\047\006\055\006\314\000\040\006\106\006\047\006\251\006\047\006\105}{section.1.6}% 20
\BOOKMARK [1][-]{section.1.7}{\376\377\000\253\006\064\006\110\006\061\006\064\000\040\006\047\006\064\006\061\006\047\006\101\006\314\000\273\000\040\006\361\006\367\006\370\006\367\000-\006\361\006\367\006\370\006\370}{chapter.1}% 21
\BOOKMARK [1][-]{section.1.8}{\376\377\006\050\006\055\006\061\006\047\006\106\000\040\006\047\006\102\006\052\006\065\006\047\006\057\006\314\000\040\006\361\006\367\006\370\006\370\000-\006\361\006\367\006\370\006\371}{chapter.1}% 22
\BOOKMARK [1][-]{section.1.9}{\376\377\006\101\006\061\006\047\006\056\006\110\006\047\006\106\000\040\006\105\006\054\006\104\006\063\000\040\006\067\006\050\006\102\006\047\006\052}{chapter.1}% 23
\BOOKMARK [2][-]{subsection.1.9.1}{\376\377\006\105\006\054\006\104\006\063\000\040\006\067\006\050\006\102\006\047\006\052\000\040\006\206\006\314\006\063\006\052\006\037}{section.1.9}% 24
\BOOKMARK [2][-]{subsection.1.9.2}{\376\377\006\050\006\055\006\053\000\040\000\253\006\057\006\110\000\040\006\050\006\061\006\047\006\050\006\061\000\040\006\064\006\057\006\106\000\273}{section.1.9}% 25
\BOOKMARK [2][-]{subsection.1.9.3}{\376\377\006\057\006\101\006\047\006\052\006\061\000\040\006\064\006\251\006\047\006\314\006\047\006\052\000\040\000\050\000C\000a\000h\000i\000e\000r\000s\000\040\000d\000e\000\040\000d\000o\000l\000\351\000a\000n\000c\000e\000s\000\051}{section.1.9}% 26
\BOOKMARK [1][-]{section.1.10}{\376\377\006\206\006\061\006\047\000\040\006\061\006\230\006\314\006\105\000\040\006\102\006\057\006\314\006\105\000\040\006\047\006\065\006\104\006\047\006\055\040\014\006\106\006\047\006\176\006\060\006\314\006\061\000\040\006\050\006\110\006\057\006\037}{chapter.1}% 27
\BOOKMARK [2][-]{subsection.1.10.1}{\376\377\006\052\006\055\006\104\006\314\006\104\000\040\006\052\006\110\006\251\006\110\006\314\006\104\000:\000\040\006\052\006\105\006\061\006\251\006\062\000\040\006\050\006\057\006\110\006\106\000\040\006\106\006\105\006\047\006\314\006\106\006\057\006\257\006\314}{section.1.10}% 28
\BOOKMARK [2][-]{subsection.1.10.2}{\376\377\006\052\006\055\006\104\006\314\006\104\000\040\006\105\006\047\006\061\006\251\006\063\006\314\006\063\006\052\006\314\000:\000\040\006\052\006\071\006\047\006\061\006\066\000\040\006\067\006\050\006\102\006\047\006\052\006\314}{section.1.10}% 29
\BOOKMARK [2][-]{subsection.1.10.3}{\376\377\006\052\006\055\006\104\006\314\006\104\000\040\000\253\006\052\006\054\006\057\006\314\006\057\006\106\006\070\006\061\006\067\006\104\006\050\000\273\000:\000\040\006\101\006\061\006\107\006\106\006\257\000\040\006\063\006\314\006\047\006\063\006\314}{section.1.10}% 30
\BOOKMARK [1][-]{section.1.11}{\376\377\006\104\006\110\006\314\006\314\000\040\006\064\006\047\006\106\006\062\006\057\006\107\006\105\000:\000\040\006\064\006\047\006\107\000\040\006\106\006\047\006\105\006\106\006\047\006\063\006\050\000\040\006\050\006\061\006\047\006\314\000\040\006\062\006\105\006\047\006\106\006\107}{chapter.1}% 31
\BOOKMARK [1][-]{section.1.12}{\376\377\006\105\006\047\006\061\006\314\000\040\006\042\006\106\006\052\006\110\006\047\006\106\006\052\000:\000\040\006\105\006\104\006\251\006\107\000\040\006\105\006\106\006\101\006\110\006\061}{chapter.1}% 32
\BOOKMARK [1][-]{section.1.13}{\376\377\006\063\006\047\006\104\000\040\006\063\006\061\006\106\006\110\006\064\006\052\040\014\006\063\006\047\006\062\000:\000\040\006\361\006\367\006\370\006\370}{chapter.1}% 33
\BOOKMARK [1][-]{section.1.14}{\376\377\006\042\006\063\006\052\006\047\006\106\006\107\000\040\006\047\006\106\006\102\006\104\006\047\006\050\000:\000\040\006\062\006\105\006\063\006\052\006\047\006\106\000\040\006\361\006\367\006\370\006\370\000-\006\370\006\371}{chapter.1}% 34
\BOOKMARK [1][-]{section.1.15}{\376\377\006\105\006\106\006\047\006\050\006\071\000\040\006\101\006\065\006\104\000\040\006\057\006\110\006\105}{chapter.1}% 35
\BOOKMARK [2][-]{subsection.1.15.1}{\376\377\006\105\006\106\006\047\006\050\006\071\000\040\006\047\006\110\006\104\006\314\006\107}{section.1.15}% 36
\BOOKMARK [2][-]{subsection.1.15.2}{\376\377\006\105\006\106\006\047\006\050\006\071\000\040\006\053\006\047\006\106\006\110\006\314\006\107}{section.1.15}% 37
