\BOOKMARK [0][-]{chapter.1}{\376\377\006\047\006\106\006\102\006\104\006\047\006\050\000\040\006\251\006\050\006\314\006\061\000\040\000\050\006\361\006\367\006\370\006\371\000-\006\361\006\367\006\371\006\371\000\051}{}% 1
\BOOKMARK [1][-]{section.1.1}{\376\377\006\057\006\110\006\061\006\107\040\014\006\050\006\106\006\057\006\314\000\040\006\047\006\106\006\102\006\104\006\047\006\050}{chapter.1}% 2
\BOOKMARK [1][-]{section.1.2}{\376\377\006\105\006\054\006\104\006\063\000\040\006\067\006\050\006\102\006\047\006\052\000\040\006\110\000\040\006\052\006\110\006\104\006\057\000\040\006\047\006\106\006\102\006\104\006\047\006\050\000\040\000\050\006\105\006\107\000-\006\230\006\110\006\046\006\314\006\107\000\040\006\361\006\367\006\370\006\371\000\051}{chapter.1}% 3
\BOOKMARK [2][-]{subsection.1.2.1}{\376\377\006\257\006\064\006\047\006\314\006\064\000\040\006\105\006\054\006\104\006\063\000\040\006\067\006\050\006\102\006\047\006\052\000:\000\040\006\365\000\040\006\105\006\107\000\040\006\361\006\367\006\370\006\371}{section.1.2}% 4
\BOOKMARK [2][-]{subsection.1.2.2}{\376\377\006\052\006\064\006\251\006\314\006\104\000\040\006\105\006\054\006\104\006\063\000\040\006\105\006\104\006\314\000:\000\040\006\361\006\367\000\040\006\230\006\110\006\046\006\106\000\040\006\361\006\367\006\370\006\371}{section.1.2}% 5
\BOOKMARK [2][-]{subsection.1.2.3}{\376\377\006\063\006\110\006\257\006\106\006\057\000\040\006\230\006\110\006\057\006\110\006\176\006\110\006\105\000:\000\040\006\362\006\360\000\040\006\230\006\110\006\046\006\106\000\040\006\361\006\367\006\370\006\371}{section.1.2}% 6
\BOOKMARK [2][-]{subsection.1.2.4}{\376\377\006\052\006\063\006\104\006\314\006\105\000\040\006\064\006\047\006\107\000:\000\040\006\362\006\367\000\040\006\230\006\110\006\046\006\106\000\040\006\361\006\367\006\370\006\371}{section.1.2}% 7
\BOOKMARK [1][-]{section.1.3}{\376\377\006\063\006\102\006\110\006\067\000\040\006\050\006\047\006\063\006\052\006\314\006\104\000:\000\040\006\361\006\364\000\040\006\230\006\110\006\046\006\314\006\107\000\040\006\361\006\367\006\370\006\371}{chapter.1}% 8
\BOOKMARK [2][-]{subsection.1.3.1}{\376\377\006\062\006\105\006\314\006\106\006\107\040\014\006\107\006\047}{section.1.3}% 9
\BOOKMARK [2][-]{subsection.1.3.2}{\376\377\006\061\006\110\006\062\000\040\006\063\006\061\006\106\006\110\006\064\006\052\040\014\006\063\006\047\006\062}{section.1.3}% 10
\BOOKMARK [1][-]{section.1.4}{\376\377\006\110\006\055\006\064\006\052\000\040\006\050\006\062\006\061\006\257\000\040\006\110\000\040\006\064\006\050\000\040\006\364\000\040\006\047\006\110\006\052\000\040\006\361\006\367\006\370\006\371}{chapter.1}% 11
\BOOKMARK [2][-]{subsection.1.4.1}{\376\377\006\110\006\055\006\064\006\052\000\040\006\050\006\062\006\061\006\257\000\040\000\050\000G\000r\000a\000n\000d\000e\000\040\000P\000e\000u\000r\000\051}{section.1.4}% 12
\BOOKMARK [2][-]{subsection.1.4.2}{\376\377\006\064\006\050\000\040\006\364\000\040\006\047\006\110\006\052\000:\000\040\006\176\006\047\006\314\006\047\006\106\000\040\006\101\006\046\006\110\006\057\006\047\006\104\006\314\006\063\006\105}{section.1.4}% 13
\BOOKMARK [1][-]{section.1.5}{\376\377\006\047\006\071\006\104\006\047\006\105\006\314\006\107\000\040\006\055\006\102\006\110\006\102\000\040\006\050\006\064\006\061\000\040\006\110\000\040\006\064\006\107\006\061\006\110\006\106\006\057\000:\000\040\006\362\006\366\000\040\006\047\006\110\006\052\000\040\006\361\006\367\006\370\006\371}{chapter.1}% 14
\BOOKMARK [1][-]{section.1.6}{\376\377\006\061\006\047\006\107\006\176\006\314\006\105\006\047\006\314\006\314\000\040\006\050\006\107\000\040\006\110\006\061\006\063\006\047\006\314\000:\000\040\006\365\000-\006\366\000\040\006\047\006\251\006\052\006\050\006\061\000\040\006\361\006\367\006\370\006\371}{chapter.1}% 15
\BOOKMARK [1][-]{section.1.7}{\376\377\006\057\006\110\006\061\006\107\000\040\006\063\006\104\006\067\006\106\006\052\000\040\006\105\006\064\006\061\006\110\006\067\006\107\000\040\000\050\006\361\006\367\006\370\006\371\000-\006\361\006\367\006\371\006\362\000\051}{chapter.1}% 16
\BOOKMARK [2][-]{subsection.1.7.1}{\376\377\006\047\006\065\006\104\006\047\006\055\006\047\006\052\000\040\006\105\006\054\006\104\006\063\000\040\006\105\006\044\006\063\006\063\006\047\006\106}{section.1.7}% 17
\BOOKMARK [2][-]{subsection.1.7.2}{\376\377\006\106\006\070\006\047\006\105\040\014\006\106\006\047\006\105\006\107\000\040\006\105\006\057\006\106\006\314\000\040\006\061\006\110\006\055\006\047\006\106\006\314\006\110\006\106\000:\000\040\006\047\006\064\006\052\006\050\006\047\006\107\000\040\006\050\006\062\006\061\006\257}{section.1.7}% 18
\BOOKMARK [2][-]{subsection.1.7.3}{\376\377\006\102\006\047\006\106\006\110\006\106\000\040\006\047\006\063\006\047\006\063\006\314\000\040\006\361\006\367\006\371\006\361}{section.1.7}% 19
\BOOKMARK [2][-]{subsection.1.7.4}{\376\377\006\101\006\061\006\047\006\061\000\040\006\050\006\107\000\040\006\110\006\047\006\061\006\106\000:\000\040\006\362\006\360\000-\006\362\006\361\000\040\006\230\006\110\006\046\006\106\000\040\006\361\006\367\006\371\006\361}{section.1.7}% 20
\BOOKMARK [2][-]{subsection.1.7.5}{\376\377\006\251\006\064\006\052\006\047\006\061\000\040\006\064\006\047\006\106\040\014\006\057\006\110\040\014\006\105\006\047\006\061\006\063\000:\000\040\006\361\006\367\000\040\006\230\006\110\006\046\006\314\006\107\000\040\006\361\006\367\006\371\006\361}{section.1.7}% 21
\BOOKMARK [1][-]{section.1.8}{\376\377\006\054\006\106\006\257\000\040\006\110\000\040\006\063\006\102\006\110\006\067\000\040\006\063\006\104\006\067\006\106\006\052\000\040\000\050\006\361\006\367\006\371\006\362\000\051}{chapter.1}% 22
\BOOKMARK [2][-]{subsection.1.8.1}{\376\377\006\047\006\071\006\104\006\047\006\105\000\040\006\054\006\106\006\257\000:\000\040\006\362\006\360\000\040\006\042\006\110\006\061\006\314\006\104\000\040\006\361\006\367\006\371\006\362}{section.1.8}% 23
\BOOKMARK [2][-]{subsection.1.8.2}{\376\377\006\064\006\251\006\063\006\052\040\014\006\107\006\047\006\314\000\040\006\106\006\070\006\047\006\105\006\314\000\040\006\110\000\040\006\061\006\047\006\057\006\314\006\251\006\047\006\104\040\014\006\064\006\057\006\106}{section.1.8}% 24
\BOOKMARK [2][-]{subsection.1.8.3}{\376\377\006\361\006\360\000\040\006\047\006\110\006\052\000\040\006\361\006\367\006\371\006\362\000:\000\040\006\063\006\102\006\110\006\067\000\040\006\063\006\104\006\067\006\106\006\052}{section.1.8}% 25
\BOOKMARK [2][-]{subsection.1.8.4}{\376\377\006\251\006\064\006\052\006\047\006\061\000\040\006\063\006\176\006\052\006\047\006\105\006\050\006\061\000\040\006\361\006\367\006\371\006\362}{section.1.8}% 26
\BOOKMARK [1][-]{section.1.9}{\376\377\006\054\006\105\006\107\006\110\006\061\006\314\000\040\006\047\006\110\006\104\000\040\006\110\000\040\006\251\006\106\006\110\006\047\006\106\006\063\006\314\006\110\006\106\000\040\000\050\006\361\006\367\006\371\006\362\000-\006\361\006\367\006\371\006\365\000\051}{chapter.1}% 27
\BOOKMARK [2][-]{subsection.1.9.1}{\376\377\006\047\006\071\006\104\006\047\006\105\000\040\006\054\006\105\006\107\006\110\006\061\006\314\000:\000\040\006\362\006\361\000\040\006\063\006\176\006\052\006\047\006\105\006\050\006\061\000\040\006\361\006\367\006\371\006\362}{section.1.9}% 28
\BOOKMARK [2][-]{subsection.1.9.2}{\376\377\006\054\006\106\006\047\006\055\040\014\006\050\006\106\006\057\006\314\000\040\006\251\006\106\006\110\006\047\006\106\006\063\006\314\006\110\006\106}{section.1.9}% 29
\BOOKMARK [2][-]{subsection.1.9.3}{\376\377\006\105\006\055\006\047\006\251\006\105\006\107\000\040\006\110\000\040\006\047\006\071\006\057\006\047\006\105\000\040\006\104\006\110\006\314\006\314\000\040\006\064\006\047\006\106\006\062\006\057\006\107\006\105}{section.1.9}% 30
\BOOKMARK [1][-]{section.1.10}{\376\377\006\050\006\055\006\061\006\047\006\106\000\040\006\361\006\367\006\371\006\363\000:\000\040\006\054\006\105\006\107\006\110\006\061\006\314\000\040\006\057\006\061\000\040\006\105\006\055\006\047\006\065\006\061\006\107}{chapter.1}% 31
\BOOKMARK [2][-]{subsection.1.10.1}{\376\377\006\064\006\110\006\061\006\064\000\040\006\110\006\047\006\106\006\057\000\351\000:\000\040\006\054\006\106\006\257\000\040\006\057\006\047\006\056\006\104\006\314}{section.1.10}% 32
\BOOKMARK [2][-]{subsection.1.10.2}{\376\377\006\063\006\102\006\110\006\067\000\040\006\230\006\314\006\061\006\110\006\106\006\057\006\106\040\014\006\107\006\047\000:\000\040\006\362\000\040\006\230\006\110\006\046\006\106\000\040\006\361\006\367\006\371\006\363}{section.1.10}% 33
\BOOKMARK [1][-]{section.1.11}{\376\377\006\057\006\110\006\061\006\107\000\040\006\052\006\061\006\110\006\061\000\040\000\050\006\230\006\110\006\046\006\106\000\040\006\361\006\367\006\371\006\363\000\040\000-\000\040\006\230\006\110\006\046\006\314\006\107\000\040\006\361\006\367\006\371\006\364\000\051}{chapter.1}% 34
\BOOKMARK [2][-]{subsection.1.11.1}{\376\377\006\063\006\047\006\056\006\052\006\047\006\061\000\040\006\055\006\251\006\110\006\105\006\052\000\040\006\047\006\106\006\102\006\104\006\047\006\050\006\314}{section.1.11}% 35
\BOOKMARK [2][-]{subsection.1.11.2}{\376\377\006\102\006\047\006\106\006\110\006\106\000\040\006\105\006\070\006\106\006\110\006\106\006\314\006\106\000:\000\040\006\361\006\367\000\040\006\063\006\176\006\052\006\047\006\105\006\050\006\061\000\040\006\361\006\367\006\371\006\363}{section.1.11}% 36
\BOOKMARK [2][-]{subsection.1.11.3}{\376\377\006\047\006\102\006\052\006\065\006\047\006\057\000\040\006\054\006\106\006\257\006\314\000:\000\040\006\251\006\106\006\052\006\061\006\104\000\040\006\102\006\314\006\105\006\052\040\014\006\107\006\047}{section.1.11}% 37
\BOOKMARK [2][-]{subsection.1.11.4}{\376\377\000\253\006\054\006\105\006\107\006\110\006\061\006\314\000\040\006\101\006\066\006\314\006\104\006\052\000\273\000:\000\040\006\176\006\061\006\110\006\230\006\107\000\040\006\061\006\110\006\050\006\063\006\176\006\314\006\061}{section.1.11}% 38
\BOOKMARK [2][-]{subsection.1.11.5}{\376\377\006\042\006\105\006\047\006\061\000\040\006\052\006\061\006\110\006\061}{section.1.11}% 39
\BOOKMARK [2][-]{subsection.1.11.6}{\376\377\006\102\006\061\006\050\006\047\006\106\006\314\006\047\006\106\000\040\006\050\006\061\006\054\006\063\006\052\006\107}{section.1.11}% 40
\BOOKMARK [2][-]{subsection.1.11.7}{\376\377\006\105\006\047\006\251\006\063\006\314\006\105\006\314\006\104\006\314\006\047\006\106\000\040\006\061\006\110\006\050\006\063\006\176\006\314\006\061\000:\000\040\006\206\006\107\006\061\006\107\000\040\006\052\006\061\006\110\006\061}{section.1.11}% 41
\BOOKMARK [2][-]{subsection.1.11.8}{\376\377\006\054\006\064\006\106\000\040\006\105\006\110\006\054\006\110\006\057\000\040\006\050\006\061\006\052\006\061\000:\000\040\006\370\000\040\006\230\006\110\006\046\006\106\000\040\006\361\006\367\006\371\006\364}{section.1.11}% 42
\BOOKMARK [1][-]{section.1.12}{\376\377\006\063\006\102\006\110\006\067\000\040\006\061\006\110\006\050\006\063\006\176\006\314\006\061\000:\000\040\006\371\000\040\006\052\006\061\006\105\006\314\006\057\006\110\006\061\000\040\000\050\006\362\006\367\000\040\006\230\006\110\006\046\006\314\006\107\000\040\006\361\006\367\006\371\006\364\000\051}{chapter.1}% 43
\BOOKMARK [2][-]{subsection.1.12.1}{\376\377\006\206\006\061\006\047\000\040\006\061\006\110\006\050\006\063\006\176\006\314\006\061\000\040\006\063\006\102\006\110\006\067\000\040\006\251\006\061\006\057\006\037}{section.1.12}% 44
\BOOKMARK [2][-]{subsection.1.12.2}{\376\377\006\061\006\110\006\062\006\107\006\047\006\314\000\040\006\063\006\061\006\106\006\110\006\064\006\052\040\014\006\063\006\047\006\062}{section.1.12}% 45
\BOOKMARK [1][-]{section.1.13}{\376\377\006\110\006\047\006\251\006\106\006\064\000\040\006\052\006\061\006\105\006\314\006\057\006\110\006\061\006\314\000\040\006\110\000\040\006\057\006\047\006\314\006\061\006\251\006\052\006\110\006\047\006\061\000\040\000\050\006\361\006\367\006\371\006\364\000-\006\361\006\367\006\371\006\371\000\051}{chapter.1}% 46
\BOOKMARK [2][-]{subsection.1.13.1}{\376\377\006\057\006\110\006\061\006\107\000\040\006\052\006\061\006\105\006\314\006\057\006\110\006\061\006\314\000:\000\040\006\176\006\047\006\314\006\047\006\106\000\040\006\061\006\047\006\057\006\314\006\251\006\047\006\104\006\314\006\063\006\105}{section.1.13}% 47
\BOOKMARK [2][-]{subsection.1.13.2}{\376\377\000\253\006\052\006\061\006\110\006\061\000\040\006\063\006\101\006\314\006\057\000\273}{section.1.13}% 48
\BOOKMARK [2][-]{subsection.1.13.3}{\376\377\006\064\006\110\006\061\006\064\040\014\006\107\006\047\006\314\000\040\006\361\006\367\006\371\006\365}{section.1.13}% 49
\BOOKMARK [2][-]{subsection.1.13.4}{\376\377\006\102\006\047\006\106\006\110\006\106\000\040\006\047\006\063\006\047\006\063\006\314\000\040\006\063\006\047\006\104\000\040\006\063\006\110\006\105\000\040\000\050\006\361\006\367\006\371\006\365\000\051\000\040\006\110\000\040\006\057\006\047\006\314\006\061\006\251\006\052\006\110\006\047\006\061}{section.1.13}% 50
\BOOKMARK [2][-]{subsection.1.13.5}{\376\377\006\050\006\055\006\061\006\047\006\106\040\014\006\107\006\047\006\314\000\040\006\057\006\047\006\314\006\061\006\251\006\052\006\110\006\047\006\061}{section.1.13}% 51
\BOOKMARK [1][-]{section.1.14}{\376\377\006\251\006\110\006\057\006\052\006\047\006\314\000\040\006\050\006\061\006\110\006\105\006\061\000:\000\040\006\176\006\047\006\314\006\047\006\106\000\040\006\047\006\106\006\102\006\104\006\047\006\050\006\037}{chapter.1}% 52
\BOOKMARK [2][-]{subsection.1.14.1}{\376\377\006\361\006\370\000-\006\361\006\371\000\040\006\050\006\061\006\110\006\105\006\061\000\040\006\063\006\047\006\104\000\040\006\107\006\064\006\052\006\105\000\040\000\050\006\371\000-\006\361\006\360\000\040\006\106\006\110\006\047\006\105\006\050\006\061\000\040\006\361\006\367\006\371\006\371\000\051}{section.1.14}% 53
\BOOKMARK [1][-]{section.1.15}{\376\377\006\047\006\061\006\062\006\314\006\047\006\050\006\314\000:\000\040\006\047\006\106\006\102\006\104\006\047\006\050\000\040\006\206\006\107\000\040\006\251\006\061\006\057\006\037}{chapter.1}% 54
\BOOKMARK [1][-]{section.1.16}{\376\377\006\105\006\106\006\047\006\050\006\071\000\040\006\101\006\065\006\104\000\040\006\063\006\110\006\105}{chapter.1}% 55
\BOOKMARK [2][-]{subsection.1.16.1}{\376\377\006\105\006\106\006\047\006\050\006\071\000\040\006\047\006\110\006\104\006\314\006\107}{section.1.16}% 56
\BOOKMARK [2][-]{subsection.1.16.2}{\376\377\006\105\006\106\006\047\006\050\006\071\000\040\006\053\006\047\006\106\006\110\006\314\006\107}{section.1.16}% 57
