\BOOKMARK [0][-]{chapter.1}{\376\377\006\054\006\105\006\107\006\110\006\061\006\314\000\040\006\176\006\106\006\054\006\105\000\040\000\050\006\361\006\371\006\365\006\370\000-\006\362\006\360\006\362\006\364\000\051}{}% 1
\BOOKMARK [1][-]{section.1.1}{\376\377\006\052\006\043\006\063\006\314\006\063\000\040\006\054\006\105\006\107\006\110\006\061\006\314\000\040\006\176\006\106\006\054\006\105}{chapter.1}% 2
\BOOKMARK [2][-]{subsection.1.1.1}{\376\377\006\102\006\047\006\106\006\110\006\106\000\040\006\047\006\063\006\047\006\063\006\314\000\040\006\361\006\371\006\365\006\370}{section.1.1}% 3
\BOOKMARK [2][-]{subsection.1.1.2}{\376\377\006\047\006\106\006\052\006\056\006\047\006\050\000\040\006\105\006\063\006\052\006\102\006\314\006\105\000\040\006\061\006\046\006\314\006\063\040\014\006\054\006\105\006\107\006\110\006\061\000\040\000\050\006\361\006\371\006\366\006\362\000\051}{section.1.1}% 4
\BOOKMARK [1][-]{section.1.2}{\376\377\006\057\006\110\006\061\006\107\000\040\006\057\006\110\006\257\006\104\000\040\000\050\006\361\006\371\006\365\006\370\000-\006\361\006\371\006\366\006\371\000\051}{chapter.1}% 5
\BOOKMARK [2][-]{subsection.1.2.1}{\376\377\006\176\006\047\006\314\006\047\006\106\000\040\006\054\006\106\006\257\000\040\006\047\006\104\006\054\006\062\006\047\006\314\006\061}{section.1.2}% 6
\BOOKMARK [2][-]{subsection.1.2.2}{\376\377\006\063\006\314\006\047\006\063\006\052\000\040\006\056\006\047\006\061\006\054\006\314\000:\000\040\006\047\006\063\006\052\006\102\006\104\006\047\006\104\000\040\006\105\006\104\006\314}{section.1.2}% 7
\BOOKMARK [2][-]{subsection.1.2.3}{\376\377\006\105\006\057\006\061\006\106\006\314\006\062\006\047\006\063\006\314\006\110\006\106\000\040\006\047\006\102\006\052\006\065\006\047\006\057\006\314}{section.1.2}% 8
\BOOKMARK [2][-]{subsection.1.2.4}{\376\377\006\105\006\107\000\040\006\361\006\371\006\366\006\370}{section.1.2}% 9
\BOOKMARK [2][-]{subsection.1.2.5}{\376\377\006\061\006\101\006\052\006\106\000\040\006\057\006\110\006\257\006\104\000\040\000\050\006\361\006\371\006\366\006\371\000\051}{section.1.2}% 10
\BOOKMARK [1][-]{section.1.3}{\376\377\006\052\006\057\006\047\006\110\006\105\000\040\006\257\006\104\006\314\006\063\006\105\000\040\000\050\006\361\006\371\006\366\006\371\000-\006\361\006\371\006\370\006\361\000\051}{chapter.1}% 11
\BOOKMARK [2][-]{subsection.1.3.1}{\376\377\006\230\006\061\006\230\000\040\006\176\006\105\006\176\006\314\006\057\006\110\000\040\000\050\006\361\006\371\006\366\006\371\000-\006\361\006\371\006\367\006\364\000\051}{section.1.3}% 12
\BOOKMARK [2][-]{subsection.1.3.2}{\376\377\006\110\006\047\006\104\006\061\006\314\000\040\006\230\006\314\006\063\006\251\006\047\006\061\006\057\006\063\006\052\006\106\000\040\000\050\006\361\006\371\006\367\006\364\000-\006\361\006\371\006\370\006\361\000\051}{section.1.3}% 13
\BOOKMARK [1][-]{section.1.4}{\376\377\006\206\006\176\000\040\006\057\006\061\000\040\006\102\006\057\006\061\006\052\000\040\000\050\006\361\006\371\006\370\006\361\000-\006\361\006\371\006\371\006\365\000\051}{chapter.1}% 14
\BOOKMARK [2][-]{subsection.1.4.1}{\376\377\006\176\006\314\006\061\006\110\006\062\006\314\000\040\006\052\006\047\006\061\006\314\006\056\006\314\000\040\006\105\006\314\006\052\006\061\006\047\006\106\000\040\000\050\006\361\006\371\006\370\006\361\000\051}{section.1.4}% 15
\BOOKMARK [2][-]{subsection.1.4.2}{\376\377\006\047\006\065\006\104\006\047\006\055\006\047\006\052\000\040\006\361\006\371\006\370\006\361\000-\006\361\006\371\006\370\006\363}{section.1.4}% 16
\BOOKMARK [2][-]{subsection.1.4.3}{\376\377\006\206\006\061\006\056\006\064\000\040\006\361\006\371\006\370\006\363\000:\000\040\000\253\006\061\006\314\006\047\006\066\006\052\000\040\006\047\006\102\006\052\006\065\006\047\006\057\006\314\000\273}{section.1.4}% 17
\BOOKMARK [2][-]{subsection.1.4.4}{\376\377\006\047\006\110\006\104\006\314\006\106\000\040\006\107\006\105\006\062\006\314\006\063\006\052\006\314\000\040\000\050\006\361\006\371\006\370\006\366\000-\006\361\006\371\006\370\006\370\000\051}{section.1.4}% 18
\BOOKMARK [2][-]{subsection.1.4.5}{\376\377\006\057\006\110\006\061\000\040\006\057\006\110\006\105\000\040\006\105\006\314\006\052\006\061\006\047\006\106\000\040\000\050\006\361\006\371\006\370\006\370\000-\006\361\006\371\006\371\006\365\000\051}{section.1.4}% 19
\BOOKMARK [1][-]{section.1.5}{\376\377\006\057\006\110\006\061\006\107\000\040\006\064\006\314\006\061\006\047\006\251\000\040\000\050\006\361\006\371\006\371\006\365\000-\006\362\006\360\006\360\006\367\000\051}{chapter.1}% 20
\BOOKMARK [2][-]{subsection.1.5.1}{\376\377\006\061\006\314\006\047\006\063\006\052\040\014\006\054\006\105\006\107\006\110\006\061\006\314\000\040\006\176\006\061\006\101\006\061\006\047\006\062\006\110\006\106\006\064\006\314\006\050}{section.1.5}% 21
\BOOKMARK [2][-]{subsection.1.5.2}{\376\377\006\063\006\110\006\105\006\314\006\106\000\040\006\107\006\105\006\062\006\314\006\063\006\052\006\314\000\040\000\050\006\361\006\371\006\371\006\367\000-\006\362\006\360\006\360\006\362\000\051}{section.1.5}% 22
\BOOKMARK [2][-]{subsection.1.5.3}{\376\377\000\253\006\062\006\104\006\062\006\104\006\107\000\273\000\040\006\362\006\361\000\040\006\042\006\110\006\061\006\314\006\104\000\040\006\362\006\360\006\360\006\362}{section.1.5}% 23
\BOOKMARK [2][-]{subsection.1.5.4}{\376\377\006\063\006\314\006\047\006\063\006\052\000\040\006\056\006\047\006\061\006\054\006\314\000:\000\040\000\253\006\106\006\107\000\273\000\040\006\050\006\107\000\040\006\054\006\106\006\257\000\040\006\071\006\061\006\047\006\102}{section.1.5}% 24
\BOOKMARK [1][-]{section.1.6}{\376\377\006\057\006\110\006\061\006\107\000\040\006\105\006\071\006\047\006\065\006\061\000\040\000\050\006\362\006\360\006\360\006\367\000-\006\362\006\360\006\362\006\364\000\051}{chapter.1}% 25
\BOOKMARK [2][-]{subsection.1.6.1}{\376\377\006\106\006\314\006\251\006\104\006\047\000\040\006\063\006\047\006\061\006\251\006\110\006\062\006\314\000\040\000\050\006\362\006\360\006\360\006\367\000-\006\362\006\360\006\361\006\362\000\051}{section.1.6}% 26
\BOOKMARK [2][-]{subsection.1.6.2}{\376\377\006\101\006\061\006\047\006\106\006\063\006\110\006\047\000\040\006\047\006\110\006\104\006\047\006\106\006\057\000\040\000\050\006\362\006\360\006\361\006\362\000-\006\362\006\360\006\361\006\367\000\051}{section.1.6}% 27
\BOOKMARK [2][-]{subsection.1.6.3}{\376\377\006\047\006\105\006\047\006\106\006\110\006\046\006\104\000\040\006\105\006\047\006\251\006\061\006\110\006\106\000\040\000\050\006\362\006\360\006\361\006\367\000-\006\362\006\360\006\362\006\364\000\051}{section.1.6}% 28
\BOOKMARK [1][-]{section.1.7}{\376\377\006\061\006\110\006\063\006\047\006\314\000\040\006\054\006\105\006\107\006\110\006\061\000\040\006\054\006\105\006\107\006\110\006\061\006\314\000\040\006\176\006\106\006\054\006\105}{chapter.1}% 29
\BOOKMARK [1][-]{section.1.8}{\376\377\006\052\006\055\006\110\006\104\000\040\006\106\006\070\006\047\006\105\000\040\006\055\006\062\006\050\006\314}{chapter.1}% 30
\BOOKMARK [1][-]{section.1.9}{\376\377\006\107\006\105\006\062\006\314\006\063\006\052\006\314\040\014\006\107\006\047\000:\000\040\006\042\006\062\006\105\006\110\006\106\000\040\006\047\006\106\006\071\006\067\006\047\006\101\000\040\006\102\006\047\006\106\006\110\006\106\000\040\006\047\006\063\006\047\006\063\006\314}{chapter.1}% 31
\BOOKMARK [1][-]{section.1.10}{\376\377\006\206\006\047\006\104\006\064\040\014\006\107\006\047\006\314\000\040\006\105\006\071\006\047\006\065\006\061\000\040\006\054\006\105\006\107\006\110\006\061\006\314\000\040\006\176\006\106\006\054\006\105}{chapter.1}% 32
\BOOKMARK [2][-]{subsection.1.10.1}{\376\377\006\065\006\071\006\110\006\057\000\040\006\061\006\047\006\063\006\052\000\040\006\047\006\101\006\061\006\047\006\067\006\314}{section.1.10}% 33
\BOOKMARK [2][-]{subsection.1.10.2}{\376\377\006\050\006\055\006\061\006\047\006\106\000\040\006\104\006\047\006\046\006\314\006\063\006\314\006\052\006\107\000\040\006\110\000\040\006\047\006\063\006\104\006\047\006\105}{section.1.10}% 34
\BOOKMARK [1][-]{section.1.11}{\376\377\006\047\006\104\006\257\006\110\006\107\006\047\000\040\006\110\000\040\006\057\006\061\006\063\040\014\006\107\006\047}{chapter.1}% 35
\BOOKMARK [1][-]{section.1.12}{\376\377\006\054\006\105\006\071\040\014\006\050\006\106\006\057\006\314\000\040\006\101\006\065\006\104}{chapter.1}% 36
\BOOKMARK [1][-]{section*.1}{\376\377\006\105\006\106\006\047\006\050\006\071\000\040\006\101\006\065\006\104}{chapter.1}% 37
