\BOOKMARK [0][-]{chapter*.2}{\376\377\006\050\006\056\006\064\000\040\006\065\006\101\006\061\000:\000\040\006\105\006\067\006\047\006\104\006\071\006\107\000\040\006\057\006\061\000\040\006\314\006\251\000\040\006\106\006\257\006\047\006\107}{}% \pLRE {۱}
\BOOKMARK [0][-]{chapter.1}{\376\377\006\105\006\102\006\057\006\105\006\107\000\040\006\110\000\040\006\206\006\047\006\061\006\206\006\110\006\050\000\040\006\106\006\070\006\061\006\314}{}% \pLRE {۲}
\BOOKMARK [1][-]{section.1.1}{\376\377\006\067\006\061\006\055\000\040\006\105\006\063\006\046\006\104\006\107}{chapter.1}% \pLRE {۳}
\BOOKMARK [2][-]{subsection.1.1.1}{\376\377\006\047\006\107\006\105\006\314\006\052\000\040\006\105\006\110\006\066\006\110\006\071}{section.1.1}% \pLRE {۴}
\BOOKMARK [1][-]{section.1.2}{\376\377\006\063\006\044\006\047\006\104\006\047\006\052\000\040\006\176\006\230\006\110\006\107\006\064}{chapter.1}% \pLRE {۵}
\BOOKMARK [1][-]{section.1.3}{\376\377\006\206\006\047\006\061\006\206\006\110\006\050\000\040\006\106\006\070\006\061\006\314}{chapter.1}% \pLRE {۶}
\BOOKMARK [2][-]{subsection.1.3.1}{\376\377\006\106\006\107\006\047\006\057\006\257\006\061\006\047\006\314\006\314\000\040\006\052\006\047\006\061\006\314\006\056\006\314}{section.1.3}% \pLRE {۷}
\BOOKMARK [2][-]{subsection.1.3.2}{\376\377\006\052\006\055\006\104\006\314\006\104\000\040\006\067\006\050\006\102\006\047\006\052\006\314}{section.1.3}% \pLRE {۸}
\BOOKMARK [2][-]{subsection.1.3.3}{\376\377\006\054\006\047\006\105\006\071\006\107\040\014\006\064\006\106\006\047\006\063\006\314\000\040\006\052\006\047\006\061\006\314\006\056\006\314\000-\006\052\006\067\006\050\006\314\006\102\006\314}{section.1.3}% \pLRE {۹}
\BOOKMARK [2][-]{subsection.1.3.4}{\376\377\006\047\006\102\006\052\006\065\006\047\006\057\000\040\006\063\006\314\006\047\006\063\006\314\000\040\006\106\006\107\006\047\006\057\006\257\006\061\006\047}{section.1.3}% \pLRE {۱۰}
\BOOKMARK [2][-]{subsection.1.3.5}{\376\377\006\206\006\047\006\061\006\206\006\110\006\050\000\040\006\052\006\104\006\101\006\314\006\102\006\314\000\040\006\047\006\314\006\106\000\040\006\176\006\230\006\110\006\107\006\064}{section.1.3}% \pLRE {۱۱}
\BOOKMARK [1][-]{section.1.4}{\376\377\006\061\006\110\006\064\040\014\006\064\006\106\006\047\006\063\006\314}{chapter.1}% \pLRE {۱۲}
\BOOKMARK [2][-]{subsection.1.4.1}{\376\377\006\061\006\110\006\314\006\251\006\061\006\057\000\040\006\251\006\104\006\314}{section.1.4}% \pLRE {۱۳}
\BOOKMARK [2][-]{subsection.1.4.2}{\376\377\006\105\006\106\006\047\006\050\006\071\000\040\006\057\006\047\006\057\006\107}{section.1.4}% \pLRE {۱۴}
\BOOKMARK [2][-]{subsection.1.4.3}{\376\377\006\105\006\055\006\057\006\110\006\057\006\314\006\052\040\014\006\107\006\047\006\314\000\040\006\061\006\110\006\064\040\014\006\064\006\106\006\047\006\056\006\052\006\314}{section.1.4}% \pLRE {۱۵}
\BOOKMARK [1][-]{section.1.5}{\376\377\006\063\006\047\006\056\006\052\006\047\006\061\000\040\006\176\006\230\006\110\006\107\006\064}{chapter.1}% \pLRE {۱۶}
\BOOKMARK [0][-]{chapter.2}{\376\377\006\057\006\110\006\061\006\107\000\040\006\101\006\046\006\110\006\057\006\047\006\104\006\314\000\040\006\110\000\040\006\064\006\251\006\104\040\014\006\257\006\314\006\061\006\314\000\040\006\106\006\107\006\047\006\057\006\107\006\047\000\040\000\050\006\361\006\360\006\366\006\366\000-\006\361\006\364\006\370\006\365\000\051}{}% \pLRE {۱۷}
\BOOKMARK [1][-]{section.2.1}{\376\377\006\101\006\052\006\055\000\040\006\106\006\110\006\061\006\105\006\047\006\106\000\040\006\110\000\040\006\050\006\047\006\062\006\063\006\047\006\062\006\314\000\040\006\063\006\047\006\056\006\052\006\047\006\061\000\040\006\102\006\057\006\061\006\052\000\040\000\050\006\361\006\360\006\366\006\366\000-\006\361\006\361\006\365\006\364\000\051}{chapter.2}% \pLRE {۱۸}
\BOOKMARK [2][-]{subsection.2.1.1}{\376\377\006\047\006\106\006\257\006\104\006\063\006\052\006\047\006\106\000\040\006\176\006\314\006\064\000\040\006\047\006\062\000\040\006\101\006\052\006\055}{section.2.1}% \pLRE {۱۹}
\BOOKMARK [2][-]{subsection.2.1.2}{\376\377\006\101\006\052\006\055\000\040\006\110\000\040\006\176\006\314\006\047\006\105\006\057\006\107\006\047\006\314\000\040\006\042\006\106}{section.2.1}% \pLRE {۲۰}
\BOOKMARK [2][-]{subsection.2.1.3}{\376\377\006\251\006\052\006\047\006\050\000\040\006\061\006\110\006\062\000\040\006\057\006\047\006\110\006\061\006\314\000\040\000\050\000D\000o\000m\000e\000s\000d\000a\000y\000\040\000B\000o\000o\000k\000\051}{section.2.1}% \pLRE {۲۱}
\BOOKMARK [2][-]{subsection.2.1.4}{\376\377\006\047\006\061\006\062\006\314\006\047\006\050\006\314\000\040\006\057\006\110\006\061\006\107\000\040\006\106\006\110\006\061\006\105\006\047\006\106\000:\000\040\006\106\006\107\006\047\006\057\006\107\006\047\006\314\000\040\006\050\006\106\006\314\006\047\006\057\006\314\006\106}{section.2.1}% \pLRE {۲۲}
\BOOKMARK [1][-]{section.2.2}{\376\377\006\052\006\106\006\064\000\040\006\052\006\047\006\054\000\040\006\110\000\040\006\047\006\064\006\061\006\047\006\101\006\314\006\052\000:\000\040\006\047\006\062\000\040\006\105\006\257\006\106\006\047\006\251\006\047\006\061\006\052\006\047\000\040\006\052\006\047\000\040\006\176\006\047\006\061\006\104\006\105\006\047\006\106\000\040\000\050\006\361\006\361\006\365\006\364\000-\006\361\006\363\006\360\006\367\000\051}{chapter.2}% \pLRE {۲۳}
\BOOKMARK [2][-]{subsection.2.2.1}{\376\377\006\063\006\104\006\063\006\104\006\107\000\040\006\176\006\104\006\106\006\052\006\047\006\054\006\106\006\052\000\040\006\110\000\040\006\052\006\105\006\061\006\251\006\062\000\040\006\102\006\057\006\061\006\052}{section.2.2}% \pLRE {۲۴}
\BOOKMARK [2][-]{subsection.2.2.2}{\376\377\006\050\006\055\006\061\006\047\006\106\000\040\006\054\006\047\006\106\000\040\006\050\006\314\040\014\006\063\006\061\006\062\006\105\006\314\006\106\000\040\006\110\000\040\006\105\006\257\006\106\006\047\006\251\006\047\006\061\006\052\006\047\000\040\000\050\006\361\006\362\006\361\006\365\000\051}{section.2.2}% \pLRE {۲۵}
\BOOKMARK [2][-]{subsection.2.2.3}{\376\377\006\070\006\107\006\110\006\061\000\040\006\176\006\047\006\061\006\104\006\105\006\047\006\106\000\040\000\050\006\361\006\362\006\366\006\365\000-\006\361\006\363\006\360\006\367\000\051}{section.2.2}% \pLRE {۲۶}
\BOOKMARK [1][-]{section.2.3}{\376\377\006\050\006\055\006\061\006\047\006\106\000\040\006\102\006\061\006\106\000\040\006\206\006\107\006\047\006\061\006\057\006\107\006\105\000\040\006\110\000\040\006\052\006\055\006\110\006\104\000\040\006\067\006\050\006\102\006\047\006\052\006\314\000\040\000\050\006\361\006\363\006\360\006\367\000-\006\361\006\364\006\370\006\365\000\051}{chapter.2}% \pLRE {۲۷}
\BOOKMARK [2][-]{subsection.2.3.1}{\376\377\006\105\006\061\006\257\000\040\006\063\006\314\006\047\006\107\000\040\006\110\000\040\006\176\006\314\006\047\006\105\006\057\006\107\006\047\006\314\000\040\006\047\006\054\006\052\006\105\006\047\006\071\006\314}{section.2.3}% \pLRE {۲۸}
\BOOKMARK [2][-]{subsection.2.3.2}{\376\377\006\064\006\110\006\061\006\064\000\040\006\057\006\107\006\102\006\047\006\106\006\047\006\106\000\040\000\050\006\361\006\363\006\370\006\361\000\051}{section.2.3}% \pLRE {۲۹}
\BOOKMARK [2][-]{subsection.2.3.3}{\376\377\006\054\006\106\006\257\000\040\006\065\006\057\006\063\006\047\006\104\006\107\000\040\006\110\000\040\006\054\006\106\006\257\000\040\006\257\006\104\040\014\006\107\006\047}{section.2.3}% \pLRE {۳۰}
\BOOKMARK [1][-]{section.2.4}{\376\377\006\054\006\105\006\071\040\014\006\050\006\106\006\057\006\314\000\040\006\101\006\065\006\104\000:\000\040\006\105\006\314\006\061\006\047\006\053\000\040\006\057\006\110\006\061\006\107\000\040\006\101\006\046\006\110\006\057\006\047\006\104\006\314}{chapter.2}% \pLRE {۳۱}
\BOOKMARK [2][-]{subsection.2.4.1}{\376\377\006\106\006\107\006\047\006\057\006\107\006\047\006\314\000\040\006\251\006\104\006\314\006\057\006\314\000\040\006\064\006\251\006\104\040\014\006\257\006\061\006\101\006\052\006\107}{section.2.4}% \pLRE {۳۲}
\BOOKMARK [2][-]{subsection.2.4.2}{\376\377\006\052\006\101\006\047\006\110\006\052\000\040\006\050\006\047\000\040\006\047\006\061\006\110\006\176\006\047\006\314\000\040\006\102\006\047\006\061\006\107\040\014\006\047\006\314}{section.2.4}% \pLRE {۳۳}
\BOOKMARK [2][-]{subsection.2.4.3}{\376\377\006\106\006\052\006\314\006\054\006\107\040\014\006\257\006\314\006\061\006\314\000\040\006\052\006\055\006\104\006\314\006\104\006\314}{section.2.4}% \pLRE {۳۴}
\BOOKMARK [0][-]{chapter.3}{\376\377\006\057\006\110\006\061\006\107\000\040\006\052\006\110\006\057\006\110\006\061\000\040\006\110\000\040\006\047\006\063\006\052\006\110\006\047\006\061\006\052\000:\000\040\006\050\006\055\006\061\006\047\006\106\000\040\006\110\000\040\006\047\006\106\006\102\006\104\006\047\006\050\000\040\000\050\006\361\006\364\006\370\006\365\000-\006\361\006\367\006\361\006\364\000\051}{}% \pLRE {۳۵}
\BOOKMARK [1][-]{section.3.1}{\376\377\006\063\006\104\006\063\006\104\006\107\000\040\006\052\006\110\006\057\006\110\006\061\000:\000\040\006\057\006\110\006\104\006\052\040\014\006\063\006\047\006\062\006\314\000\040\006\110\000\040\006\047\006\065\006\104\006\047\006\055\006\047\006\052\000\040\000\050\006\361\006\364\006\370\006\365\000-\006\361\006\366\006\360\006\363\000\051}{chapter.3}% \pLRE {۳۶}
\BOOKMARK [2][-]{subsection.3.1.1}{\376\377\006\107\006\106\006\061\006\314\000\040\006\107\006\101\006\052\006\105\000\040\006\110\000\040\006\050\006\047\006\062\006\063\006\047\006\062\006\314\000\040\006\063\006\104\006\067\006\106\006\052\000\040\000\050\006\361\006\364\006\370\006\365\000-\006\361\006\365\006\360\006\371\000\051}{section.3.1}% \pLRE {۳۷}
\BOOKMARK [2][-]{subsection.3.1.2}{\376\377\006\107\006\106\006\061\006\314\000\040\006\107\006\064\006\052\006\105\000\040\006\110\000\040\006\047\006\065\006\104\006\047\006\055\006\047\006\052\000\040\006\057\006\314\006\106\006\314\000\040\000\050\006\361\006\365\006\360\006\371\000-\006\361\006\365\006\364\006\367\000\051}{section.3.1}% \pLRE {۳۸}
\BOOKMARK [2][-]{subsection.3.1.3}{\376\377\006\047\006\057\006\110\006\047\006\061\006\057\000\040\006\064\006\064\006\105\000\040\006\110\000\040\006\105\006\061\006\314\000\040\006\314\006\251\006\105\000:\000\040\006\052\006\106\006\064\000\040\006\057\006\314\006\106\006\314\000\040\000\050\006\361\006\365\006\364\006\367\000-\006\361\006\365\006\365\006\370\000\051}{section.3.1}% \pLRE {۳۹}
\BOOKMARK [2][-]{subsection.3.1.4}{\376\377\006\047\006\104\006\314\006\062\006\047\006\050\006\052\000\040\006\314\006\251\006\105\000:\000\040\006\071\006\065\006\061\000\040\006\067\006\104\006\047\006\314\006\314\000\040\000\050\006\361\006\365\006\365\006\370\000-\006\361\006\366\006\360\006\363\000\051}{section.3.1}% \pLRE {۴۰}
\BOOKMARK [1][-]{section.3.2}{\376\377\006\063\006\104\006\063\006\104\006\107\000\040\006\047\006\063\006\052\006\110\006\047\006\061\006\052\000:\000\040\006\052\006\106\006\064\000\040\006\110\000\040\006\050\006\055\006\061\006\047\006\106\000\040\000\050\006\361\006\366\006\360\006\363\000-\006\361\006\366\006\364\006\362\000\051}{chapter.3}% \pLRE {۴۱}
\BOOKMARK [2][-]{subsection.3.2.1}{\376\377\006\054\006\314\006\105\006\062\000\040\006\314\006\251\006\105\000\040\006\110\000\040\006\052\006\106\006\064\000\040\006\050\006\047\000\040\006\176\006\047\006\061\006\104\006\105\006\047\006\106\000\040\000\050\006\361\006\366\006\360\006\363\000-\006\361\006\366\006\362\006\365\000\051}{section.3.2}% \pLRE {۴۲}
\BOOKMARK [2][-]{subsection.3.2.2}{\376\377\006\206\006\047\006\061\006\104\006\062\000\040\006\314\006\251\006\105\000\040\006\110\000\040\006\050\006\055\006\061\006\047\006\106\000\040\000\050\006\361\006\366\006\362\006\365\000-\006\361\006\366\006\364\006\362\000\051}{section.3.2}% \pLRE {۴۳}
\BOOKMARK [2][-]{subsection.3.2.3}{\376\377\006\064\006\110\006\061\006\064\000\040\006\047\006\063\006\251\006\047\006\052\006\104\006\106\006\057\000\040\006\110\000\040\006\101\006\061\006\047\006\056\006\110\006\047\006\106\006\314\000\040\006\176\006\047\006\061\006\104\006\105\006\047\006\106\000\040\006\050\006\104\006\106\006\057\000\040\000\050\006\361\006\366\006\364\006\360\000\051}{section.3.2}% \pLRE {۴۴}
\BOOKMARK [1][-]{section.3.3}{\376\377\006\054\006\106\006\257\000\040\006\057\006\047\006\056\006\104\006\314\006\014\000\040\006\054\006\105\006\107\006\110\006\061\006\314\000\040\006\110\000\040\006\050\006\047\006\062\006\257\006\064\006\052\000\040\000\050\006\361\006\366\006\364\006\362\000-\006\361\006\366\006\370\006\370\000\051}{chapter.3}% \pLRE {۴۵}
\BOOKMARK [2][-]{subsection.3.3.1}{\376\377\006\054\006\106\006\257\000\040\006\057\006\047\006\056\006\104\006\314\000\040\000\050\006\361\006\366\006\364\006\362\000-\006\361\006\366\006\364\006\371\000\051}{section.3.3}% \pLRE {۴۶}
\BOOKMARK [2][-]{subsection.3.3.2}{\376\377\006\054\006\105\006\107\006\110\006\061\006\314\000\040\006\110\000\040\006\055\006\251\006\110\006\105\006\052\000\040\006\251\006\061\006\047\006\105\006\110\006\104\000\040\000\050\006\361\006\366\006\364\006\371\000-\006\361\006\366\006\366\006\360\000\051}{section.3.3}% \pLRE {۴۷}
\BOOKMARK [2][-]{subsection.3.3.3}{\376\377\006\050\006\047\006\062\006\257\006\064\006\052\000\040\006\063\006\104\006\067\006\106\006\052\000\040\006\110\000\040\006\050\006\055\006\061\006\047\006\106\000\040\006\054\006\057\006\314\006\057\000\040\000\050\006\361\006\366\006\366\006\360\000-\006\361\006\366\006\370\006\370\000\051}{section.3.3}% \pLRE {۴۸}
\BOOKMARK [1][-]{section.3.4}{\376\377\006\047\006\106\006\102\006\104\006\047\006\050\000\040\006\064\006\251\006\110\006\107\006\105\006\106\006\057\000\040\006\110\000\040\006\052\006\063\006\110\006\314\006\107\000\040\006\361\006\366\006\370\006\370\000-\006\361\006\366\006\370\006\371}{chapter.3}% \pLRE {۴۹}
\BOOKMARK [2][-]{subsection.3.4.1}{\376\377\006\057\006\071\006\110\006\052\000\040\006\047\006\062\000\040\006\110\006\314\006\104\006\314\006\047\006\105\000\040\006\047\006\110\006\061\006\047\006\106\006\230}{section.3.4}% \pLRE {۵۰}
\BOOKMARK [2][-]{subsection.3.4.2}{\376\377\006\104\006\047\006\314\006\055\006\107\000\040\006\055\006\102\006\110\006\102\000\040\006\361\006\366\006\370\006\371}{section.3.4}% \pLRE {۵۱}
\BOOKMARK [2][-]{subsection.3.4.3}{\376\377\006\063\006\047\006\314\006\061\000\040\006\102\006\110\006\047\006\106\006\314\006\106\000\040\006\052\006\063\006\110\006\314\006\107}{section.3.4}% \pLRE {۵۲}
\BOOKMARK [2][-]{subsection.3.4.4}{\376\377\006\047\006\107\006\105\006\314\006\052\000\040\006\047\006\106\006\102\006\104\006\047\006\050\000\040\006\064\006\251\006\110\006\107\006\105\006\106\006\057}{section.3.4}% \pLRE {۵۳}
\BOOKMARK [1][-]{section.3.5}{\376\377\006\052\006\055\006\104\006\314\006\104\000\040\006\067\006\050\006\102\006\047\006\052\006\314\000\040\006\057\006\110\006\061\006\107\000\040\006\052\006\110\006\057\006\110\006\061\000-\006\047\006\063\006\052\006\110\006\047\006\061\006\052}{chapter.3}% \pLRE {۵۴}
\BOOKMARK [2][-]{subsection.3.5.1}{\376\377\006\052\006\055\006\110\006\104\000\040\006\063\006\047\006\056\006\052\006\047\006\061\000\040\006\067\006\050\006\102\006\047\006\052\006\314}{section.3.5}% \pLRE {۵۵}
\BOOKMARK [2][-]{subsection.3.5.2}{\376\377\006\105\006\102\006\047\006\314\006\063\006\107\000\040\006\050\006\047\000\040\006\101\006\061\006\047\006\106\006\063\006\107\000:\000\040\006\206\006\061\006\047\000\040\006\105\006\063\006\314\006\061\006\107\006\047\000\040\006\105\006\052\006\101\006\047\006\110\006\052\000\040\006\064\006\057\006\037}{section.3.5}% \pLRE {۵۶}
\BOOKMARK [1][-]{section.3.6}{\376\377\006\054\006\105\006\071\040\014\006\050\006\106\006\057\006\314\000\040\006\101\006\065\006\104\000:\000\040\006\105\006\314\006\061\006\047\006\053\000\040\006\057\006\110\006\061\006\107\000\040\006\052\006\110\006\057\006\110\006\061\000-\006\047\006\063\006\052\006\110\006\047\006\061\006\052}{chapter.3}% \pLRE {۵۷}
\BOOKMARK [2][-]{subsection.3.6.1}{\376\377\006\052\006\055\006\110\006\104\006\047\006\052\000\040\006\251\006\104\006\314\006\057\006\314}{section.3.6}% \pLRE {۵۸}
\BOOKMARK [2][-]{subsection.3.6.2}{\376\377\006\071\006\110\006\047\006\105\006\104\000\040\006\251\006\104\006\314\006\057\006\314\000\040\006\105\006\110\006\101\006\102\006\314\006\052}{section.3.6}% \pLRE {۵۹}
\BOOKMARK [2][-]{subsection.3.6.3}{\376\377\006\105\006\063\006\314\006\061\000\040\006\110\006\047\006\050\006\063\006\052\006\257\006\314\000:\000\040\006\047\006\062\000\040\006\361\006\366\006\370\006\370\000\040\006\050\006\107\000\040\006\050\006\071\006\057}{section.3.6}% \pLRE {۶۰}
\BOOKMARK [0][-]{chapter.4}{\376\377\006\102\006\061\006\106\000\040\006\107\006\054\006\057\006\107\006\105\000\040\006\110\000\040\006\047\006\106\006\102\006\104\006\047\006\050\000\040\006\065\006\106\006\071\006\052\006\314\000\040\000\050\006\361\006\367\006\361\006\364\000-\006\361\006\370\006\363\006\362\000\051}{}% \pLRE {۶۱}
\BOOKMARK [1][-]{section.4.1}{\376\377\006\106\006\070\006\105\000\040\006\054\006\057\006\314\006\057\000:\000\040\006\047\006\104\006\314\006\257\006\047\006\061\006\064\006\314\000\040\006\110\006\314\006\257\000\040\000\050\006\361\006\367\006\361\006\364\000-\006\361\006\367\006\366\006\360\000\051}{chapter.4}% \pLRE {۶۲}
\BOOKMARK [2][-]{subsection.4.1.1}{\376\377\006\052\006\053\006\050\006\314\006\052\000\040\006\063\006\104\006\063\006\104\006\107\000\040\006\107\006\047\006\106\006\110\006\101\006\061}{section.4.1}% \pLRE {۶۳}
\BOOKMARK [2][-]{subsection.4.1.2}{\376\377\006\110\006\314\006\230\006\257\006\314\040\014\006\107\006\047\006\314\000\040\006\047\006\104\006\314\006\257\006\047\006\061\006\064\006\314\000\040\006\110\006\314\006\257}{section.4.1}% \pLRE {۶۴}
\BOOKMARK [1][-]{section.4.2}{\376\377\006\047\006\106\006\102\006\104\006\047\006\050\000\040\006\251\006\064\006\047\006\110\006\061\006\062\006\314\000\040\000\050\006\361\006\367\006\360\006\360\000-\006\361\006\370\006\365\006\360\000\051}{chapter.4}% \pLRE {۶۵}
\BOOKMARK [2][-]{subsection.4.2.1}{\376\377\006\052\006\055\006\110\006\104\006\047\006\052\000\040\006\251\006\064\006\047\006\110\006\061\006\062\006\314}{section.4.2}% \pLRE {۶۶}
\BOOKMARK [2][-]{subsection.4.2.2}{\376\377\006\105\006\055\006\065\006\110\006\061\006\063\006\047\006\062\006\314\000\040\000\050\000E\000n\000c\000l\000o\000s\000u\000r\000e\000\051\000:\000\040\006\052\006\055\006\110\006\104\000\040\006\067\006\050\006\102\006\047\006\052\006\314\000\040\006\061\006\110\006\063\006\052\006\047}{section.4.2}% \pLRE {۶۷}
\BOOKMARK [1][-]{section.4.3}{\376\377\006\047\006\106\006\102\006\104\006\047\006\050\000\040\006\065\006\106\006\071\006\052\006\314\000\040\000\050\006\361\006\367\006\366\006\360\000-\006\361\006\370\006\363\006\360\000\051}{chapter.4}% \pLRE {۶۸}
\BOOKMARK [2][-]{subsection.4.3.1}{\376\377\006\206\006\061\006\047\000\040\006\047\006\106\006\257\006\104\006\063\006\052\006\047\006\106\006\037\000\040\006\206\006\061\006\047\000\040\006\042\006\106\000\040\006\062\006\105\006\047\006\106\006\037}{section.4.3}% \pLRE {۶۹}
\BOOKMARK [2][-]{subsection.4.3.2}{\376\377\006\106\006\110\006\042\006\110\006\061\006\314\040\014\006\107\006\047\006\314\000\040\006\251\006\104\006\314\006\057\006\314}{section.4.3}% \pLRE {۷۰}
\BOOKMARK [2][-]{subsection.4.3.3}{\376\377\006\061\006\064\006\057\000\040\006\065\006\106\006\071\006\052\006\314}{section.4.3}% \pLRE {۷۱}
\BOOKMARK [2][-]{subsection.4.3.4}{\376\377\006\176\006\314\006\047\006\105\006\057\006\107\006\047\006\314\000\040\006\067\006\050\006\102\006\047\006\052\006\314\000\040\006\047\006\106\006\102\006\104\006\047\006\050\000\040\006\065\006\106\006\071\006\052\006\314}{section.4.3}% \pLRE {۷۲}
\BOOKMARK [1][-]{section.4.4}{\376\377\006\047\006\106\006\102\006\104\006\047\006\050\000\040\006\105\006\047\006\104\006\314\000\040\006\110\000\040\006\047\006\105\006\176\006\061\006\047\006\052\006\110\006\061\006\314}{chapter.4}% \pLRE {۷۳}
\BOOKMARK [2][-]{subsection.4.4.1}{\376\377\006\047\006\106\006\102\006\104\006\047\006\050\000\040\006\105\006\047\006\104\006\314}{section.4.4}% \pLRE {۷۴}
\BOOKMARK [2][-]{subsection.4.4.2}{\376\377\006\047\006\105\006\176\006\061\006\047\006\052\006\110\006\061\006\314\000\040\006\052\006\054\006\047\006\061\006\314}{section.4.4}% \pLRE {۷۵}
\BOOKMARK [1][-]{section.4.5}{\376\377\006\050\006\055\006\061\006\047\006\106\000\040\006\110\000\040\006\047\006\065\006\104\006\047\006\055\006\047\006\052\000\040\000\050\006\361\006\367\006\370\006\371\000-\006\361\006\370\006\363\006\362\000\051}{chapter.4}% \pLRE {۷۶}
\BOOKMARK [2][-]{subsection.4.5.1}{\376\377\006\052\006\043\006\053\006\314\006\061\000\040\006\047\006\106\006\102\006\104\006\047\006\050\000\040\006\101\006\061\006\047\006\106\006\063\006\107}{section.4.5}% \pLRE {۷۷}
\BOOKMARK [2][-]{subsection.4.5.2}{\376\377\006\101\006\064\006\047\006\061\000\040\006\050\006\061\006\047\006\314\000\040\006\047\006\065\006\104\006\047\006\055\006\047\006\052}{section.4.5}% \pLRE {۷۸}
\BOOKMARK [2][-]{subsection.4.5.3}{\376\377\006\102\006\047\006\106\006\110\006\106\000\040\006\047\006\065\006\104\006\047\006\055\006\047\006\052\000\040\006\361\006\370\006\363\006\362}{section.4.5}% \pLRE {۷۹}
\BOOKMARK [1][-]{section.4.6}{\376\377\006\054\006\105\006\071\040\014\006\050\006\106\006\057\006\314\000\040\006\101\006\065\006\104}{chapter.4}% \pLRE {۸۰}
\BOOKMARK [2][-]{subsection.4.6.1}{\376\377\006\057\006\063\006\052\006\047\006\110\006\061\006\057\006\107\006\047\006\314\000\040\006\057\006\110\006\061\006\107\000\040\006\361\006\367\006\361\006\364\000-\006\361\006\370\006\363\006\362}{section.4.6}% \pLRE {۸۱}
\BOOKMARK [2][-]{subsection.4.6.2}{\376\377\006\107\006\062\006\314\006\106\006\107\040\014\006\107\006\047\000\040\006\110\000\040\006\052\006\106\006\047\006\102\006\066\006\047\006\052}{section.4.6}% \pLRE {۸۲}
\BOOKMARK [0][-]{chapter.5}{\376\377\006\071\006\065\006\061\000\040\006\110\006\314\006\251\006\052\006\110\006\061\006\314\006\047\006\314\006\314\000\040\006\110\000\040\006\047\006\110\006\054\000\040\006\047\006\105\006\176\006\061\006\047\006\052\006\110\006\061\006\314\000\040\000\050\006\361\006\370\006\363\006\362\000-\006\361\006\371\006\361\006\364\000\051}{}% \pLRE {۸۳}
\BOOKMARK [1][-]{section.5.1}{\376\377\006\110\006\314\006\230\006\257\006\314\040\014\006\107\006\047\006\314\000\040\006\071\006\065\006\061\000\040\006\110\006\314\006\251\006\052\006\110\006\061\006\314\006\047\006\314\006\314}{chapter.5}% \pLRE {۸۴}
\BOOKMARK [2][-]{subsection.5.1.1}{\376\377\006\105\006\104\006\251\006\107\000\040\006\110\006\314\006\251\006\052\006\110\006\061\006\314\006\047\000\040\006\110\000\040\006\106\006\105\006\047\006\057\000\040\006\314\006\251\000\040\006\071\006\065\006\061}{section.5.1}% \pLRE {۸۵}
\BOOKMARK [2][-]{subsection.5.1.2}{\376\377\006\064\006\047\006\056\006\065\040\014\006\107\006\047\006\314\000\040\006\251\006\104\006\314\006\057\006\314\000\040\006\057\006\110\006\061\006\107}{section.5.1}% \pLRE {۸۶}
\BOOKMARK [1][-]{section.5.2}{\376\377\006\257\006\063\006\052\006\061\006\064\000\040\006\052\006\057\006\061\006\314\006\054\006\314\000\040\006\057\006\105\006\110\006\251\006\061\006\047\006\063\006\314}{chapter.5}% \pLRE {۸۷}
\BOOKMARK [2][-]{subsection.5.2.1}{\376\377\006\047\006\065\006\104\006\047\006\055\006\047\006\052\000\040\006\047\006\106\006\052\006\056\006\047\006\050\006\047\006\052\006\314\000\040\006\105\006\052\006\110\006\047\006\104\006\314}{section.5.2}% \pLRE {۸۸}
\BOOKMARK [2][-]{subsection.5.2.2}{\376\377\006\102\006\047\006\106\006\110\006\106\000\040\006\047\006\065\006\104\006\047\006\055\006\047\006\052\000\040\006\057\006\110\006\105\000\040\000\050\006\361\006\370\006\366\006\367\000\051}{section.5.2}% \pLRE {۸۹}
\BOOKMARK [2][-]{subsection.5.2.3}{\376\377\006\102\006\047\006\106\006\110\006\106\000\040\006\047\006\065\006\104\006\047\006\055\006\047\006\052\000\040\006\063\006\110\006\105\000\040\000\050\006\361\006\370\006\370\006\364\000-\006\361\006\370\006\370\006\365\000\051}{section.5.2}% \pLRE {۹۰}
\BOOKMARK [2][-]{subsection.5.2.4}{\376\377\006\052\006\055\006\104\006\314\006\104\000:\000\040\006\206\006\061\006\047\000\040\006\057\006\105\006\110\006\251\006\061\006\047\006\052\006\314\006\062\006\047\006\063\006\314\006\110\006\106\000\040\006\052\006\057\006\061\006\314\006\054\006\314\006\037}{section.5.2}% \pLRE {۹۱}
\BOOKMARK [1][-]{section.5.3}{\376\377\006\070\006\107\006\110\006\061\000\040\006\067\006\050\006\102\006\107\000\040\006\251\006\047\006\061\006\257\006\061\000\040\006\063\006\047\006\062\006\105\006\047\006\106\040\014\006\314\006\047\006\101\006\052\006\107}{chapter.5}% \pLRE {۹۲}
\BOOKMARK [2][-]{subsection.5.3.1}{\376\377\006\206\006\047\006\061\006\052\006\314\006\063\006\105\000:\000\040\006\106\006\056\006\063\006\052\006\314\006\106\000\040\006\054\006\106\006\050\006\064\000\040\006\251\006\047\006\061\006\257\006\061\006\314\000\040\006\052\006\110\006\057\006\107\040\014\006\047\006\314\000\040\000\050\006\361\006\370\006\363\006\370\000-\006\361\006\370\006\365\006\370\000\051}{section.5.3}% \pLRE {۹۳}
\BOOKMARK [2][-]{subsection.5.3.2}{\376\377\006\047\006\052\006\055\006\047\006\057\006\314\006\107\040\014\006\107\006\047\006\314\000\040\006\251\006\047\006\061\006\257\006\061\006\314}{section.5.3}% \pLRE {۹۴}
\BOOKMARK [2][-]{subsection.5.3.3}{\376\377\006\052\006\110\006\104\006\057\000\040\006\055\006\062\006\050\000\040\006\251\006\047\006\061\006\257\006\061}{section.5.3}% \pLRE {۹۵}
\BOOKMARK [1][-]{section.5.4}{\376\377\006\047\006\105\006\176\006\061\006\047\006\052\006\110\006\061\006\314\000:\000\040\006\047\006\050\006\062\006\047\006\061\000\040\006\110\000\040\006\050\006\047\006\061}{chapter.5}% \pLRE {۹۶}
\BOOKMARK [2][-]{subsection.5.4.1}{\376\377\006\257\006\063\006\052\006\061\006\107\000\040\006\047\006\105\006\176\006\061\006\047\006\052\006\110\006\061\006\314\000\040\006\050\006\061\006\314\006\052\006\047\006\106\006\314\006\047}{section.5.4}% \pLRE {۹۷}
\BOOKMARK [2][-]{subsection.5.4.2}{\376\377\006\052\006\046\006\110\006\061\006\314\040\014\006\107\006\047\006\314\000\040\006\047\006\105\006\176\006\061\006\314\006\047\006\104\006\314\006\063\006\105}{section.5.4}% \pLRE {۹۸}
\BOOKMARK [2][-]{subsection.5.4.3}{\376\377\006\107\006\062\006\314\006\106\006\107\000\040\006\110\000\040\006\101\006\047\006\314\006\057\006\107\000\040\006\047\006\105\006\176\006\061\006\047\006\052\006\110\006\061\006\314}{section.5.4}% \pLRE {۹۹}
\BOOKMARK [2][-]{subsection.5.4.4}{\376\377\006\107\006\106\006\057\000:\000\040\000\253\006\054\006\110\006\047\006\107\006\061\000\040\006\052\006\047\006\054\000\273}{section.5.4}% \pLRE {۱۰۰}
\BOOKMARK [1][-]{section.5.5}{\376\377\006\047\006\065\006\104\006\047\006\055\006\047\006\052\000\040\006\047\006\054\006\052\006\105\006\047\006\071\006\314\000\040\006\110\000\040\006\052\006\110\006\104\006\057\000\040\006\057\006\110\006\104\006\052\000\040\006\061\006\101\006\047\006\107\000\040\006\047\006\110\006\104\006\314\006\107}{chapter.5}% \pLRE {۱۰۱}
\BOOKMARK [2][-]{subsection.5.5.1}{\376\377\006\047\006\062\000\040\006\104\006\063\006\107\040\014\006\101\006\061\000\040\006\050\006\107\000\040\006\105\006\057\006\047\006\056\006\104\006\107\040\014\006\257\006\061\006\047\006\314\006\314}{section.5.5}% \pLRE {۱۰۲}
\BOOKMARK [2][-]{subsection.5.5.2}{\376\377\006\102\006\110\006\047\006\106\006\314\006\106\000\040\006\251\006\047\006\061\006\056\006\047\006\106\006\107}{section.5.5}% \pLRE {۱۰۳}
\BOOKMARK [2][-]{subsection.5.5.3}{\376\377\006\047\006\065\006\104\006\047\006\055\006\047\006\052\000\040\006\104\006\314\006\050\006\061\006\047\006\104\000\040\000\050\006\361\006\371\006\360\006\366\000-\006\361\006\371\006\361\006\364\000\051}{section.5.5}% \pLRE {۱۰۴}
\BOOKMARK [2][-]{subsection.5.5.4}{\376\377\006\206\006\061\006\047\000\040\006\047\006\065\006\104\006\047\006\055\006\047\006\052\000\040\006\104\006\314\006\050\006\061\006\047\006\104\006\037}{section.5.5}% \pLRE {۱۰۵}
\BOOKMARK [1][-]{section.5.6}{\376\377\006\105\006\063\006\046\006\104\006\107\000\040\006\047\006\314\006\061\006\104\006\106\006\057}{chapter.5}% \pLRE {۱۰۶}
\BOOKMARK [2][-]{subsection.5.6.1}{\376\377\006\176\006\314\006\064\006\314\006\106\006\107}{section.5.6}% \pLRE {۱۰۷}
\BOOKMARK [2][-]{subsection.5.6.2}{\376\377\006\102\006\055\006\067\006\314\000\040\006\050\006\062\006\061\006\257\000\040\006\110\000\040\006\176\006\314\006\047\006\105\006\057\006\107\006\047\006\314\000\040\006\042\006\106}{section.5.6}% \pLRE {۱۰۸}
\BOOKMARK [2][-]{subsection.5.6.3}{\376\377\006\104\006\110\006\047\006\314\006\055\000\040\006\056\006\110\006\057\006\105\006\056\006\052\006\047\006\061\006\314\000\040\000\050\000H\000o\000m\000e\000\040\000R\000u\000l\000e\000\051}{section.5.6}% \pLRE {۱۰۹}
\BOOKMARK [1][-]{section.5.7}{\376\377\006\054\006\106\006\050\006\064\000\040\006\063\006\047\006\101\006\061\006\054\006\052\000:\000\040\006\105\006\050\006\047\006\061\006\062\006\107\000\040\006\050\006\061\006\047\006\314\000\040\006\055\006\102\000\040\006\061\006\043\006\314\000\040\006\062\006\106\006\047\006\106}{chapter.5}% \pLRE {۱۱۰}
\BOOKMARK [2][-]{subsection.5.7.1}{\376\377\006\057\006\110\000\040\006\047\006\063\006\052\006\061\006\047\006\052\006\230\006\314}{section.5.7}% \pLRE {۱۱۱}
\BOOKMARK [2][-]{subsection.5.7.2}{\376\377\006\206\006\061\006\047\000\040\006\062\006\106\006\047\006\106\000\040\006\052\006\047\000\040\006\361\006\371\006\361\006\370\000\040\006\055\006\102\000\040\006\061\006\043\006\314\000\040\006\106\006\257\006\061\006\101\006\052\006\106\006\057\006\037}{section.5.7}% \pLRE {۱۱۲}
\BOOKMARK [1][-]{section.5.8}{\376\377\006\176\006\047\006\314\006\047\006\106\000\040\006\314\006\251\000\040\006\071\006\065\006\061\000:\000\040\006\050\006\055\006\061\006\047\006\106\040\014\006\107\006\047\006\314\000\040\006\361\006\371\006\361\006\360\000-\006\361\006\371\006\361\006\364}{chapter.5}% \pLRE {۱۱۳}
\BOOKMARK [2][-]{subsection.5.8.1}{\376\377\006\054\006\057\006\110\006\104\000\040\006\062\006\105\006\047\006\106\006\314\000\040\006\050\006\055\006\061\006\047\006\106\040\014\006\107\006\047}{section.5.8}% \pLRE {۱۱۴}
\BOOKMARK [1][-]{section.5.9}{\376\377\006\052\006\055\006\104\006\314\006\104\000\040\006\106\006\107\006\047\006\314\006\314\000:\000\040\006\105\006\314\006\061\006\047\006\053\000\040\006\071\006\065\006\061\000\040\006\110\006\314\006\251\006\052\006\110\006\061\006\314\006\047\006\314\006\314}{chapter.5}% \pLRE {۱۱۵}
\BOOKMARK [2][-]{subsection.5.9.1}{\376\377\006\057\006\063\006\052\006\047\006\110\006\061\006\057\006\107\006\047\000\040\006\110\000\040\006\105\006\055\006\057\006\110\006\057\006\314\006\052\040\014\006\107\006\047}{section.5.9}% \pLRE {۱۱۶}
\BOOKMARK [2][-]{subsection.5.9.2}{\376\377\006\047\006\104\006\257\006\110\006\107\006\047\006\314\000\040\006\102\006\047\006\050\006\104\000\040\006\047\006\063\006\052\006\056\006\061\006\047\006\054}{section.5.9}% \pLRE {۱۱۷}
\BOOKMARK [0][-]{chapter.6}{\376\377\006\054\006\106\006\257\040\014\006\107\006\047\006\014\000\040\006\050\006\055\006\061\006\047\006\106\040\014\006\107\006\047\000\040\006\110\000\040\006\057\006\110\006\104\006\052\000\040\006\061\006\101\006\047\006\107\000\040\000\050\006\361\006\371\006\361\006\364\000-\006\361\006\371\006\367\006\371\000\051}{}% \pLRE {۱۱۸}
\BOOKMARK [1][-]{section.6.1}{\376\377\006\063\006\047\006\056\006\052\006\047\006\061\000\040\006\052\006\055\006\104\006\314\006\104\006\314\000\040\006\101\006\065\006\104}{chapter.6}% \pLRE {۱۱۹}
\BOOKMARK [1][-]{section.6.2}{\376\377\006\054\006\106\006\257\000\040\006\054\006\107\006\047\006\106\006\314\000\040\006\047\006\110\006\104\000\040\006\110\000\040\006\052\006\055\006\110\006\104\006\047\006\052\000\040\006\042\006\106\000\040\000\050\006\361\006\371\006\361\006\364\000-\006\361\006\371\006\361\006\370\000\051}{chapter.6}% \pLRE {۱۲۰}
\BOOKMARK [2][-]{subsection.6.2.1}{\376\377\006\054\006\106\006\257\000\040\006\050\006\107\040\014\006\105\006\053\006\047\006\050\006\107\000\040\006\064\006\052\006\047\006\050\040\014\006\057\006\107\006\106\006\057\006\107\000\040\006\052\006\047\006\061\006\314\006\056}{section.6.2}% \pLRE {۱۲۱}
\BOOKMARK [2][-]{subsection.6.2.2}{\376\377\006\042\006\105\006\047\006\061\000\040\006\054\006\106\006\257}{section.6.2}% \pLRE {۱۲۲}
\BOOKMARK [2][-]{subsection.6.2.3}{\376\377\006\057\006\110\006\104\006\052\000\040\006\054\006\106\006\257\006\314\000:\000\040\006\052\006\110\006\104\006\057\000\040\006\057\006\110\006\104\006\052\000\040\006\105\006\057\006\047\006\056\006\104\006\107\040\014\006\257\006\061}{section.6.2}% \pLRE {۱۲۳}
\BOOKMARK [2][-]{subsection.6.2.4}{\376\377\006\062\006\106\006\047\006\106\000\040\006\110\000\040\006\054\006\106\006\257}{section.6.2}% \pLRE {۱۲۴}
\BOOKMARK [2][-]{subsection.6.2.5}{\376\377\006\102\006\047\006\106\006\110\006\106\000\040\006\106\006\105\006\047\006\314\006\106\006\057\006\257\006\314\000\040\006\105\006\061\006\057\006\105\000\040\006\361\006\371\006\361\006\370}{section.6.2}% \pLRE {۱۲۵}
\BOOKMARK [1][-]{section.6.3}{\376\377\006\057\006\110\006\061\006\107\000\040\006\050\006\314\006\106\000\040\006\057\006\110\000\040\006\054\006\106\006\257\000\040\000\050\006\361\006\371\006\361\006\370\000-\006\361\006\371\006\363\006\371\000\051}{chapter.6}% \pLRE {۱۲۶}
\BOOKMARK [2][-]{subsection.6.3.1}{\376\377\006\050\006\055\006\061\006\047\006\106\000\040\006\047\006\102\006\052\006\065\006\047\006\057\006\314\000\040\006\110\000\040\006\047\006\054\006\052\006\105\006\047\006\071\006\314}{section.6.3}% \pLRE {۱۲۷}
\BOOKMARK [2][-]{subsection.6.3.2}{\376\377\006\070\006\107\006\110\006\061\000\040\006\110\000\040\006\047\006\101\006\110\006\104\000\040\006\055\006\062\006\050\000\040\006\104\006\314\006\050\006\061\006\047\006\104}{section.6.3}% \pLRE {۱۲۸}
\BOOKMARK [2][-]{subsection.6.3.3}{\376\377\006\047\006\071\006\052\006\065\006\047\006\050\000\040\006\071\006\105\006\110\006\105\006\314\000\040\006\361\006\371\006\362\006\366}{section.6.3}% \pLRE {۱۲۹}
\BOOKMARK [2][-]{subsection.6.3.4}{\376\377\006\057\006\110\006\104\006\052\040\014\006\107\006\047\006\314\000\040\006\251\006\047\006\061\006\257\006\061\006\314\000\040\006\047\006\110\006\104\006\314\006\107}{section.6.3}% \pLRE {۱۳۰}
\BOOKMARK [1][-]{section.6.4}{\376\377\006\054\006\106\006\257\000\040\006\054\006\107\006\047\006\106\006\314\000\040\006\057\006\110\006\105\000:\000\040\000\253\006\054\006\106\006\257\000\040\006\105\006\061\006\057\006\105\000\273\000\040\000\050\006\361\006\371\006\363\006\371\000-\006\361\006\371\006\364\006\365\000\051}{chapter.6}% \pLRE {۱۳۱}
\BOOKMARK [2][-]{subsection.6.4.1}{\376\377\006\206\006\061\006\047\000\040\006\054\006\106\006\257\000\040\006\057\006\110\006\105\000\040\006\105\006\052\006\101\006\047\006\110\006\052\000\040\006\050\006\110\006\057}{section.6.4}% \pLRE {۱۳۲}
\BOOKMARK [2][-]{subsection.6.4.2}{\376\377\006\054\006\314\006\061\006\107\040\014\006\050\006\106\006\057\006\314\000\040\006\110\000\040\006\050\006\061\006\047\006\050\006\061\006\314}{section.6.4}% \pLRE {۱۳۳}
\BOOKMARK [2][-]{subsection.6.4.3}{\376\377\006\257\006\062\006\047\006\061\006\064\000\040\006\050\006\110\006\061\006\314\006\054\000\040\000\050\006\361\006\371\006\364\006\362\000\051\000:\000\040\006\106\006\102\006\064\006\107\000\040\006\061\006\047\006\107\000\040\006\057\006\110\006\104\006\052\000\040\006\061\006\101\006\047\006\107}{section.6.4}% \pLRE {۱۳۴}
\BOOKMARK [1][-]{section.6.5}{\376\377\006\057\006\110\006\104\006\052\000\040\006\047\006\052\006\104\006\314\000\040\006\110\000\040\006\063\006\047\006\056\006\052\006\106\000\040\006\057\006\110\006\104\006\052\000\040\006\061\006\101\006\047\006\107\000\040\000\050\006\361\006\371\006\364\006\365\000-\006\361\006\371\006\365\006\361\000\051}{chapter.6}% \pLRE {۱۳۵}
\BOOKMARK [2][-]{subsection.6.5.1}{\376\377\006\047\006\106\006\052\006\056\006\047\006\050\006\047\006\052\000\040\006\361\006\371\006\364\006\365\000:\000\040\006\064\006\110\006\251\000\040\006\052\006\047\006\061\006\314\006\056\006\314}{section.6.5}% \pLRE {۱۳۶}
\BOOKMARK [2][-]{subsection.6.5.2}{\376\377\006\102\006\110\006\047\006\106\006\314\006\106\000\040\006\050\006\106\006\314\006\047\006\057\006\314\006\106\000\040\006\057\006\110\006\104\006\052\000\040\006\061\006\101\006\047\006\107}{section.6.5}% \pLRE {۱۳۷}
\BOOKMARK [2][-]{subsection.6.5.3}{\376\377\000N\000H\000S\000:\000\040\006\050\006\062\006\061\006\257\040\014\006\052\006\061\006\314\006\106\000\040\006\057\006\063\006\052\006\047\006\110\006\061\006\057}{section.6.5}% \pLRE {۱۳۸}
\BOOKMARK [2][-]{subsection.6.5.4}{\376\377\006\105\006\104\006\314\040\014\006\063\006\047\006\062\006\314\000\040\006\065\006\106\006\047\006\314\006\071}{section.6.5}% \pLRE {۱۳۹}
\BOOKMARK [1][-]{section.6.6}{\376\377\006\047\006\054\006\105\006\047\006\071\000\040\006\176\006\063\000\040\006\047\006\062\000\040\006\054\006\106\006\257\000\040\000\050\006\361\006\371\006\365\006\361\000-\006\361\006\371\006\367\006\371\000\051}{chapter.6}% \pLRE {۱۴۰}
\BOOKMARK [2][-]{subsection.6.6.1}{\376\377\000\253\006\050\006\047\006\052\006\063\006\251\006\104\006\314\006\063\006\105\000\273\000:\000\040\006\047\006\054\006\105\006\047\006\071\000\040\006\057\006\110\000\040\006\055\006\062\006\050\006\314}{section.6.6}% \pLRE {۱۴۱}
\BOOKMARK [2][-]{subsection.6.6.2}{\376\377\000\253\006\071\006\065\006\061\000\040\006\067\006\104\006\047\006\314\006\314\000\273\000\040\006\047\006\102\006\052\006\065\006\047\006\057\006\314\000\040\000\050\006\361\006\371\006\365\006\360\000-\006\361\006\371\006\367\006\363\000\051}{section.6.6}% \pLRE {۱۴۲}
\BOOKMARK [2][-]{subsection.6.6.3}{\376\377\006\101\006\061\006\110\006\176\006\047\006\064\006\314\000\040\006\047\006\105\006\176\006\061\006\047\006\052\006\110\006\061\006\314}{section.6.6}% \pLRE {۱۴۳}
\BOOKMARK [2][-]{subsection.6.6.4}{\376\377\006\105\006\107\006\047\006\054\006\061\006\052\000\040\006\110\000\040\006\054\006\047\006\105\006\071\006\107\000\040\006\206\006\106\006\057\006\101\006\061\006\107\006\106\006\257\006\314}{section.6.6}% \pLRE {۱۴۴}
\BOOKMARK [1][-]{section.6.7}{\376\377\006\101\006\061\006\110\006\176\006\047\006\064\006\314\000\040\006\047\006\054\006\105\006\047\006\071\000\040\000\050\006\361\006\371\006\367\006\360\000-\006\361\006\371\006\367\006\371\000\051}{chapter.6}% \pLRE {۱۴۵}
\BOOKMARK [2][-]{subsection.6.7.1}{\376\377\006\050\006\055\006\061\006\047\006\106\040\014\006\107\006\047\006\314\000\040\006\057\006\107\006\107\000\040\006\361\006\371\006\367\006\360}{section.6.7}% \pLRE {۱۴۶}
\BOOKMARK [2][-]{subsection.6.7.2}{\376\377\006\042\006\105\006\047\006\061\000\040\006\061\006\251\006\110\006\057\000\040\006\052\006\110\006\061\006\105\006\314}{section.6.7}% \pLRE {۱۴۷}
\BOOKMARK [2][-]{subsection.6.7.3}{\376\377\006\063\006\102\006\110\006\067\000\040\006\057\006\110\006\104\006\052\000\040\006\107\006\314\006\053\000\040\000\050\006\361\006\371\006\367\006\364\000\051}{section.6.7}% \pLRE {۱۴۸}
\BOOKMARK [2][-]{subsection.6.7.4}{\376\377\006\050\006\055\006\061\006\047\006\106\000\040\000I\000M\000F\000\040\000\050\006\361\006\371\006\367\006\366\000\051}{section.6.7}% \pLRE {۱۴۹}
\BOOKMARK [2][-]{subsection.6.7.5}{\376\377\006\062\006\105\006\063\006\052\006\047\006\106\000\040\006\106\006\047\006\061\006\066\006\047\006\314\006\052\006\314\000\040\000\050\006\361\006\371\006\367\006\370\000-\006\361\006\371\006\367\006\371\000\051}{section.6.7}% \pLRE {۱۵۰}
\BOOKMARK [2][-]{subsection.6.7.6}{\376\377\006\047\006\106\006\052\006\056\006\047\006\050\006\047\006\052\000\040\006\361\006\371\006\367\006\371\000:\000\040\006\176\006\047\006\314\006\047\006\106\000\040\006\314\006\251\000\040\006\071\006\065\006\061}{section.6.7}% \pLRE {۱۵۱}
\BOOKMARK [1][-]{section.6.8}{\376\377\006\052\006\055\006\104\006\314\006\104\000\040\006\106\006\107\006\047\006\314\006\314\000\040\006\101\006\065\006\104\000\040\006\064\006\064\006\105}{chapter.6}% \pLRE {۱۵۲}
\BOOKMARK [2][-]{subsection.6.8.1}{\376\377\006\206\006\061\006\056\006\107\040\014\006\107\006\047\006\314\000\040\006\052\006\047\006\061\006\314\006\056\006\314\000\040\006\047\006\314\006\106\000\040\006\057\006\110\006\061\006\107}{section.6.8}% \pLRE {۱۵۳}
\BOOKMARK [2][-]{subsection.6.8.2}{\376\377\006\047\006\104\006\257\006\110\006\107\006\047\006\314\000\040\006\102\006\047\006\050\006\104\000\040\006\047\006\063\006\052\006\056\006\061\006\047\006\054}{section.6.8}% \pLRE {۱۵۴}
\BOOKMARK [2][-]{subsection.6.8.3}{\376\377\006\105\006\102\006\047\006\314\006\063\006\107\000\040\006\050\006\047\000\040\006\063\006\047\006\314\006\061\000\040\006\251\006\064\006\110\006\061\006\107\006\047}{section.6.8}% \pLRE {۱۵۵}
\BOOKMARK [0][-]{chapter.7}{\376\377\006\047\006\062\000\040\006\052\006\047\006\206\006\061\000\040\006\052\006\047\000\040\006\050\006\061\006\257\006\062\006\314\006\052\000\040\000\050\006\361\006\371\006\367\006\371\000-\006\362\006\360\006\362\006\364\000\051}{}% \pLRE {۱۵۶}
\BOOKMARK [1][-]{section.7.1}{\376\377\006\063\006\047\006\056\006\052\006\047\006\061\000\040\006\052\006\055\006\104\006\314\006\104\006\314\000\040\006\101\006\065\006\104}{chapter.7}% \pLRE {۱۵۷}
\BOOKMARK [1][-]{section.7.2}{\376\377\006\047\006\106\006\102\006\104\006\047\006\050\000\040\006\052\006\047\006\206\006\061\006\314\000\040\000\050\006\361\006\371\006\367\006\371\000-\006\361\006\371\006\371\006\360\000\051}{chapter.7}% \pLRE {۱۵۸}
\BOOKMARK [2][-]{subsection.7.2.1}{\376\377\006\105\006\047\006\061\006\257\006\047\006\061\006\052\000\040\006\052\006\047\006\206\006\061\000:\000\040\006\064\006\056\006\065\006\314\006\052\000\040\006\110\000\040\006\047\006\314\006\057\006\046\006\110\006\104\006\110\006\230\006\314}{section.7.2}% \pLRE {۱۵۹}
\BOOKMARK [2][-]{subsection.7.2.2}{\376\377\006\063\006\052\006\110\006\106\040\014\006\107\006\047\006\314\000\040\006\052\006\047\006\206\006\061\006\314\006\063\006\105}{section.7.2}% \pLRE {۱۶۰}
\BOOKMARK [2][-]{subsection.7.2.3}{\376\377\006\063\006\314\006\047\006\063\006\052\040\014\006\107\006\047\006\314\000\040\006\251\006\104\006\314\006\057\006\314}{section.7.2}% \pLRE {۱۶۱}
\BOOKMARK [2][-]{subsection.7.2.4}{\376\377\006\064\006\047\006\056\006\065\040\014\006\107\006\047\006\314\000\040\006\047\006\102\006\052\006\065\006\047\006\057\006\314\000\040\006\057\006\110\006\061\006\107\000\040\006\052\006\047\006\206\006\061}{section.7.2}% \pLRE {۱۶۲}
\BOOKMARK [2][-]{subsection.7.2.5}{\376\377\006\106\006\047\006\050\006\061\006\047\006\050\006\061\006\314\000\040\006\110\000\040\000\253\006\057\006\110\000\040\006\105\006\104\006\052\000\273}{section.7.2}% \pLRE {۱۶۳}
\BOOKMARK [2][-]{subsection.7.2.6}{\376\377\006\063\006\102\006\110\006\067\000\040\006\052\006\047\006\206\006\061\000\040\000\050\006\361\006\371\006\371\006\360\000\051}{section.7.2}% \pLRE {۱۶۴}
\BOOKMARK [1][-]{section.7.3}{\376\377\006\057\006\110\006\061\006\107\000\040\006\105\006\314\006\054\006\061\000\040\000\050\006\361\006\371\006\371\006\360\000-\006\361\006\371\006\371\006\367\000\051}{chapter.7}% \pLRE {۱۶۵}
\BOOKMARK [2][-]{subsection.7.3.1}{\376\377\006\110\006\314\006\230\006\257\006\314\040\014\006\107\006\047\006\314\000\040\006\057\006\110\006\061\006\107\000\040\006\105\006\314\006\054\006\061}{section.7.3}% \pLRE {۱۶۶}
\BOOKMARK [1][-]{section.7.4}{\376\377\006\251\006\047\006\061\006\257\006\061\000\040\006\106\006\110\000\040\006\110\000\040\000\253\006\061\006\047\006\107\000\040\006\063\006\110\006\105\000\273\000\040\000\050\006\361\006\371\006\371\006\367\000-\006\362\006\360\006\361\006\360\000\051}{chapter.7}% \pLRE {۱۶۷}
\BOOKMARK [2][-]{subsection.7.4.1}{\376\377\006\052\006\055\006\110\006\104\000\040\006\055\006\062\006\050\000\040\006\251\006\047\006\061\006\257\006\061}{section.7.4}% \pLRE {۱۶۸}
\BOOKMARK [2][-]{subsection.7.4.2}{\376\377\006\047\006\065\006\110\006\104\000\040\000\253\006\061\006\047\006\107\000\040\006\063\006\110\006\105\000\273}{section.7.4}% \pLRE {۱۶۹}
\BOOKMARK [2][-]{subsection.7.4.3}{\376\377\006\047\006\106\006\052\006\056\006\047\006\050\006\047\006\052\000\040\006\361\006\371\006\371\006\367\000:\000\040\006\062\006\104\006\062\006\104\006\107\000\040\006\063\006\314\006\047\006\063\006\314}{section.7.4}% \pLRE {۱۷۰}
\BOOKMARK [2][-]{subsection.7.4.4}{\376\377\006\057\006\063\006\052\006\047\006\110\006\061\006\057\006\107\006\047\006\314\000\040\006\057\006\110\006\104\006\052\000\040\006\050\006\104\006\061}{section.7.4}% \pLRE {۱۷۱}
\BOOKMARK [2][-]{subsection.7.4.5}{\376\377\006\071\006\061\006\047\006\102\000\040\006\110\000\040\006\047\006\101\006\110\006\104\000\040\006\050\006\104\006\061}{section.7.4}% \pLRE {۱۷۲}
\BOOKMARK [1][-]{section.7.5}{\376\377\006\061\006\314\006\047\006\066\006\052\006\014\000\040\006\050\006\061\006\257\006\062\006\314\006\052\000\040\006\110\000\040\006\050\006\055\006\061\006\047\006\106\000\040\000\050\006\362\006\360\006\361\006\360\000-\006\362\006\360\006\362\006\364\000\051}{chapter.7}% \pLRE {۱۷۳}
\BOOKMARK [2][-]{subsection.7.5.1}{\376\377\006\050\006\055\006\061\006\047\006\106\000\040\006\105\006\047\006\104\006\314\000\040\006\362\006\360\006\360\006\370\000\040\006\110\000\040\006\176\006\314\006\047\006\105\006\057\006\107\006\047}{section.7.5}% \pLRE {۱۷۴}
\BOOKMARK [2][-]{subsection.7.5.2}{\376\377\006\061\006\314\006\047\006\066\006\052\000\040\006\047\006\102\006\052\006\065\006\047\006\057\006\314\000\040\000\050\006\362\006\360\006\361\006\360\000-\006\362\006\360\006\361\006\371\000\051}{section.7.5}% \pLRE {۱۷۵}
\BOOKMARK [2][-]{subsection.7.5.3}{\376\377\006\050\006\061\006\257\006\062\006\314\006\052\000:\000\040\006\061\006\043\006\314\040\014\006\257\006\314\006\061\006\314\000\040\006\110\000\040\006\176\006\314\006\047\006\105\006\057\006\107\006\047}{section.7.5}% \pLRE {۱۷۶}
\BOOKMARK [2][-]{subsection.7.5.4}{\376\377\006\050\006\055\006\061\006\047\006\106\040\014\006\107\006\047\006\314\000\040\006\362\006\360\006\362\006\360\000-\006\362\006\360\006\362\006\364}{section.7.5}% \pLRE {۱۷۷}
\BOOKMARK [1][-]{section.7.6}{\376\377\006\052\006\055\006\104\006\314\006\104\000\040\006\106\006\107\006\047\006\314\006\314\000\040\006\101\006\065\006\104\000\040\006\107\006\101\006\052\006\105}{chapter.7}% \pLRE {۱۷۸}
\BOOKMARK [2][-]{subsection.7.6.1}{\376\377\006\105\006\314\006\061\006\047\006\053\000\040\006\052\006\047\006\206\006\061\006\314\006\063\006\105\000:\000\040\006\047\006\061\006\062\006\314\006\047\006\050\006\314\000\040\006\364\006\365\000\040\006\063\006\047\006\104\006\107}{section.7.6}% \pLRE {۱۷۹}
\BOOKMARK [2][-]{subsection.7.6.2}{\376\377\006\206\006\061\006\056\006\064\000\040\006\206\006\176\000\040\006\110\000\040\006\061\006\047\006\063\006\052\000:\000\040\006\107\006\105\006\257\006\061\006\047\006\314\006\314\000\040\006\047\006\314\006\057\006\046\006\110\006\104\006\110\006\230\006\314\006\251}{section.7.6}% \pLRE {۱۸۰}
\BOOKMARK [2][-]{subsection.7.6.3}{\376\377\006\064\006\251\006\047\006\101\040\014\006\107\006\047\006\314\000\040\006\063\006\047\006\056\006\052\006\047\006\061\006\314\000\040\006\050\006\047\006\102\006\314\040\014\006\105\006\047\006\106\006\057\006\107}{section.7.6}% \pLRE {۱۸۱}
\BOOKMARK [2][-]{subsection.7.6.4}{\376\377\006\064\006\047\006\056\006\065\040\014\006\107\006\047\006\314\000\040\006\251\006\104\006\314\006\057\006\314\000\040\006\361\006\371\006\367\006\371\000-\006\362\006\360\006\362\006\364}{section.7.6}% \pLRE {۱۸۲}
\BOOKMARK [0][-]{chapter.8}{\376\377\006\052\006\055\006\104\006\314\006\104\000\040\006\052\006\067\006\050\006\314\006\102\006\314\000:\000\040\006\050\006\061\006\314\006\052\006\047\006\106\006\314\006\047\000\040\006\057\006\061\000\040\006\042\006\314\006\106\006\107\000\040\006\057\006\314\006\257\006\061\006\047\006\106}{}% \pLRE {۱۸۳}
\BOOKMARK [1][-]{section.8.1}{\376\377\006\206\006\047\006\061\006\206\006\110\006\050\000\040\006\052\006\055\006\104\006\314\006\104\000\040\006\052\006\067\006\050\006\314\006\102\006\314}{chapter.8}% \pLRE {۱۸۴}
\BOOKMARK [2][-]{subsection.8.1.1}{\376\377\006\061\006\110\006\064\040\014\006\064\006\106\006\047\006\063\006\314}{section.8.1}% \pLRE {۱۸۵}
\BOOKMARK [1][-]{section.8.2}{\376\377\006\050\006\061\006\314\006\052\006\047\006\106\006\314\006\047\000\040\006\110\000\040\006\101\006\061\006\047\006\106\006\063\006\107\000:\000\040\006\057\006\110\000\040\006\105\006\063\006\314\006\061\000\040\006\105\006\052\006\101\006\047\006\110\006\052}{chapter.8}% \pLRE {۱۸۶}
\BOOKMARK [2][-]{subsection.8.2.1}{\376\377\006\052\006\101\006\047\006\110\006\052\040\014\006\107\006\047\006\314\000\040\006\050\006\106\006\314\006\047\006\057\006\314\006\106}{section.8.2}% \pLRE {۱۸۷}
\BOOKMARK [2][-]{subsection.8.2.2}{\376\377\006\105\006\063\006\314\006\061\000\040\006\057\006\105\006\110\006\251\006\061\006\047\006\052\006\314\006\062\006\047\006\063\006\314\006\110\006\106}{section.8.2}% \pLRE {۱۸۸}
\BOOKMARK [1][-]{section.8.3}{\376\377\006\050\006\061\006\314\006\052\006\047\006\106\006\314\006\047\000\040\006\110\000\040\006\042\006\104\006\105\006\047\006\106\000:\000\040\006\057\006\110\000\040\006\105\006\057\006\104\000\040\006\063\006\061\006\105\006\047\006\314\006\107\040\014\006\057\006\047\006\061\006\314}{chapter.8}% \pLRE {۱۸۹}
\BOOKMARK [2][-]{subsection.8.3.1}{\376\377\006\052\006\101\006\047\006\110\006\052\040\014\006\107\006\047\006\314\000\040\006\063\006\047\006\056\006\052\006\047\006\061\006\314}{section.8.3}% \pLRE {۱۹۰}
\BOOKMARK [1][-]{section.8.4}{\376\377\006\050\006\061\006\314\006\052\006\047\006\106\006\314\006\047\000\040\006\110\000\040\006\251\006\064\006\110\006\061\006\107\006\047\006\314\000\040\006\106\006\110\006\061\006\057\006\314\006\251}{chapter.8}% \pLRE {۱۹۱}
\BOOKMARK [2][-]{subsection.8.4.1}{\376\377\006\105\006\102\006\047\006\314\006\063\006\107\000\040\006\105\006\057\006\104\040\014\006\107\006\047\006\314\000\040\006\061\006\101\006\047\006\107\006\314}{section.8.4}% \pLRE {۱۹۲}
\BOOKMARK [1][-]{section.8.5}{\376\377\006\050\006\061\006\314\006\052\006\047\006\106\006\314\006\047\000\040\006\110\000\040\006\042\006\105\006\061\006\314\006\251\006\047\000:\000\040\000\253\006\061\006\047\006\050\006\067\006\107\000\040\006\110\006\314\006\230\006\107\000\273}{chapter.8}% \pLRE {۱۹۳}
\BOOKMARK [2][-]{subsection.8.5.1}{\376\377\006\064\006\050\006\047\006\107\006\052\040\014\006\107\006\047\000\040\006\110\000\040\006\052\006\101\006\047\006\110\006\052\040\014\006\107\006\047}{section.8.5}% \pLRE {۱۹۴}
\BOOKMARK [1][-]{section.8.6}{\376\377\006\050\006\061\006\314\006\052\006\047\006\106\006\314\006\047\000\040\006\110\000\040\006\042\006\063\006\314\006\047\006\314\000\040\006\064\006\061\006\102\006\314}{chapter.8}% \pLRE {۱۹۵}
\BOOKMARK [2][-]{subsection.8.6.1}{\376\377\006\057\006\110\006\104\006\052\000\040\006\052\006\110\006\063\006\071\006\107\040\014\006\257\006\061\006\047\000\040\000v\000s\000\040\006\057\006\110\006\104\006\052\000\040\006\104\006\314\006\050\006\061\006\047\006\104}{section.8.6}% \pLRE {۱۹۶}
\BOOKMARK [1][-]{section.8.7}{\376\377\006\054\006\105\006\071\040\014\006\050\006\106\006\057\006\314\000\040\006\052\006\067\006\050\006\314\006\102\006\314\000:\000\040\000\253\006\047\006\063\006\052\006\053\006\106\006\047\006\257\006\061\006\047\006\314\006\314\000\273\000\040\006\050\006\061\006\314\006\052\006\047\006\106\006\314\006\047\006\314\006\314}{chapter.8}% \pLRE {۱۹۷}
\BOOKMARK [2][-]{subsection.8.7.1}{\376\377\006\206\006\107\000\040\006\206\006\314\006\062\006\314\000\040\006\110\006\047\006\102\006\071\006\047\006\113\000\040\006\047\006\063\006\052\006\053\006\106\006\047\006\314\006\314\000\040\006\047\006\063\006\052\006\037}{section.8.7}% \pLRE {۱۹۸}
\BOOKMARK [0][-]{chapter.9}{\376\377\006\106\006\052\006\314\006\054\006\107\040\014\006\257\006\314\006\061\006\314\000:\000\040\006\047\006\104\006\257\006\110\006\107\006\047\006\014\000\040\006\057\006\061\006\063\040\014\006\107\006\047\000\040\006\110\000\040\006\206\006\064\006\105\040\014\006\047\006\106\006\057\006\047\006\062}{}% \pLRE {۱۹۹}
\BOOKMARK [1][-]{section.9.1}{\376\377\006\056\006\104\006\047\006\065\006\107\000\040\006\061\006\110\006\047\006\314\006\052\000\040\006\052\006\047\006\061\006\314\006\056\006\314}{chapter.9}% \pLRE {۲۰۰}
\BOOKMARK [1][-]{section.9.2}{\376\377\006\047\006\104\006\257\006\110\006\107\006\047\006\314\000\040\006\251\006\104\006\314\006\057\006\314\000\040\006\047\006\063\006\052\006\056\006\061\006\047\006\054\040\014\006\064\006\057\006\107}{chapter.9}% \pLRE {۲۰۱}
\BOOKMARK [2][-]{subsection.9.2.1}{\376\377\006\047\006\104\006\257\006\110\006\314\000\040\006\361\000:\000\040\006\052\006\072\006\314\006\314\006\061\000\040\006\052\006\057\006\061\006\314\006\054\006\314\000\040\006\050\006\107\040\014\006\054\006\047\006\314\000\040\006\047\006\106\006\102\006\104\006\047\006\050}{section.9.2}% \pLRE {۲۰۲}
\BOOKMARK [2][-]{subsection.9.2.2}{\376\377\006\047\006\104\006\257\006\110\006\314\000\040\006\362\000:\000\040\006\050\006\055\006\061\006\047\006\106\000\040\006\050\006\107\040\014\006\105\006\053\006\047\006\050\006\107\000\040\006\101\006\061\006\065\006\052}{section.9.2}% \pLRE {۲۰۳}
\BOOKMARK [2][-]{subsection.9.2.3}{\376\377\006\047\006\104\006\257\006\110\006\314\000\040\006\363\000:\000\040\006\047\006\052\006\055\006\047\006\057\000\040\006\067\006\050\006\102\006\047\006\052\000\040\006\050\006\107\040\014\006\054\006\047\006\314\000\040\006\054\006\106\006\257\000\040\006\067\006\050\006\102\006\047\006\052\006\314}{section.9.2}% \pLRE {۲۰۴}
\BOOKMARK [2][-]{subsection.9.2.4}{\376\377\006\047\006\104\006\257\006\110\006\314\000\040\006\364\000:\000\040\006\106\006\107\006\047\006\057\006\107\006\047\000\040\006\105\006\107\006\105\040\014\006\052\006\061\006\106\006\057\000\040\006\047\006\062\000\040\006\047\006\101\006\061\006\047\006\057}{section.9.2}% \pLRE {۲۰۵}
\BOOKMARK [2][-]{subsection.9.2.5}{\376\377\006\047\006\104\006\257\006\110\006\314\000\040\006\365\000:\000\040\006\107\006\062\006\314\006\106\006\107\000\040\006\176\006\314\006\064\006\257\006\047\006\105\006\314}{section.9.2}% \pLRE {۲۰۶}
\BOOKMARK [1][-]{section.9.3}{\376\377\006\057\006\107\000\040\006\057\006\061\006\063\000\040\006\251\006\104\006\314\006\057\006\314}{chapter.9}% \pLRE {۲۰۷}
\BOOKMARK [1][-]{section.9.4}{\376\377\006\107\006\064\006\057\006\047\006\061\006\107\006\047\000\040\006\110\000\040\006\105\006\055\006\057\006\110\006\057\006\314\006\052\040\014\006\107\006\047\006\314\000\040\006\052\006\071\006\105\006\314\006\105}{chapter.9}% \pLRE {۲۰۸}
\BOOKMARK [1][-]{section.9.5}{\376\377\006\206\006\064\006\105\040\014\006\047\006\106\006\057\006\047\006\062\000\040\006\042\006\314\006\106\006\057\006\107\000\040\006\050\006\061\006\314\006\052\006\047\006\106\006\314\006\047}{chapter.9}% \pLRE {۲۰۹}
\BOOKMARK [2][-]{subsection.9.5.1}{\376\377\006\206\006\047\006\104\006\064\040\014\006\107\006\047\006\314\000\040\006\176\006\314\006\064\040\014\006\061\006\110}{section.9.5}% \pLRE {۲۱۰}
\BOOKMARK [2][-]{subsection.9.5.2}{\376\377\006\063\006\106\006\047\006\061\006\314\006\110\006\107\006\047\006\314\000\040\006\105\006\105\006\251\006\106}{section.9.5}% \pLRE {۲۱۱}
\BOOKMARK [1][-]{section.9.6}{\376\377\006\176\006\061\006\063\006\064\040\014\006\107\006\047\006\314\000\040\006\050\006\047\006\062\000\040\006\050\006\061\006\047\006\314\000\040\006\176\006\230\006\110\006\107\006\064\000\040\006\042\006\314\006\106\006\057\006\107}{chapter.9}% \pLRE {۲۱۲}
\BOOKMARK [1][-]{section.9.7}{\376\377\006\251\006\104\006\047\006\105\000\040\006\042\006\056\006\061}{chapter.9}% \pLRE {۲۱۳}
\BOOKMARK [0][-]{appendix.Alph1}{\376\377\006\176\006\314\006\110\006\063\006\052\000\040\006\361\000:\000\040\006\054\006\057\006\110\006\104\000\040\006\062\006\105\006\047\006\106\006\314\000\040\006\054\006\047\006\105\006\071}{}% \pLRE {۲۱۴}
\BOOKMARK [0][-]{appendix.Alph2}{\376\377\006\176\006\314\006\110\006\063\006\052\000\040\006\362\000:\000\040\006\057\006\047\006\057\006\107\040\014\006\107\006\047\006\314\000\040\006\042\006\105\006\047\006\061\006\314\000\040\006\052\006\251\006\105\006\314\006\104\006\314}{}% \pLRE {۲۱۵}
\BOOKMARK [0][-]{appendix.Alph3}{\376\377\006\176\006\314\006\110\006\063\006\052\000\040\006\363\000:\000\040\006\110\006\047\006\230\006\107\040\014\006\106\006\047\006\105\006\107}{}% \pLRE {۲۱۶}
\BOOKMARK [0][-]{appendix*.52}{\376\377\006\251\006\052\006\047\006\050\040\014\006\064\006\106\006\047\006\063\006\314\000\040\006\054\006\047\006\105\006\071}{}% \pLRE {۲۱۷}
\BOOKMARK [0][-]{appendix*.53}{\376\377\006\106\006\105\006\047\006\314\006\107}{}% \pLRE {۲۱۸}
\BOOKMARK [0][-]{appendix*.54}{\376\377\006\063\006\056\006\106\000\040\006\176\006\047\006\314\006\047\006\106\006\314}{}% \pLRE {۲۱۹}
\BOOKMARK [0][-]{appendix.Alph4}{\376\377\006\176\006\314\006\110\006\063\006\052\000\040\006\364\000:\000\040\006\106\006\102\006\064\006\107\040\014\006\107\006\047\006\314\000\040\006\105\006\101\006\107\006\110\006\105\006\314\000\040\006\052\006\047\006\061\006\314\006\056\006\314}{}% \pLRE {۲۲۰}
\BOOKMARK [0][-]{appendix.Alph5}{\376\377\006\176\006\314\006\110\006\063\006\052\000\040\006\365\000:\000\040\006\063\006\104\006\063\006\104\006\107\040\014\006\107\006\047\006\314\000\040\006\176\006\047\006\057\006\064\006\047\006\107\006\314\000\040\006\050\006\061\006\314\006\052\006\047\006\106\006\314\006\047}{}% \pLRE {۲۲۱}
\BOOKMARK [0][-]{appendix.Alph6}{\376\377\006\176\006\314\006\110\006\063\006\052\000\040\006\366\000:\000\040\006\106\006\056\006\063\006\052\040\014\006\110\006\062\006\314\006\061\006\047\006\106\000\040\006\050\006\061\006\314\006\052\006\047\006\106\006\314\006\047}{}% \pLRE {۲۲۲}
\BOOKMARK [0][-]{appendix.Alph7}{\376\377\006\176\006\314\006\110\006\063\006\052\000\040\006\367\000:\000\040\006\105\006\102\006\047\006\314\006\063\006\107\040\014\006\107\006\047\006\314\000\040\006\050\006\314\006\106\040\014\006\047\006\104\006\105\006\104\006\104\006\314}{}% \pLRE {۲۲۳}
\BOOKMARK [0][-]{appendix.Alph8}{\376\377\006\176\006\314\006\110\006\063\006\052\000\040\006\370\000:\000\040\006\105\006\106\006\047\006\050\006\071\000\040\006\042\006\106\006\104\006\047\006\314\006\106\000\040\006\110\000\040\006\042\006\061\006\064\006\314\006\110\006\107\006\047}{}% \pLRE {۲۲۴}
