\BOOKMARK [0][-]{chapter.1}{\376\377\006\057\006\110\006\061\006\107\000\040\006\106\006\047\006\176\006\104\006\046\006\110\006\106\006\314\000\040\000\050\006\361\006\367\006\371\006\371\000-\006\361\006\370\006\361\006\365\000\051}{}% 1
\BOOKMARK [1][-]{section.1.1}{\376\377\006\106\006\047\006\176\006\104\006\046\006\110\006\106\000\040\006\251\006\314\006\063\006\052\006\037}{chapter.1}% 2
\BOOKMARK [1][-]{section.1.2}{\376\377\006\251\006\106\006\063\006\110\006\104\006\047\000\040\000\050\006\361\006\367\006\371\006\371\000-\006\361\006\370\006\360\006\364\000\051}{chapter.1}% 3
\BOOKMARK [2][-]{subsection.1.2.1}{\376\377\006\063\006\047\006\056\006\052\006\047\006\061\000\040\006\102\006\047\006\106\006\110\006\106\000\040\006\047\006\063\006\047\006\063\006\314\000\040\006\063\006\047\006\104\000\040\006\107\006\064\006\052\006\105}{section.1.2}% 4
\BOOKMARK [2][-]{subsection.1.2.2}{\376\377\000\253\006\107\006\105\006\107\040\014\006\176\006\061\006\063\006\314\000\273\000\040\006\110\000\040\006\105\006\064\006\061\006\110\006\071\006\314\006\052\040\014\006\063\006\047\006\062\006\314}{section.1.2}% 5
\BOOKMARK [2][-]{subsection.1.2.3}{\376\377\006\065\006\104\006\055\000\040\006\056\006\047\006\061\006\054\006\314\000\040\006\110\000\040\006\057\006\047\006\056\006\104\006\314}{section.1.2}% 6
\BOOKMARK [1][-]{section.1.3}{\376\377\006\047\006\065\006\104\006\047\006\055\006\047\006\052\000\040\006\106\006\047\006\176\006\104\006\046\006\110\006\106\006\314\000:\000\040\006\105\006\314\006\061\006\047\006\053\000\040\006\105\006\047\006\106\006\057\006\257\006\047\006\061}{chapter.1}% 7
\BOOKMARK [2][-]{subsection.1.3.1}{\376\377\006\251\006\057\000\040\006\106\006\047\006\176\006\104\006\046\006\110\006\106\000\040\000\050\006\102\006\047\006\106\006\110\006\106\000\040\006\105\006\057\006\106\006\314\000\040\006\361\006\370\006\360\006\364\000\051}{section.1.3}% 8
\BOOKMARK [2][-]{subsection.1.3.2}{\376\377\006\251\006\106\006\251\006\110\006\061\006\057\006\047\000\040\006\050\006\047\000\040\006\176\006\047\006\176\000\040\000\050\006\361\006\370\006\360\006\361\000\051}{section.1.3}% 9
\BOOKMARK [2][-]{subsection.1.3.3}{\376\377\006\106\006\070\006\047\006\105\000\040\006\042\006\105\006\110\006\062\006\064\006\314}{section.1.3}% 10
\BOOKMARK [2][-]{subsection.1.3.4}{\376\377\006\106\006\070\006\047\006\105\000\040\006\047\006\057\006\047\006\061\006\314}{section.1.3}% 11
\BOOKMARK [2][-]{subsection.1.3.5}{\376\377\006\063\006\047\006\314\006\061\000\040\006\047\006\065\006\104\006\047\006\055\006\047\006\052}{section.1.3}% 12
\BOOKMARK [1][-]{section.1.4}{\376\377\006\047\006\062\000\040\006\251\006\106\006\063\006\110\006\104\006\047\000\040\006\050\006\107\000\040\006\047\006\105\006\176\006\061\006\047\006\052\006\110\006\061\006\314\000\040\000\050\006\361\006\370\006\360\006\364\000\051}{chapter.1}% 13
\BOOKMARK [2][-]{subsection.1.4.1}{\376\377\006\206\006\061\006\047\000\040\006\047\006\105\006\176\006\061\006\047\006\052\006\110\006\061\006\314\006\037}{section.1.4}% 14
\BOOKMARK [2][-]{subsection.1.4.2}{\376\377\006\052\006\047\006\054\006\257\006\060\006\047\006\061\006\314\000:\000\040\006\362\000\040\006\057\006\063\006\047\006\105\006\050\006\061\000\040\006\361\006\370\006\360\006\364}{section.1.4}% 15
\BOOKMARK [1][-]{section.1.5}{\376\377\006\054\006\106\006\257\040\014\006\107\006\047\006\314\000\040\006\106\006\047\006\176\006\104\006\046\006\110\006\106\006\314}{chapter.1}% 16
\BOOKMARK [2][-]{subsection.1.5.1}{\376\377\006\106\006\050\006\061\006\057\006\107\006\047\006\314\000\040\006\047\006\065\006\104\006\314}{section.1.5}% 17
\BOOKMARK [2][-]{subsection.1.5.2}{\376\377\006\042\006\063\006\052\006\120\006\061\006\104\006\314\006\052\006\063\000:\000\040\006\064\006\047\006\107\006\251\006\047\006\061\000\040\006\052\006\047\006\251\006\052\006\314\006\251\006\314}{section.1.5}% 18
\BOOKMARK [2][-]{subsection.1.5.3}{\376\377\006\047\006\110\006\054\000\040\006\047\006\105\006\176\006\061\006\047\006\052\006\110\006\061\006\314\000:\000\040\006\361\006\370\006\360\006\367\000-\006\361\006\370\006\361\006\362}{section.1.5}% 19
\BOOKMARK [2][-]{subsection.1.5.4}{\376\377\006\106\006\070\006\047\006\105\000\040\006\102\006\047\006\061\006\107\040\014\006\047\006\314\000:\000\040\006\054\006\106\006\257\000\040\006\047\006\102\006\052\006\065\006\047\006\057\006\314\000\040\006\050\006\047\000\040\006\047\006\106\006\257\006\104\006\063\006\052\006\047\006\106}{section.1.5}% 20
\BOOKMARK [1][-]{section.1.6}{\376\377\006\063\006\102\006\110\006\067\000\040\006\047\006\105\006\176\006\061\006\047\006\052\006\110\006\061\006\314\000\040\000\050\006\361\006\370\006\361\006\362\000-\006\361\006\370\006\361\006\365\000\051}{chapter.1}% 21
\BOOKMARK [2][-]{subsection.1.6.1}{\376\377\006\101\006\047\006\054\006\071\006\107\000\040\006\061\006\110\006\063\006\314\006\107\000:\000\040\006\361\006\370\006\361\006\362}{section.1.6}% 22
\BOOKMARK [2][-]{subsection.1.6.2}{\376\377\006\101\006\061\006\110\006\176\006\047\006\064\006\314\000:\000\040\006\361\006\370\006\361\006\363\000-\006\361\006\370\006\361\006\364}{section.1.6}% 23
\BOOKMARK [2][-]{subsection.1.6.3}{\376\377\006\065\006\057\000\040\006\061\006\110\006\062\000\040\006\110\000\040\006\110\006\047\006\052\006\061\006\104\006\110}{section.1.6}% 24
\BOOKMARK [1][-]{section.1.7}{\376\377\006\047\006\061\006\062\006\314\006\047\006\050\006\314\000:\000\040\006\106\006\047\006\176\006\104\006\046\006\110\006\106\000\040\006\110\006\047\006\061\006\053\000\040\006\314\006\047\000\040\006\056\006\047\006\046\006\106\006\037}{chapter.1}% 25
\BOOKMARK [1][-]{section.1.8}{\376\377\006\105\006\106\006\047\006\050\006\071\000\040\006\101\006\065\006\104\000\040\006\206\006\107\006\047\006\061\006\105}{chapter.1}% 26
\BOOKMARK [2][-]{subsection.1.8.1}{\376\377\006\105\006\106\006\047\006\050\006\071\000\040\006\047\006\110\006\104\006\314\006\107}{section.1.8}% 27
\BOOKMARK [2][-]{subsection.1.8.2}{\376\377\006\105\006\106\006\047\006\050\006\071\000\040\006\053\006\047\006\106\006\110\006\314\006\107}{section.1.8}% 28
