\BOOKMARK [0][-]{chapter*.2}{\376\377\006\101\006\065\006\104\000\040\006\065\006\101\006\061\000:\000\040\006\056\006\104\006\047\006\065\006\107\000\040\006\105\006\057\006\314\006\061\006\314\006\052\006\314}{}% 1
\BOOKMARK [0][-]{chapter.1}{\376\377\006\105\006\102\006\057\006\105\006\107\000\040\006\110\000\040\006\206\006\047\006\061\006\206\006\110\006\050\000\040\006\106\006\070\006\061\006\314}{}% 2
\BOOKMARK [1][-]{section.1.1}{\376\377\006\067\006\061\006\055\000\040\006\105\006\063\006\046\006\104\006\107\000:\000\040\006\105\006\071\006\105\006\047\006\314\000\040\006\101\006\061\006\047\006\106\006\063\006\110\006\314}{chapter.1}% 3
\BOOKMARK [2][-]{subsection.1.1.1}{\376\377\006\101\006\061\006\047\006\106\006\063\006\107\000\040\006\057\006\061\000\040\006\105\006\102\006\047\006\314\006\063\006\107\000\040\006\050\006\047\000\040\006\107\006\105\006\063\006\047\006\314\006\257\006\047\006\106}{section.1.1}% 4
\BOOKMARK [1][-]{section.1.2}{\376\377\006\206\006\047\006\061\006\206\006\110\006\050\000\040\006\106\006\070\006\061\006\314\000:\000\040\006\061\006\110\006\314\006\251\006\061\006\057\000\040\006\206\006\106\006\057\006\110\006\054\006\107\006\314}{chapter.1}% 5
\BOOKMARK [2][-]{subsection.1.2.1}{\376\377\006\104\006\106\006\062\000\040\006\047\006\110\006\104\000:\000\040\006\052\006\047\006\061\006\314\006\056\000\040\006\063\006\314\006\047\006\063\006\314\000\040\000\050\006\061\006\110\006\314\006\057\006\047\006\057\006\105\006\055\006\110\006\061\000\051}{section.1.2}% 6
\BOOKMARK [2][-]{subsection.1.2.2}{\376\377\006\104\006\106\006\062\000\040\006\057\006\110\006\105\000:\000\040\006\054\006\047\006\105\006\071\006\107\040\014\006\064\006\106\006\047\006\063\006\314\000\040\006\063\006\314\006\047\006\063\006\314\000\040\000\050\006\063\006\047\006\056\006\052\006\047\006\061\006\105\006\055\006\110\006\061\000\051}{section.1.2}% 7
\BOOKMARK [2][-]{subsection.1.2.3}{\376\377\006\104\006\106\006\062\000\040\006\063\006\110\006\105\000:\000\040\006\061\006\110\006\047\006\106\040\014\006\064\006\106\006\047\006\063\006\314\000\040\006\047\006\054\006\052\006\105\006\047\006\071\006\314\000\040\000\050\006\060\006\107\006\106\006\314\006\052\040\014\006\107\006\047\000\051}{section.1.2}% 8
\BOOKMARK [2][-]{subsection.1.2.4}{\376\377\006\104\006\106\006\062\000\040\006\206\006\107\006\047\006\061\006\105\000:\000\040\006\047\006\102\006\052\006\065\006\047\006\057\000\040\006\063\006\314\006\047\006\063\006\314}{section.1.2}% 9
\BOOKMARK [2][-]{subsection.1.2.5}{\376\377\006\104\006\106\006\062\000\040\006\176\006\106\006\054\006\105\000:\000\040\006\101\006\104\006\063\006\101\006\107\000\040\006\063\006\314\006\047\006\063\006\314}{section.1.2}% 10
\BOOKMARK [1][-]{section.1.3}{\376\377\006\101\006\104\006\063\006\101\006\107\000\040\006\063\006\314\006\047\006\063\006\314\000\040\006\110\000\040\006\047\006\106\006\102\006\104\006\047\006\050\000:\000\040\006\052\006\055\006\104\006\314\006\104\000\040\006\071\006\105\006\314\006\102}{chapter.1}% 11
\BOOKMARK [2][-]{subsection.1.3.1}{\376\377\006\063\006\107\000\040\006\063\006\106\006\052\000\040\006\101\006\104\006\063\006\101\006\314\000\040\006\105\006\044\006\053\006\061}{section.1.3}% 12
\BOOKMARK [2][-]{subsection.1.3.2}{\376\377\006\105\006\314\006\062\006\047\006\106\000\040\006\042\006\257\006\047\006\107\006\314\000\040\006\047\006\062\000\040\006\101\006\104\006\063\006\101\006\107\000\040\006\063\006\314\006\047\006\063\006\314\000:\000\040\006\106\006\056\006\050\006\257\006\047\006\106\000\040\006\110\000\040\006\071\006\110\006\047\006\105}{section.1.3}% 13
\BOOKMARK [2][-]{subsection.1.3.3}{\376\377\006\047\006\104\006\047\006\107\006\314\006\047\006\052\000\040\006\063\006\314\006\047\006\063\006\314\000:\000\040\006\106\006\102\006\064\000\040\006\057\006\314\006\106\000\040\006\057\006\061\000\040\006\052\006\055\006\110\006\104\006\047\006\052}{section.1.3}% 14
\BOOKMARK [1][-]{section.1.4}{\376\377\006\061\006\110\006\064\040\014\006\064\006\106\006\047\006\063\006\314\000:\000\040\006\052\006\047\006\061\006\314\006\056\000\040\006\047\006\062\000\040\006\050\006\047\006\104\006\047\000\040\006\110\000\040\006\047\006\062\000\040\006\176\006\047\006\314\006\314\006\106}{chapter.1}% 15
\BOOKMARK [2][-]{subsection.1.4.1}{\376\377\006\052\006\047\006\061\006\314\006\056\000\040\006\047\006\062\000\040\006\050\006\047\006\104\006\047\000:\000\040\006\206\006\107\006\061\006\107\040\014\006\107\006\047\000\040\006\110\000\040\006\052\006\065\006\105\006\314\006\105\006\047\006\052}{section.1.4}% 16
\BOOKMARK [2][-]{subsection.1.4.2}{\376\377\006\052\006\047\006\061\006\314\006\056\000\040\006\047\006\062\000\040\006\176\006\047\006\314\006\314\006\106\000:\000\040\006\052\006\110\006\057\006\107\040\014\006\107\006\047\000\040\006\057\006\061\000\040\006\065\006\055\006\106\006\107}{section.1.4}% 17
\BOOKMARK [1][-]{section.1.5}{\376\377\006\052\006\055\006\104\006\314\006\104\000\040\006\060\006\107\006\106\006\314\006\052\040\014\006\107\006\047\000\040\000\050\000M\000e\000n\000t\000a\000l\000i\000t\000\351\000s\000\051}{chapter.1}% 18
\BOOKMARK [2][-]{subsection.1.5.1}{\376\377\006\105\006\044\006\104\006\101\006\107\040\014\006\107\006\047\006\314\000\040\006\060\006\107\006\106\006\314\006\052\000\040\006\047\006\106\006\102\006\104\006\047\006\050\006\314\000\040\006\101\006\061\006\047\006\106\006\063\006\110\006\314}{section.1.5}% 19
\BOOKMARK [1][-]{section.1.6}{\376\377\006\063\006\047\006\056\006\052\006\047\006\061\000\040\006\251\006\052\006\047\006\050}{chapter.1}% 20
\BOOKMARK [1][-]{section.1.7}{\376\377\006\176\006\061\006\063\006\064\040\014\006\107\006\047\006\314\000\040\006\061\006\047\006\107\006\106\006\105\006\047\000\040\006\050\006\061\006\047\006\314\000\040\006\107\006\061\000\040\006\101\006\065\006\104}{chapter.1}% 21
\BOOKMARK [1][-]{section.1.8}{\376\377\006\105\006\106\006\047\006\050\006\071\000\040\006\101\006\065\006\104\000\040\006\047\006\110\006\104}{chapter.1}% 22
\BOOKMARK [2][-]{subsection.1.8.1}{\376\377\006\105\006\106\006\047\006\050\006\071\000\040\006\047\006\110\006\104\006\314\006\107}{section.1.8}% 23
\BOOKMARK [2][-]{subsection.1.8.2}{\376\377\006\105\006\106\006\047\006\050\006\071\000\040\006\053\006\047\006\106\006\110\006\314\006\107}{section.1.8}% 24
