\BOOKMARK [0][-]{chapter.1}{\376\377\006\106\006\052\006\314\006\054\006\107\040\014\006\257\006\314\006\061\006\314\000\040\006\110\000\040\006\047\006\104\006\257\006\110\006\107\006\047}{}% 1
\BOOKMARK [1][-]{section.1.1}{\376\377\006\063\006\101\006\061\006\314\000\040\006\251\006\107\000\040\006\067\006\314\000\040\006\251\006\061\006\057\006\314\006\105}{chapter.1}% 2
\BOOKMARK [2][-]{subsection.1.1.1}{\376\377\006\105\006\061\006\110\006\061\006\314\000\040\006\050\006\061\000\040\006\105\006\063\006\314\006\061}{section.1.1}% 3
\BOOKMARK [2][-]{subsection.1.1.2}{\376\377\006\042\006\105\006\047\006\061\000\040\006\251\006\104\006\314\006\057\006\314}{section.1.1}% 4
\BOOKMARK [1][-]{section.1.2}{\376\377\006\107\006\101\006\052\000\040\006\047\006\104\006\257\006\110\006\314\000\040\006\251\006\104\006\047\006\106}{chapter.1}% 5
\BOOKMARK [2][-]{subsection.1.2.1}{\376\377\006\047\006\104\006\257\006\110\006\314\000\040\006\047\006\110\006\104\000:\000\040\006\057\006\314\006\047\006\104\006\251\006\052\006\314\006\251\000\040\006\047\006\106\006\102\006\104\006\047\006\050\000\040\006\110\000\040\006\110\006\047\006\251\006\106\006\064}{section.1.2}% 6
\BOOKMARK [2][-]{subsection.1.2.2}{\376\377\006\047\006\104\006\257\006\110\006\314\000\040\006\057\006\110\006\105\000:\000\040\006\054\006\063\006\052\006\054\006\110\006\314\000\040\006\052\006\071\006\047\006\057\006\104\000\040\006\102\006\057\006\061\006\052}{section.1.2}% 7
\BOOKMARK [2][-]{subsection.1.2.3}{\376\377\006\047\006\104\006\257\006\110\006\314\000\040\006\063\006\110\006\105\000:\000\040\006\105\006\063\006\046\006\104\006\107\000\040\006\105\006\064\006\061\006\110\006\071\006\314\006\052}{section.1.2}% 8
\BOOKMARK [2][-]{subsection.1.2.4}{\376\377\006\047\006\104\006\257\006\110\006\314\000\040\006\206\006\107\006\047\006\061\006\105\000:\000\040\006\052\006\106\006\064\000\040\006\105\006\061\006\251\006\062\000-\006\176\006\314\006\061\006\047\006\105\006\110\006\106}{section.1.2}% 9
\BOOKMARK [2][-]{subsection.1.2.5}{\376\377\006\047\006\104\006\257\006\110\006\314\000\040\006\176\006\106\006\054\006\105\000:\000\040\006\105\006\063\006\046\006\104\006\107\000\040\006\047\006\054\006\052\006\105\006\047\006\071\006\314\000\040\006\055\006\104\040\014\006\106\006\064\006\057\006\107}{section.1.2}% 10
\BOOKMARK [2][-]{subsection.1.2.6}{\376\377\006\047\006\104\006\257\006\110\006\314\000\040\006\064\006\064\006\105\000:\000\040\006\050\006\055\006\061\006\047\006\106\000\040\006\056\006\047\006\061\006\054\006\314\000\040\000=\000\040\006\052\006\072\006\314\006\314\006\061\000\040\006\057\006\047\006\056\006\104\006\314}{section.1.2}% 11
\BOOKMARK [2][-]{subsection.1.2.7}{\376\377\006\047\006\104\006\257\006\110\006\314\000\040\006\107\006\101\006\052\006\105\000:\000\040\006\106\006\102\006\064\000\040\006\064\006\056\006\065\006\314\006\052\040\014\006\107\006\047}{section.1.2}% 12
\BOOKMARK [1][-]{section.1.3}{\376\377\006\176\006\061\006\063\006\064\040\014\006\107\006\047\006\314\000\040\006\050\006\047\006\062}{chapter.1}% 13
\BOOKMARK [2][-]{subsection.1.3.1}{\376\377\006\042\006\314\006\047\000\040\006\054\006\105\006\107\006\110\006\061\006\314\000\040\006\176\006\106\006\054\006\105\000\040\006\176\006\047\006\314\006\057\006\047\006\061\000\040\006\056\006\110\006\047\006\107\006\057\000\040\006\105\006\047\006\106\006\057\006\037}{section.1.3}% 14
\BOOKMARK [2][-]{subsection.1.3.2}{\376\377\006\042\006\314\006\047\000\040\000\253\006\047\006\063\006\052\006\053\006\106\006\047\006\314\000\040\006\101\006\061\006\047\006\106\006\063\006\110\006\314\000\273\000\040\006\176\006\047\006\314\006\047\006\106\000\040\006\314\006\047\006\101\006\052\006\107\006\037}{section.1.3}% 15
\BOOKMARK [1][-]{section.1.4}{\376\377\006\057\006\061\006\063\040\014\006\107\006\047\000\040\006\050\006\061\006\047\006\314\000\040\006\105\006\067\006\047\006\104\006\071\006\107\000\040\006\052\006\067\006\050\006\314\006\102\006\314}{chapter.1}% 16
\BOOKMARK [1][-]{section.1.5}{\376\377\006\251\006\104\006\047\006\105\000\040\006\042\006\056\006\061}{chapter.1}% 17
\BOOKMARK [1][-]{section.1.6}{\376\377\006\106\006\105\006\110\006\057\006\047\006\061\000\040\006\106\006\107\006\047\006\314\006\314\000:\000\040\006\063\006\314\006\061\000\040\006\052\006\055\006\110\006\104\000\040\006\063\006\314\006\047\006\063\006\314\000\040\006\101\006\061\006\047\006\106\006\063\006\107}{chapter.1}% 18
\BOOKMARK [1][-]{section.1.7}{\376\377\006\054\006\105\006\071\040\014\006\050\006\106\006\057\006\314\000\040\006\106\006\107\006\047\006\314\006\314}{chapter.1}% 19
\BOOKMARK [1][-]{Item.16}{\376\377\006\251\006\052\006\047\006\050\040\014\006\064\006\106\006\047\006\063\006\314\000\040\006\054\006\047\006\105\006\071}{chapter.1}% 20
