
> mahdisalem-com@0.0.1 build
> npm run content:all && astro build && npx pagefind --site dist


> mahdisalem-com@0.0.1 content:all
> node scripts/process-content.mjs --all

🚀 شروع پردازش همه محتوا...

📚 موارد پیدا شده در بخش کتاب‌ها: 0

📄 مقالات: 0

════════════════════════════════════════════════════════════
📊 گزارش نهایی
════════════════════════════════════════════════════════════
   📄 LaTeX: 0
   📝 Markdown: 0
   📑 PDF: 0
   📃 Word: 0
   🤖 AI: 0
   📊 Mermaid: 0 (کش: 0)
   ❌ خطا: 0
════════════════════════════════════════════════════════════

[2m16:35:15[22m [34m[content][39m Syncing content
[2m16:35:15[22m [34m[content][39m Synced content
[2m16:35:15[22m [34m[types][39m Generated [2m436ms[22m
[2m16:35:15[22m [34m[build][39m output: [34m"static"[39m
[2m16:35:15[22m [34m[build][39m mode: [34m"static"[39m
[2m16:35:15[22m [34m[build][39m directory: [34mC:\Users\b0583931\GitHub\MahdiSalem.com\dist\[39m
[2m16:35:15[22m [34m[build][39m Collecting build info...
[2m16:35:15[22m [34m[build][39m [32m✓ Completed in 467ms.[39m
[2m16:35:15[22m [34m[build][39m Building static entrypoints...
[31m[1m16:35:16[22m [ERROR] [vite][39m [31m✗[39m Build failed in 903ms
[@mdx-js/rollup] Expected the closing tag `</summary>` either after the end of `paragraph` (61:39) or another opening tag after the start of `paragraph` (61:3)
file: C:/Users/b0583931/GitHub/MahdiSalem.com/src/content/articles/fa/story-of-freedom-fa-fixed.mdx:61:29
  [1mLocation:[22m
    [4mC:/Users/b0583931/GitHub/MahdiSalem.com/src/content/articles/fa/story-of-freedom-fa-fixed.mdx:61:29[24m
  [1mStack trace:[22m
[2m    at Object.transform (file:///C:/Users/b0583931/GitHub/MahdiSalem.com/node_modules/@astrojs/mdx/dist/vite-plugin-mdx.js:62:15)[22m
