\BOOKMARK [0][-]{chapter*.2}{\376\377\006\105\006\102\006\057\006\105\006\107\000:\000\040\006\067\006\061\006\055\000\040\006\105\006\063\006\046\006\104\006\107}{}% 1
\BOOKMARK [0][-]{chapter.1}{\376\377\006\105\006\061\006\110\006\061\000\040\006\047\006\057\006\050\006\314\006\047\006\052\000\040\006\176\006\230\006\110\006\107\006\064\006\314}{}% 2
\BOOKMARK [1][-]{section.1.1}{\376\377\006\105\006\106\006\047\006\050\006\071\000\040\006\047\006\110\006\104\006\314\006\107\000:\000\040\006\065\006\057\006\047\006\314\000\040\006\056\006\110\006\057\000\040\006\056\006\105\006\314\006\106\006\314}{chapter.1}% 3
\BOOKMARK [1][-]{section.1.2}{\376\377\006\176\006\230\006\110\006\107\006\064\040\014\006\107\006\047\006\314\000\040\006\047\006\106\006\257\006\104\006\314\006\063\006\314\040\014\006\062\006\050\006\047\006\106}{chapter.1}% 4
\BOOKMARK [2][-]{subsection.1.2.1}{\376\377\006\047\006\061\006\110\006\106\006\057\000\040\006\042\006\050\006\061\006\047\006\107\006\047\006\105\006\314\006\047\006\106\000\040\000\050\000E\000r\000v\000a\000n\000d\000\040\000A\000b\000r\000a\000h\000a\000m\000i\000a\000n\000\051}{section.1.2}% 5
\BOOKMARK [2][-]{subsection.1.2.2}{\376\377\006\064\006\047\006\046\006\110\006\104\000\040\006\050\006\047\006\056\006\047\006\064\000\040\000\050\000S\000h\000a\000u\000l\000\040\000B\000a\000k\000h\000a\000s\000h\000\051}{section.1.2}% 6
\BOOKMARK [2][-]{subsection.1.2.3}{\376\377\006\063\006\071\006\314\006\057\000\040\006\047\006\105\006\314\006\061\000\040\006\047\006\061\006\054\006\105\006\106\006\057\000\040\000\050\000S\000a\000i\000d\000\040\000A\000m\000i\000r\000\040\000A\000r\000j\000o\000m\000a\000n\000d\000\051}{section.1.2}% 7
\BOOKMARK [2][-]{subsection.1.2.4}{\376\377\006\105\006\055\006\063\006\106\000\040\006\105\006\314\006\104\006\047\006\106\006\314\000\040\000\050\000M\000o\000h\000s\000e\000n\000\040\000M\000i\000l\000a\000n\000i\000\051}{section.1.2}% 8
\BOOKMARK [2][-]{subsection.1.2.5}{\376\377\006\106\006\314\006\251\006\314\000\040\006\251\006\057\006\314\000\040\000\050\000N\000i\000k\000k\000i\000\040\000K\000e\000d\000d\000i\000e\000\051}{section.1.2}% 9
\BOOKMARK [2][-]{subsection.1.2.6}{\376\377\006\050\006\047\006\102\006\061\000\040\006\105\006\071\006\314\006\106\000\040\000\050\000B\000a\000q\000e\000r\000\040\000M\000o\000i\000n\000\051}{section.1.2}% 10
\BOOKMARK [2][-]{subsection.1.2.7}{\376\377\006\110\006\106\006\063\006\047\000\040\006\105\006\047\006\061\006\052\006\314\006\106\000\040\000\050\000V\000a\000n\000e\000s\000s\000a\000\040\000M\000a\000r\000t\000i\000n\000\051}{section.1.2}% 11
\BOOKMARK [1][-]{section.1.3}{\376\377\006\176\006\230\006\110\006\107\006\064\040\014\006\107\006\047\006\314\000\040\006\101\006\047\006\061\006\063\006\314\040\014\006\062\006\050\006\047\006\106}{chapter.1}% 12
\BOOKMARK [2][-]{subsection.1.3.1}{\376\377\006\105\006\055\006\063\006\106\000\040\006\251\006\057\006\314\006\110\006\061}{section.1.3}% 13
\BOOKMARK [2][-]{subsection.1.3.2}{\376\377\006\055\006\063\006\314\006\106\000\040\006\050\006\064\006\314\006\061\006\314\006\107}{section.1.3}% 14
\BOOKMARK [2][-]{subsection.1.3.3}{\376\377\006\071\006\050\006\057\006\047\006\104\006\251\006\061\006\314\006\105\000\040\006\063\006\061\006\110\006\064}{section.1.3}% 15
\BOOKMARK [2][-]{subsection.1.3.4}{\376\377\006\063\006\071\006\314\006\057\000\040\006\055\006\054\006\047\006\061\006\314\006\047\006\106}{section.1.3}% 16
\BOOKMARK [2][-]{subsection.1.3.5}{\376\377\006\047\006\251\006\050\006\061\000\040\006\257\006\106\006\054\006\314}{section.1.3}% 17
\BOOKMARK [2][-]{subsection.1.3.6}{\376\377\006\071\006\050\006\047\006\063\000\040\006\105\006\314\006\104\006\047\006\106\006\314}{section.1.3}% 18
\BOOKMARK [1][-]{section.1.4}{\376\377\006\176\006\047\006\314\006\047\006\106\040\014\006\106\006\047\006\105\006\107\040\014\006\107\006\047\000\040\006\110\000\040\006\061\006\063\006\047\006\104\006\107\040\014\006\107\006\047\006\314\000\040\006\057\006\047\006\106\006\064\006\257\006\047\006\107\006\314}{chapter.1}% 19
\BOOKMARK [2][-]{subsection.1.4.1}{\376\377\006\176\006\047\006\314\006\047\006\106\040\014\006\106\006\047\006\105\006\107\040\014\006\107\006\047\006\314\000\040\006\101\006\047\006\061\006\063\006\314\040\014\006\062\006\050\006\047\006\106\000\040\000\050\006\047\006\314\006\061\006\047\006\106\000\051}{section.1.4}% 20
\BOOKMARK [2][-]{subsection.1.4.2}{\376\377\006\176\006\047\006\314\006\047\006\106\040\014\006\106\006\047\006\105\006\107\040\014\006\107\006\047\006\314\000\040\006\047\006\106\006\257\006\104\006\314\006\063\006\314\040\014\006\062\006\050\006\047\006\106\000\040\000\050\006\056\006\047\006\061\006\054\000\040\006\047\006\062\000\040\006\047\006\314\006\061\006\047\006\106\000\051}{section.1.4}% 21
\BOOKMARK [1][-]{section.1.5}{\376\377\006\105\006\102\006\047\006\104\006\047\006\052\000\040\006\071\006\104\006\105\006\314\000\040\006\064\006\047\006\056\006\065}{chapter.1}% 22
\BOOKMARK [2][-]{subsection.1.5.1}{\376\377\006\105\006\102\006\047\006\104\006\047\006\052\000\040\006\047\006\106\006\257\006\104\006\314\006\063\006\314\040\014\006\062\006\050\006\047\006\106}{section.1.5}% 23
\BOOKMARK [2][-]{subsection.1.5.2}{\376\377\006\105\006\102\006\047\006\104\006\047\006\052\000\040\006\101\006\047\006\061\006\063\006\314\040\014\006\062\006\050\006\047\006\106}{section.1.5}% 24
\BOOKMARK [1][-]{section.1.6}{\376\377\006\056\006\047\006\067\006\061\006\107\040\014\006\106\006\257\006\047\006\061\006\314\040\014\006\107\006\047\000\040\006\110\000\040\006\064\006\107\006\047\006\057\006\052\040\014\006\107\006\047\006\314\000\040\006\064\006\101\006\047\006\107\006\314}{chapter.1}% 25
\BOOKMARK [1][-]{section.1.7}{\376\377\006\106\006\102\006\064\006\107\006\124\000\040\006\060\006\107\006\106\006\314\000:\000\040\006\105\006\106\006\047\006\050\006\071\000\040\006\110\000\040\006\052\006\062\006\107\006\047}{chapter.1}% 26
\BOOKMARK [1][-]{section.1.8}{\376\377\006\047\006\061\006\062\006\314\006\047\006\050\006\314\000\040\006\251\006\104\006\314\000\040\006\047\006\057\006\050\006\314\006\047\006\052}{chapter.1}% 27
\BOOKMARK [2][-]{subsection.1.8.1}{\376\377\006\106\006\102\006\047\006\067\000\040\006\102\006\110\006\052}{section.1.8}% 28
\BOOKMARK [2][-]{subsection.1.8.2}{\376\377\006\106\006\102\006\047\006\067\000\040\006\066\006\071\006\101\000\040\006\110\000\040\006\056\006\104\006\043\006\107\006\047}{section.1.8}% 29
\BOOKMARK [2][-]{subsection.1.8.3}{\376\377\006\054\006\047\006\314\006\257\006\047\006\107\000\040\006\251\006\052\006\047\006\050\000\040\006\055\006\047\006\066\006\061}{section.1.8}% 30
\BOOKMARK [1][-]{section.1.9}{\376\377\006\054\006\057\006\110\006\104\000\040\006\056\006\104\006\047\006\065\006\107\006\124\000\040\006\052\006\062\006\107\006\047\000\040\006\110\000\040\006\105\006\057\006\047\006\101\006\071\006\047\006\106\000\040\006\047\006\065\006\104\006\314}{chapter.1}% 31
\BOOKMARK [1][-]{section.1.10}{\376\377\006\056\006\067\000\040\006\062\006\105\006\047\006\106\006\314\000:\000\040\006\105\006\061\006\047\006\055\006\104\000\040\006\251\006\104\006\314\006\057\006\314\000\040\006\050\006\061\006\047\006\314\000\040\006\047\006\061\006\054\006\047\006\071\000\040\006\057\006\061\000\040\006\101\006\065\006\110\006\104\000\040\006\042\006\052\006\314}{chapter.1}% 32
\BOOKMARK [1][-]{section.1.11}{\376\377\006\054\006\105\006\071\040\014\006\050\006\106\006\057\006\314\000\040\006\101\006\065\006\104\000\040\006\047\006\110\006\104}{chapter.1}% 33
\BOOKMARK [-1][-]{part.1}{\376\377\006\047\006\110\006\104\006\052\006\062\006\107\006\047\006\014\000\040\006\057\006\314\006\057\006\257\006\047\006\107\040\014\006\107\006\047\006\014\000\040\006\110\000\040\006\105\006\063\006\052\006\106\006\057\006\047\006\052}{}% 34
\BOOKMARK [0][-]{chapter.2}{\376\377\006\052\006\062\000\040\006\047\006\110\006\104\000:\000\040\006\065\006\057\006\047\006\102\006\052\000\040\006\047\006\110\006\104\006\314\006\107\000\040\006\110\000\040\006\052\006\072\006\314\006\314\006\061\000\040\006\106\006\047\006\257\006\062\006\314\006\061}{part.1}% 35
\BOOKMARK [1][-]{section.2.1}{\376\377\006\050\006\106\006\314\006\047\006\106\040\014\006\107\006\047\006\314\000\040\006\106\006\070\006\061\006\314\000\040\006\052\006\062\000\040\006\047\006\110\006\104}{chapter.2}% 36
\BOOKMARK [2][-]{subsection.2.1.1}{\376\377\006\105\006\101\006\107\006\110\006\105\000\040\000\253\006\105\006\061\006\054\006\071\006\314\006\052\000\040\006\047\006\061\006\064\006\047\006\057\006\314\000\273\000\040\006\057\006\061\000\040\006\101\006\102\006\107\000\040\006\063\006\106\006\052\006\314\000\040\006\064\006\314\006\071\006\107}{section.2.1}% 37
\BOOKMARK [2][-]{subsection.2.1.2}{\376\377\006\105\006\101\006\107\006\110\006\105\000\040\000\253\006\106\006\047\006\070\006\061\000\273\000\040\006\057\006\061\000\040\006\050\006\061\006\047\006\050\006\061\000\040\000\253\006\055\006\047\006\251\006\105\000\273}{section.2.1}% 38
\BOOKMARK [2][-]{subsection.2.1.3}{\376\377\006\106\006\070\006\061\006\314\006\107\006\124\000\040\000\253\006\105\006\106\006\067\006\102\000\040\006\047\006\106\006\102\006\104\006\047\006\050\040\014\006\107\006\047\000\273}{section.2.1}% 39
\BOOKMARK [1][-]{section.2.2}{\376\377\006\105\006\063\006\052\006\106\006\057\006\047\006\052\000\040\006\110\000\040\006\064\006\110\006\047\006\107\006\057\000\040\006\052\006\062\000\040\006\047\006\110\006\104}{chapter.2}% 40
\BOOKMARK [2][-]{subsection.2.2.1}{\376\377\006\064\006\110\006\047\006\107\006\057\000\040\006\062\006\050\006\047\006\106\006\314\000:\000\040\006\052\006\055\006\104\006\314\006\104\000\040\006\257\006\101\006\052\006\105\006\047\006\106\000\040\006\105\006\065\006\047\006\055\006\050\006\107\040\014\006\107\006\047\006\314\000\040\006\176\006\047\006\061\006\314\006\063}{section.2.2}% 41
\BOOKMARK [2][-]{subsection.2.2.2}{\376\377\006\064\006\110\006\047\006\107\006\057\000\040\006\061\006\101\006\052\006\047\006\061\006\314\000:\000\040\006\047\006\102\006\057\006\047\006\105\006\047\006\052\000\040\006\047\006\110\006\104\006\314\006\107\006\124\000\040\006\056\006\105\006\314\006\106\006\314\000\040\006\176\006\063\000\040\006\047\006\062\000\040\006\050\006\047\006\062\006\257\006\064\006\052}{section.2.2}% 42
\BOOKMARK [2][-]{subsection.2.2.3}{\376\377\006\064\006\110\006\047\006\107\006\057\000\040\006\050\006\055\006\061\006\047\006\106\006\314\000:\000\040\006\055\006\110\006\047\006\057\006\053\006\314\000\040\006\251\006\107\000\040\000\253\006\047\006\054\006\050\006\047\006\061\000\273\000\040\006\047\006\314\006\054\006\047\006\057\000\040\006\251\006\061\006\057}{section.2.2}% 43
\BOOKMARK [1][-]{section.2.3}{\376\377\006\105\006\057\006\047\006\101\006\071\006\047\006\106\000\040\006\047\006\065\006\104\006\314\000\040\006\052\006\062\000\040\006\047\006\110\006\104}{chapter.2}% 44
\BOOKMARK [2][-]{subsection.2.3.1}{\376\377\006\050\006\047\006\102\006\061\000\040\006\105\006\071\006\314\006\106}{section.2.3}% 45
\BOOKMARK [2][-]{subsection.2.3.2}{\376\377\006\071\006\050\006\057\006\047\006\104\006\251\006\061\006\314\006\105\000\040\006\063\006\061\006\110\006\064\000\040\000\050\006\056\006\110\006\047\006\106\006\064\000\040\006\047\006\110\006\104\006\314\006\107\000\051}{section.2.3}% 46
\BOOKMARK [2][-]{subsection.2.3.3}{\376\377\006\061\006\110\006\047\006\314\006\052\000\040\006\061\006\063\006\105\006\314\000\040\006\054\006\105\006\107\006\110\006\061\006\314\000\040\006\047\006\063\006\104\006\047\006\105\006\314}{section.2.3}% 47
\BOOKMARK [1][-]{section.2.4}{\376\377\006\106\006\102\006\057\000\040\006\052\006\062\000\040\006\047\006\110\006\104}{chapter.2}% 48
\BOOKMARK [2][-]{subsection.2.4.1}{\376\377\006\106\006\102\006\057\000\040\006\047\006\062\000\040\006\105\006\106\006\070\006\061\000\040\006\052\006\062\000\040\006\057\006\110\006\105\000\040\000\050\006\056\006\057\006\071\006\107\000\051}{section.2.4}% 49
\BOOKMARK [2][-]{subsection.2.4.2}{\376\377\006\106\006\102\006\057\000\040\006\047\006\062\000\040\006\105\006\106\006\070\006\061\000\040\006\052\006\062\000\040\006\063\006\110\006\105\000\040\000\050\006\052\006\251\006\047\006\105\006\104\000\051}{section.2.4}% 50
\BOOKMARK [2][-]{subsection.2.4.3}{\376\377\006\106\006\102\006\057\000\040\006\047\006\062\000\040\006\105\006\106\006\070\006\061\000\040\006\052\006\062\000\040\006\206\006\107\006\047\006\061\006\105\000\040\000\050\006\101\006\064\006\047\006\061\000\040\006\106\006\056\006\050\006\257\006\047\006\106\000\051}{section.2.4}% 51
\BOOKMARK [1][-]{section.2.5}{\376\377\006\054\006\105\006\071\040\014\006\050\006\106\006\057\006\314\000\040\006\101\006\065\006\104\000\040\006\057\006\110\006\105}{chapter.2}% 52
\BOOKMARK [0][-]{chapter.3}{\376\377\006\052\006\062\000\040\006\057\006\110\006\105\000:\000\040\006\056\006\057\006\071\006\107\006\124\000\040\006\042\006\257\006\047\006\107\006\047\006\106\006\107\000\040\006\110\000\040\006\047\006\063\006\052\006\061\006\047\006\052\006\230\006\314\000\040\006\050\006\104\006\106\006\057\006\105\006\057\006\052}{part.1}% 53
\BOOKMARK [1][-]{section.3.1}{\376\377\006\050\006\106\006\314\006\047\006\106\040\014\006\107\006\047\006\314\000\040\006\106\006\070\006\061\006\314\000\040\006\052\006\062\000\040\006\057\006\110\006\105}{chapter.3}% 54
\BOOKMARK [2][-]{subsection.3.1.1}{\376\377\006\105\006\101\006\107\006\110\006\105\000\040\000\253\006\056\006\057\006\071\006\107\000\273\000\040\006\057\006\061\000\040\006\101\006\102\006\107\000\040\006\110\000\040\006\047\006\056\006\104\006\047\006\102\000\040\006\063\006\314\006\047\006\063\006\314\000\040\006\064\006\314\006\071\006\314}{section.3.1}% 55
\BOOKMARK [2][-]{subsection.3.1.2}{\376\377\006\176\006\110\006\176\006\110\006\104\006\314\006\063\006\105\000\040\006\063\006\314\006\047\006\063\006\314\000\040\006\050\006\047\000\040\006\176\006\110\006\064\006\064\000\040\006\105\006\060\006\107\006\050\006\314\000\040\040\024\000\040\006\052\006\062\000\040\006\042\006\050\006\061\006\047\006\107\006\047\006\105\006\314\006\047\006\106}{section.3.1}% 56
\BOOKMARK [2][-]{subsection.3.1.3}{\376\377\006\105\006\101\006\107\006\110\006\105\000\040\000\253\006\061\006\107\006\050\006\061\000\040\006\047\006\063\006\052\006\061\006\047\006\052\006\230\006\314\006\251\000\273\000\040\040\024\000\040\006\102\006\061\006\047\006\046\006\052\000\040\006\105\006\047\006\251\006\314\006\047\006\110\006\104\006\314\006\063\006\052\006\314}{section.3.1}% 57
\BOOKMARK [1][-]{section.3.2}{\376\377\006\105\006\063\006\052\006\106\006\057\006\047\006\052\000\040\006\110\000\040\006\064\006\110\006\047\006\107\006\057\000\040\006\052\006\062\000\040\006\057\006\110\006\105}{chapter.3}% 58
\BOOKMARK [2][-]{subsection.3.2.1}{\376\377\006\064\006\047\006\107\006\057\000\040\006\361\000:\000\040\006\251\006\052\006\047\006\050\000\040\000\253\006\055\006\251\006\110\006\105\006\052\000\040\006\047\006\063\006\104\006\047\006\105\006\314\000\273\000\040\000\050\006\110\006\104\006\047\006\314\006\052\000\040\006\101\006\102\006\314\006\107\000\051\000\040\040\024\000\040\006\361\006\363\006\364\006\370}{section.3.2}% 59
\BOOKMARK [2][-]{subsection.3.2.2}{\376\377\006\064\006\047\006\107\006\057\000\040\006\362\000:\000\040\006\071\006\050\006\047\006\061\006\052\000\040\000\253\006\056\006\057\006\071\006\107\000\273\000\040\006\047\006\062\000\040\006\062\006\050\006\047\006\106\000\040\006\056\006\105\006\314\006\106\006\314}{section.3.2}% 60
\BOOKMARK [2][-]{subsection.3.2.3}{\376\377\006\064\006\047\006\107\006\057\000\040\006\363\000:\000\040\006\047\006\104\006\257\006\110\006\314\000\040\006\055\006\060\006\101\000\040\006\063\006\314\006\063\006\052\006\105\006\047\006\052\006\314\006\251\000\040\006\064\006\061\006\251\006\047\006\314\000\040\006\047\006\046\006\052\006\104\006\047\006\101}{section.3.2}% 61
\BOOKMARK [2][-]{subsection.3.2.4}{\376\377\006\064\006\047\006\107\006\057\000\040\006\364\000:\000\040\006\052\006\072\006\314\006\314\006\061\000\040\006\102\006\047\006\106\006\110\006\106\000\040\006\047\006\063\006\047\006\063\006\314\000\040\040\024\000\040\006\047\006\062\000\040\006\176\006\314\006\064\040\014\006\106\006\110\006\314\006\063\000\040\006\055\006\050\006\314\006\050\006\314\000\040\006\050\006\107\000\040\006\110\006\104\006\047\006\314\006\052\000\040\006\101\006\102\006\314\006\107}{section.3.2}% 62
\BOOKMARK [2][-]{subsection.3.2.5}{\376\377\006\064\006\047\006\107\006\057\000\040\006\365\000:\000\040\006\052\006\064\006\251\006\314\006\104\006\047\006\052\000\040\006\105\006\056\006\101\006\314\000\040\006\176\006\314\006\064\000\040\006\047\006\062\000\040\006\047\006\106\006\102\006\104\006\047\006\050}{section.3.2}% 63
\BOOKMARK [1][-]{section.3.3}{\376\377\006\105\006\057\006\047\006\101\006\071\006\047\006\106\000\040\006\047\006\065\006\104\006\314\000\040\006\052\006\062\000\040\006\057\006\110\006\105}{chapter.3}% 64
\BOOKMARK [2][-]{subsection.3.3.1}{\376\377\006\047\006\061\006\110\006\106\006\057\000\040\006\042\006\050\006\061\006\047\006\107\006\047\006\105\006\314\006\047\006\106\000\040\040\024\000\040\006\050\006\063\006\067\000\040\006\052\006\055\006\104\006\314\006\104}{section.3.3}% 65
\BOOKMARK [2][-]{subsection.3.3.2}{\376\377\006\047\006\251\006\050\006\061\000\040\006\257\006\106\006\054\006\314\000\040\040\024\000\040\006\065\006\061\006\047\006\055\006\052\000\040\006\047\006\106\006\052\006\102\006\047\006\057\006\314}{section.3.3}% 66
\BOOKMARK [2][-]{subsection.3.3.3}{\376\377\006\107\006\105\006\047\000\040\006\251\006\047\006\052\006\110\006\062\006\314\006\047\006\106\000\040\040\024\000\040\006\106\006\102\006\057\000\040\006\047\006\062\000\040\006\062\006\047\006\110\006\314\006\107\006\124\000\040\006\055\006\102\006\110\006\102\006\314\000-\006\052\006\047\006\061\006\314\006\056\006\314}{section.3.3}% 67
\BOOKMARK [2][-]{subsection.3.3.4}{\376\377\006\047\006\050\006\110\006\047\006\104\006\055\006\063\006\106\000\040\006\050\006\106\006\314\040\014\006\065\006\057\006\061\000\040\040\024\000\040\006\064\006\107\006\047\006\057\006\052\000\040\006\102\006\061\006\050\006\047\006\106\006\314}{section.3.3}% 68
\BOOKMARK [1][-]{section.3.4}{\376\377\006\106\006\102\006\057\000\040\006\052\006\062\000\040\006\057\006\110\006\105}{chapter.3}% 69
\BOOKMARK [2][-]{subsection.3.4.1}{\376\377\006\106\006\102\006\057\000\040\006\047\006\062\000\040\006\105\006\106\006\070\006\061\000\040\006\052\006\062\000\040\006\047\006\110\006\104\000\040\000\050\006\065\006\057\006\047\006\102\006\052\000\040\000+\000\040\006\047\006\054\006\050\006\047\006\061\000\051}{section.3.4}% 70
\BOOKMARK [2][-]{subsection.3.4.2}{\376\377\006\106\006\102\006\057\000\040\006\047\006\062\000\040\006\105\006\106\006\070\006\061\000\040\006\052\006\062\000\040\006\063\006\110\006\105\000\040\000\050\006\052\006\251\006\047\006\105\006\104\000\051}{section.3.4}% 71
\BOOKMARK [2][-]{subsection.3.4.3}{\376\377\006\106\006\102\006\057\000\040\006\047\006\062\000\040\006\105\006\106\006\070\006\061\000\040\006\052\006\062\000\040\006\206\006\107\006\047\006\061\006\105\000\040\000\050\006\101\006\064\006\047\006\061\000\040\006\106\006\056\006\050\006\257\006\047\006\106\000\051}{section.3.4}% 72
\BOOKMARK [1][-]{section.3.5}{\376\377\006\064\006\110\006\047\006\107\006\057\000\040\006\105\006\251\006\105\006\104\000:\000\040\006\050\006\117\006\071\006\057\000\040\006\050\006\314\006\106\040\014\006\047\006\104\006\105\006\104\006\104\006\314}{chapter.3}% 73
\BOOKMARK [1][-]{section.3.6}{\376\377\006\054\006\105\006\071\040\014\006\050\006\106\006\057\006\314\000\040\006\101\006\065\006\104\000\040\006\063\006\110\006\105}{chapter.3}% 74
\BOOKMARK [0][-]{chapter.4}{\376\377\006\052\006\062\000\040\006\063\006\110\006\105\000:\000\040\006\052\006\251\006\047\006\105\006\104\000\040\006\052\006\057\006\061\006\314\006\054\006\314\000\040\006\047\006\106\006\057\006\314\006\064\006\107\006\124\000\040\006\110\006\104\006\047\006\314\006\052\000\040\006\101\006\102\006\314\006\107}{part.1}% 75
\BOOKMARK [1][-]{section.4.1}{\376\377\006\063\006\314\006\061\000\040\006\052\006\055\006\110\006\104\000\040\006\101\006\251\006\061\006\314\000\040\006\056\006\105\006\314\006\106\006\314\000:\000\040\006\176\006\106\006\054\000\040\006\105\006\061\006\055\006\104\006\107}{chapter.4}% 76
\BOOKMARK [2][-]{subsection.4.1.1}{\376\377\006\105\006\061\006\055\006\104\006\107\006\124\000\040\006\047\006\110\006\104\000:\000\040\006\251\006\064\006\101\040\014\006\047\006\104\006\047\006\063\006\061\006\047\006\061\000\040\000\050\006\361\006\363\006\362\006\362\000/\006\361\006\371\006\364\006\364\000\051}{section.4.1}% 77
\BOOKMARK [2][-]{subsection.4.1.2}{\376\377\006\105\006\061\006\055\006\104\006\107\006\124\000\040\006\057\006\110\006\105\000:\000\040\006\102\006\314\006\047\006\105\000\040\006\361\006\365\000\040\006\056\006\061\006\057\006\047\006\057\000\040\006\110\000\040\006\052\006\050\006\071\006\314\006\057\000\040\000\050\006\361\006\363\006\364\006\361\040\023\006\361\006\363\006\364\006\363\000\051}{section.4.1}% 78
\BOOKMARK [2][-]{subsection.4.1.3}{\376\377\006\105\006\061\006\055\006\104\006\107\006\124\000\040\006\063\006\110\006\105\000:\000\040\006\057\006\061\006\063\040\014\006\107\006\047\006\314\000\040\006\106\006\054\006\101\000\040\006\110\000\040\000\253\006\055\006\251\006\110\006\105\006\052\000\040\006\047\006\063\006\104\006\047\006\105\006\314\000\273\000\040\000\050\006\361\006\363\006\364\006\370\000\051}{section.4.1}% 79
\BOOKMARK [2][-]{subsection.4.1.4}{\376\377\006\105\006\061\006\055\006\104\006\107\006\124\000\040\006\206\006\107\006\047\006\061\006\105\000:\000\040\006\176\006\047\006\061\006\314\006\063\000\040\000\050\006\361\006\363\006\365\006\367\000\051\000\040\040\024\000\040\006\105\006\061\006\055\006\104\006\107\006\124\000\040\006\047\006\050\006\107\006\047\006\105}{section.4.1}% 80
\BOOKMARK [2][-]{subsection.4.1.5}{\376\377\006\105\006\061\006\055\006\104\006\107\006\124\000\040\006\176\006\106\006\054\006\105\000:\000\040\006\110\006\104\006\047\006\314\006\052\000\040\006\105\006\067\006\104\006\102\006\107\006\124\000\040\006\101\006\102\006\314\006\107\000\040\000\050\006\361\006\363\006\366\006\366\000\051}{section.4.1}% 81
\BOOKMARK [1][-]{section.4.2}{\376\377\006\105\006\057\006\047\006\101\006\071\006\047\006\106\000\040\006\047\006\065\006\104\006\314\000\040\006\052\006\062\000\040\006\063\006\110\006\105}{chapter.4}% 82
\BOOKMARK [2][-]{subsection.4.2.1}{\376\377\006\063\006\071\006\314\006\057\000\040\006\047\006\105\006\314\006\061\000\040\006\047\006\061\006\054\006\105\006\106\006\057}{section.4.2}% 83
\BOOKMARK [2][-]{subsection.4.2.2}{\376\377\006\110\006\106\006\063\006\047\000\040\006\105\006\047\006\061\006\052\006\314\006\106}{section.4.2}% 84
\BOOKMARK [2][-]{subsection.4.2.3}{\376\377\006\105\006\055\006\063\006\106\000\040\006\251\006\057\006\314\006\110\006\061}{section.4.2}% 85
\BOOKMARK [1][-]{section.4.3}{\376\377\006\106\006\102\006\057\000\040\006\052\006\062\000\040\006\063\006\110\006\105}{chapter.4}% 86
\BOOKMARK [2][-]{subsection.4.3.1}{\376\377\006\106\006\102\006\057\000\040\006\047\006\062\000\040\006\105\006\106\006\070\006\061\000\040\006\052\006\062\000\040\006\057\006\110\006\105\000\040\000\050\006\056\006\057\006\071\006\107\000\051}{section.4.3}% 87
\BOOKMARK [2][-]{subsection.4.3.2}{\376\377\006\106\006\102\006\057\000\040\006\047\006\062\000\040\006\105\006\106\006\070\006\061\000\040\006\052\006\062\000\040\006\047\006\110\006\104\000\040\000\050\006\065\006\057\006\047\006\102\006\052\000\051}{section.4.3}% 88
\BOOKMARK [2][-]{subsection.4.3.3}{\376\377\006\106\006\102\006\057\000\040\006\057\006\061\006\110\006\106\006\314}{section.4.3}% 89
\BOOKMARK [1][-]{section.4.4}{\376\377\006\054\006\057\006\110\006\104\000\040\006\052\006\067\006\050\006\314\006\102\006\314\000:\000\040\006\105\006\061\006\047\006\055\006\104\000\040\006\052\006\251\006\047\006\105\006\104\000\040\006\110\000\040\006\105\006\110\006\047\006\066\006\071}{chapter.4}% 90
\BOOKMARK [1][-]{section.4.5}{\376\377\006\054\006\105\006\071\040\014\006\050\006\106\006\057\006\314\000\040\006\101\006\065\006\104\000\040\006\206\006\107\006\047\006\061\006\105}{chapter.4}% 91
\BOOKMARK [0][-]{chapter.5}{\376\377\006\052\006\062\000\040\006\206\006\107\006\047\006\061\006\105\000:\000\040\006\101\006\064\006\047\006\061\000\040\006\106\006\056\006\050\006\257\006\047\006\106\000\040\006\110\000\040\006\057\006\314\006\106\006\047\006\105\006\314\006\251\040\014\006\107\006\047\006\314\000\040\006\257\006\061\006\110\006\107\006\314}{part.1}% 92
\BOOKMARK [1][-]{section.5.1}{\376\377\006\050\006\106\006\314\006\047\006\106\040\014\006\107\006\047\006\314\000\040\006\106\006\070\006\061\006\314\000\040\006\052\006\062\000\040\006\206\006\107\006\047\006\061\006\105}{chapter.5}% 93
\BOOKMARK [2][-]{subsection.5.1.1}{\376\377\006\106\006\070\006\061\006\314\006\107\006\124\000\040\006\061\006\102\006\047\006\050\006\052\000\040\006\106\006\056\006\050\006\257\006\047\006\106}{section.5.1}% 94
\BOOKMARK [2][-]{subsection.5.1.2}{\376\377\006\105\006\101\006\107\006\110\006\105\000\040\000\253\006\055\006\104\006\102\006\107\006\124\000\040\006\057\006\061\006\110\006\106\006\314\000\273\000\040\000\050\000I\000n\000n\000e\000r\000\040\000C\000i\000r\000c\000l\000e\000\051}{section.5.1}% 95
\BOOKMARK [1][-]{section.5.2}{\376\377\006\105\006\251\006\047\006\106\006\314\006\063\006\105\040\014\006\107\006\047\006\314\000\040\006\101\006\064\006\047\006\061\000\040\006\106\006\056\006\050\006\257\006\047\006\106}{chapter.5}% 96
\BOOKMARK [2][-]{subsection.5.2.1}{\376\377\006\105\006\251\006\047\006\106\006\314\006\063\006\105\000\040\006\361\000:\000\040\006\105\006\107\006\106\006\057\006\063\006\314\000\040\006\105\006\054\006\104\006\063\000\040\006\056\006\050\006\061\006\257\006\047\006\106\000\040\006\102\006\047\006\106\006\110\006\106\000\040\006\047\006\063\006\047\006\063\006\314}{section.5.2}% 97
\BOOKMARK [2][-]{subsection.5.2.2}{\376\377\006\105\006\251\006\047\006\106\006\314\006\063\006\105\000\040\006\362\000:\000\040\006\047\006\314\006\054\006\047\006\057\000\040\006\050\006\055\006\061\006\047\006\106\000\040\006\110\000\040\006\050\006\107\006\061\006\107\040\014\006\050\006\061\006\057\006\047\006\061\006\314\000\040\006\047\006\062\000\040\006\042\006\106}{section.5.2}% 98
\BOOKMARK [2][-]{subsection.5.2.3}{\376\377\006\105\006\251\006\047\006\106\006\314\006\063\006\105\000\040\006\363\000:\000\040\006\061\006\102\006\047\006\050\006\052\000\040\006\057\006\061\006\110\006\106\040\014\006\054\006\106\006\047\006\055\006\314\000\040\006\110\000\040\000\253\006\105\006\063\006\047\006\050\006\102\006\107\006\124\000\040\006\061\006\047\006\057\006\314\006\251\006\047\006\104\006\314\006\063\006\105\000\273}{section.5.2}% 99
\BOOKMARK [2][-]{subsection.5.2.4}{\376\377\006\105\006\251\006\047\006\106\006\314\006\063\006\105\000\040\006\364\000:\000\040\006\106\006\107\006\047\006\057\006\063\006\047\006\062\006\314\000\040\006\105\006\110\006\047\006\062\006\314}{section.5.2}% 100
\BOOKMARK [1][-]{section.5.3}{\376\377\006\105\006\057\006\047\006\101\006\071\006\047\006\106\000\040\006\047\006\065\006\104\006\314\000\040\006\052\006\062\000\040\006\206\006\107\006\047\006\061\006\105}{chapter.5}% 101
\BOOKMARK [2][-]{subsection.5.3.1}{\376\377\006\105\006\055\006\063\006\106\000\040\006\105\006\314\006\104\006\047\006\106\006\314\000\040\040\024\000\040\006\052\006\055\006\104\006\314\006\104\000\040\006\063\006\047\006\056\006\052\006\047\006\061\006\314\000-\006\071\006\047\006\105\006\104\006\314\006\052\006\314}{section.5.3}% 102
\BOOKMARK [2][-]{subsection.5.3.2}{\376\377\006\055\006\063\006\314\006\106\000\040\006\050\006\064\006\314\006\061\006\314\006\107\000\040\040\024\000\040\006\105\006\106\006\067\006\102\000\040\006\063\006\047\006\056\006\052\006\047\006\061\006\314\000\040\006\052\006\105\006\061\006\251\006\062}{section.5.3}% 103
\BOOKMARK [2][-]{subsection.5.3.3}{\376\377\006\064\006\047\006\046\006\110\006\104\000\040\006\050\006\047\006\056\006\047\006\064\000\040\040\024\000\040\006\061\006\110\006\047\006\314\006\052\000\040\006\257\006\047\006\105\040\014\006\050\006\107\040\014\006\257\006\047\006\105}{section.5.3}% 104
\BOOKMARK [1][-]{section.5.4}{\376\377\006\105\006\067\006\047\006\104\006\071\006\107\006\124\000\040\006\105\006\110\006\061\006\057\006\314\000:\000\040\006\106\006\102\006\064\000\040\006\050\006\107\006\064\006\052\006\314}{chapter.5}% 105
\BOOKMARK [1][-]{section.5.5}{\376\377\006\106\006\102\006\057\000\040\006\052\006\062\000\040\006\206\006\107\006\047\006\061\006\105}{chapter.5}% 106
\BOOKMARK [2][-]{subsection.5.5.1}{\376\377\006\106\006\102\006\057\000\040\006\047\006\062\000\040\006\105\006\106\006\070\006\061\000\040\006\052\006\062\000\040\006\057\006\110\006\105\000\040\000\050\006\056\006\057\006\071\006\107\000\051}{section.5.5}% 107
\BOOKMARK [2][-]{subsection.5.5.2}{\376\377\006\106\006\102\006\057\000\040\006\047\006\062\000\040\006\105\006\106\006\070\006\061\000\040\006\052\006\062\000\040\006\047\006\110\006\104\000\040\000\050\006\065\006\057\006\047\006\102\006\052\000\051}{section.5.5}% 108
\BOOKMARK [2][-]{subsection.5.5.3}{\376\377\006\106\006\102\006\057\000\040\006\047\006\062\000\040\006\105\006\106\006\070\006\061\000\040\006\052\006\062\000\040\006\063\006\110\006\105\000\040\000\050\006\052\006\251\006\047\006\105\006\104\000\051}{section.5.5}% 109
\BOOKMARK [2][-]{subsection.5.5.4}{\376\377\006\106\006\102\006\057\000\040\006\057\006\061\006\110\006\106\006\314}{section.5.5}% 110
\BOOKMARK [1][-]{section.5.6}{\376\377\006\106\006\105\006\110\006\057\006\047\006\061\000\040\006\052\006\061\006\251\006\314\006\050\006\314\000:\000\040\006\110\006\062\006\106\000\040\006\106\006\063\006\050\006\314\000\040\006\052\006\062\006\107\006\047}{chapter.5}% 111
\BOOKMARK [1][-]{section.5.7}{\376\377\006\054\006\105\006\071\040\014\006\050\006\106\006\057\006\314\000\040\006\101\006\065\006\104\000\040\006\176\006\106\006\054\006\105\000\040\006\110\000\040\006\050\006\056\006\064\000\040\006\047\006\110\006\104}{chapter.5}% 112
\BOOKMARK [-1][-]{part.2}{\376\377\006\057\006\110\006\105\006\063\006\314\006\061\000\040\006\055\006\110\006\047\006\057\006\053\000\040\006\110\000\040\006\052\006\055\006\104\006\314\006\104\000\040\006\052\006\067\006\050\006\314\006\102\006\314}{}% 113
\BOOKMARK [0][-]{chapter.6}{\376\377\006\176\006\314\006\064\040\014\006\057\006\061\006\042\006\105\006\057\000\040\006\047\006\106\006\102\006\104\006\047\006\050\000:\000\040\006\110\006\071\006\057\006\107\040\014\006\107\006\047\000\040\006\057\006\061\000\040\006\176\006\047\006\061\006\314\006\063}{part.2}% 114
\BOOKMARK [1][-]{section.6.1}{\376\377\006\050\006\047\006\101\006\052\000\040\006\052\006\047\006\061\006\314\006\056\006\314\000:\000\040\006\206\006\061\006\047\000\040\006\176\006\047\006\061\006\314\006\063\006\037}{chapter.6}% 115
\BOOKMARK [1][-]{section.6.2}{\376\377\006\054\006\072\006\061\006\047\006\101\006\314\006\047\006\314\000\040\006\106\006\110\006\101\006\104\040\014\006\104\006\110\006\064\006\047\006\052\006\110\000:\000\040\006\065\006\055\006\106\006\107\006\124\000\040\006\314\006\251\000\040\006\047\006\106\006\102\006\104\006\047\006\050}{chapter.6}% 116
\BOOKMARK [1][-]{section.6.3}{\376\377\006\106\006\102\006\064\000\040\006\105\006\064\006\047\006\110\006\061\006\047\006\106\000:\000\040\000\253\006\052\006\061\006\054\006\105\006\107\006\124\000\273\000\040\006\056\006\105\006\314\006\106\006\314}{chapter.6}% 117
\BOOKMARK [1][-]{section.6.4}{\376\377\006\052\006\055\006\104\006\314\006\104\000\040\006\105\006\055\006\052\006\110\006\047\006\314\006\314\000\040\006\105\006\065\006\047\006\055\006\050\006\107\040\014\006\107\006\047\000:\000\040\006\064\006\064\000\040\006\105\006\055\006\110\006\061\000\040\006\047\006\065\006\104\006\314}{chapter.6}% 118
\BOOKMARK [2][-]{subsection.6.4.1}{\376\377\006\105\006\055\006\110\006\061\000\040\006\361\000:\000\040\006\106\006\102\006\064\000\040\006\064\006\056\006\065\006\314\000\040\006\056\006\105\006\314\006\106\006\314\000\040\006\057\006\061\000\040\006\055\006\251\006\110\006\105\006\052\000\040\006\042\006\314\006\106\006\057\006\107}{section.6.4}% 119
\BOOKMARK [2][-]{subsection.6.4.2}{\376\377\006\105\006\055\006\110\006\061\000\040\006\362\000:\000\040\006\042\006\062\006\047\006\057\006\314\000\040\006\047\006\055\006\062\006\047\006\050\000\040\006\110\000\040\006\105\006\067\006\050\006\110\006\071\006\047\006\052}{section.6.4}% 120
\BOOKMARK [2][-]{subsection.6.4.3}{\376\377\006\105\006\055\006\110\006\061\000\040\006\363\000:\000\040\006\055\006\251\006\110\006\105\006\052\000\040\006\061\006\110\006\055\006\047\006\106\006\314\006\110\006\106}{section.6.4}% 121
\BOOKMARK [2][-]{subsection.6.4.4}{\376\377\006\105\006\055\006\110\006\061\000\040\006\364\000:\000\040\006\106\006\110\006\071\000\040\006\055\006\251\006\110\006\105\006\052\000\040\000\050\006\054\006\105\006\107\006\110\006\061\006\314\006\037\000\040\006\057\006\105\006\110\006\251\006\061\006\047\006\063\006\314\006\037\000\051}{section.6.4}% 122
\BOOKMARK [2][-]{subsection.6.4.5}{\376\377\006\105\006\055\006\110\006\061\000\040\006\365\000:\000\040\006\047\006\102\006\104\006\314\006\052\040\014\006\107\006\047\000\040\006\110\000\040\006\072\006\314\006\061\006\105\006\063\006\104\006\105\006\047\006\106\006\047\006\106}{section.6.4}% 123
\BOOKMARK [2][-]{subsection.6.4.6}{\376\377\006\105\006\055\006\110\006\061\000\040\006\366\000:\000\040\006\061\006\047\006\050\006\067\006\107\000\040\006\050\006\047\000\040\006\042\006\105\006\061\006\314\006\251\006\047\000\040\006\110\000\040\006\072\006\061\006\050}{section.6.4}% 124
\BOOKMARK [1][-]{section.6.5}{\376\377\006\056\006\067\000\040\006\062\006\105\006\047\006\106\006\314\000\040\006\052\006\101\006\065\006\314\006\104\006\314\000\040\006\057\006\110\006\061\006\107\006\124\000\040\006\176\006\047\006\061\006\314\006\063}{chapter.6}% 125
\BOOKMARK [1][-]{section.6.6}{\376\377\006\052\006\055\006\104\006\314\006\104\000:\000\040\006\042\006\106\006\206\006\107\000\040\006\056\006\105\006\314\006\106\006\314\000\040\006\106\006\257\006\101\006\052}{chapter.6}% 126
\BOOKMARK [1][-]{section.6.7}{\376\377\006\054\006\105\006\071\040\014\006\050\006\106\006\057\006\314\000\040\006\101\006\065\006\104\000\040\006\064\006\064\006\105}{chapter.6}% 127
\BOOKMARK [0][-]{chapter.7}{\376\377\006\050\006\047\006\062\006\257\006\064\006\052\000\040\006\056\006\105\006\314\006\106\006\314\000\040\006\110\000\040\006\101\006\061\006\110\006\176\006\047\006\064\006\314\000\040\006\057\006\110\006\104\006\052\000\040\006\050\006\056\006\052\006\314\006\047\006\061}{part.2}% 128
\BOOKMARK [1][-]{section.7.1}{\376\377\006\050\006\047\006\101\006\052\000:\000\040\006\057\006\110\006\104\006\052\000\040\006\050\006\056\006\052\006\314\006\047\006\061\000\040\040\024\000\040\006\042\006\056\006\061\006\314\006\106\000\040\006\052\006\104\006\047\006\064\000\040\006\064\006\047\006\107}{chapter.7}% 129
\BOOKMARK [1][-]{section.7.2}{\376\377\006\361\006\362\000\040\006\050\006\107\006\105\006\106\000\040\006\361\006\363\006\365\006\367\000:\000\040\006\050\006\047\006\062\006\257\006\064\006\052}{chapter.7}% 130
\BOOKMARK [2][-]{subsection.7.2.1}{\376\377\006\065\006\055\006\106\006\107}{section.7.2}% 131
\BOOKMARK [2][-]{subsection.7.2.2}{\376\377\006\063\006\056\006\106\006\061\006\047\006\106\006\314\000\040\006\050\006\107\006\064\006\052\040\014\006\062\006\107\006\061\006\047\000:\000\040\006\047\006\110\006\104\006\314\006\106\000\040\006\106\006\064\006\047\006\106\006\107\040\014\006\107\006\047}{section.7.2}% 132
\BOOKMARK [1][-]{section.7.3}{\376\377\006\057\006\107\000\040\006\061\006\110\006\062\000\040\006\063\006\061\006\106\006\110\006\064\006\052\040\014\006\063\006\047\006\062\000:\000\040\006\361\006\362\000\040\006\052\006\047\000\040\006\362\006\362\000\040\006\050\006\107\006\105\006\106}{chapter.7}% 133
\BOOKMARK [2][-]{subsection.7.3.1}{\376\377\006\047\006\106\006\052\006\065\006\047\006\050\000\040\006\050\006\047\006\062\006\061\006\257\006\047\006\106\000\040\000\050\006\361\006\365\000\040\006\050\006\107\006\105\006\106\000\051\000:\000\040\006\042\006\062\006\105\006\110\006\106\000\040\006\110\006\071\006\057\006\107\040\014\006\107\006\047}{section.7.3}% 134
\BOOKMARK [2][-]{subsection.7.3.2}{\376\377\006\057\006\110\006\257\006\047\006\106\006\107\006\124\000\040\006\057\006\110\006\104\006\052\000\040\006\105\006\110\006\102\006\052\000\040\000/\000\040\006\064\006\110\006\061\006\047\006\314\000\040\006\047\006\106\006\102\006\104\006\047\006\050}{section.7.3}% 135
\BOOKMARK [1][-]{section.7.4}{\376\377\006\063\006\061\006\106\006\110\006\064\006\052\000\040\006\050\006\056\006\052\006\314\006\047\006\061\000:\000\040\006\257\006\061\006\314\006\062\000\040\006\110\000\040\006\052\006\061\006\110\006\061}{chapter.7}% 136
\BOOKMARK [1][-]{section.7.5}{\376\377\006\054\006\105\006\071\040\014\006\050\006\106\006\057\006\314\000\040\006\101\006\065\006\104\000\040\006\107\006\101\006\052\006\105}{chapter.7}% 137
\BOOKMARK [0][-]{chapter.8}{\376\377\006\105\006\054\006\104\006\063\000\040\006\056\006\050\006\061\006\257\006\047\006\106\000\040\006\102\006\047\006\106\006\110\006\106\000\040\006\047\006\063\006\047\006\063\006\314\000\040\006\057\006\061\000\040\006\050\006\061\006\047\006\050\006\061\000\040\006\176\006\314\006\064\040\014\006\106\006\110\006\314\006\063\000\040\006\055\006\050\006\314\006\050\006\314\000-\006\251\006\047\006\052\006\110\006\062\006\314\006\047\006\106}{part.2}% 138
\BOOKMARK [1][-]{section.8.1}{\376\377\006\176\006\314\006\064\040\014\006\106\006\110\006\314\006\063\000\040\006\047\006\110\006\104\006\314\006\107\000:\000\040\000\253\006\102\006\047\006\106\006\110\006\106\000\040\006\047\006\063\006\047\006\063\006\314\000\040\006\050\006\057\006\110\006\106\000\040\006\110\006\104\006\047\006\314\006\052\000\040\006\101\006\102\006\314\006\107\000\273}{chapter.8}% 139
\BOOKMARK [2][-]{subsection.8.1.1}{\376\377\006\052\006\314\006\105\000\040\006\052\006\057\006\110\006\314\006\106\040\014\006\251\006\106\006\106\006\057\006\107}{section.8.1}% 140
\BOOKMARK [2][-]{subsection.8.1.2}{\376\377\006\110\006\314\006\230\006\257\006\314\040\014\006\107\006\047\006\314\000\040\006\176\006\314\006\064\040\014\006\106\006\110\006\314\006\063}{section.8.1}% 141
\BOOKMARK [2][-]{subsection.8.1.3}{\376\377\006\110\006\047\006\251\006\106\006\064\000\040\006\047\006\110\006\104\006\314\006\107\006\124\000\040\006\056\006\105\006\314\006\106\006\314\000:\000\040\006\052\006\043\006\314\006\314\006\057\000\040\006\105\006\064\006\061\006\110\006\067}{section.8.1}% 142
\BOOKMARK [1][-]{section.8.2}{\376\377\006\206\006\061\006\056\006\064\000:\000\040\006\047\006\062\000\040\006\061\006\101\006\061\006\047\006\106\006\057\006\110\006\105\000\040\006\105\006\063\006\052\006\102\006\314\006\105\000\040\006\050\006\107\000\040\006\105\006\054\006\104\006\063\000\040\006\056\006\050\006\061\006\257\006\047\006\106}{chapter.8}% 143
\BOOKMARK [2][-]{subsection.8.2.1}{\376\377\006\101\006\064\006\047\006\061\000\040\006\055\006\062\006\050\000\040\006\054\006\105\006\107\006\110\006\061\006\314\000\040\006\047\006\063\006\104\006\047\006\105\006\314}{section.8.2}% 144
\BOOKMARK [2][-]{subsection.8.2.2}{\376\377\006\106\006\102\006\064\000\040\006\056\006\105\006\314\006\106\006\314\000\040\006\057\006\061\000\040\006\206\006\061\006\056\006\064}{section.8.2}% 145
\BOOKMARK [1][-]{section.8.3}{\376\377\006\105\006\054\006\104\006\063\000\040\006\056\006\050\006\061\006\257\006\047\006\106\000\040\006\102\006\047\006\106\006\110\006\106\000\040\006\047\006\063\006\047\006\063\006\314\000:\000\040\006\050\006\047\006\062\006\314\006\257\006\061\006\047\006\106\000\040\006\110\000\040\006\105\006\060\006\047\006\251\006\061\006\047\006\052}{chapter.8}% 146
\BOOKMARK [2][-]{subsection.8.3.1}{\376\377\006\052\006\061\006\251\006\314\006\050\000\040\006\105\006\054\006\104\006\063}{section.8.3}% 147
\BOOKMARK [2][-]{subsection.8.3.2}{\376\377\006\050\006\047\006\062\006\314\006\257\006\061\006\047\006\106\000\040\006\251\006\104\006\314\006\057\006\314\000\040\006\057\006\061\000\040\006\105\006\054\006\104\006\063\000\040\006\056\006\050\006\061\006\257\006\047\006\106}{section.8.3}% 148
\BOOKMARK [2][-]{subsection.8.3.3}{\376\377\006\105\006\060\006\047\006\251\006\061\006\047\006\052\000:\000\040\006\106\006\050\006\061\006\057\000\040\006\050\006\061\000\040\006\063\006\061\000\040\006\110\006\104\006\047\006\314\006\052\000\040\006\101\006\102\006\314\006\107}{section.8.3}% 149
\BOOKMARK [2][-]{subsection.8.3.4}{\376\377\006\052\006\065\006\110\006\314\006\050\000\040\006\106\006\107\006\047\006\314\006\314\000:\000\040\006\042\006\060\006\061\000\040\006\361\006\363\006\365\006\370}{section.8.3}% 150
\BOOKMARK [1][-]{section.8.4}{\376\377\006\105\006\102\006\047\006\314\006\063\006\107\006\124\000\040\006\052\006\101\006\065\006\314\006\104\006\314\000:\000\040\006\176\006\314\006\064\040\014\006\106\006\110\006\314\006\063\000\040\006\057\006\061\000\040\006\050\006\061\006\047\006\050\006\061\000\040\006\105\006\065\006\110\006\050\006\107}{chapter.8}% 151
\BOOKMARK [1][-]{section.8.5}{\376\377\006\106\006\102\006\064\000\040\006\056\006\105\006\314\006\106\006\314\000\040\006\057\006\061\000\040\006\101\006\061\006\047\006\314\006\106\006\057\000:\000\040\000\253\006\106\006\047\006\070\006\061\000\273\000\040\006\314\006\047\000\040\000\253\006\107\006\057\006\047\006\314\006\052\040\014\006\251\006\106\006\106\006\057\006\107\000\273\006\037}{chapter.8}% 152
\BOOKMARK [2][-]{subsection.8.5.1}{\376\377\006\105\006\057\006\047\006\056\006\104\006\047\006\052\000\040\006\105\006\063\006\052\006\102\006\314\006\105\000\040\006\056\006\105\006\314\006\106\006\314}{section.8.5}% 153
\BOOKMARK [2][-]{subsection.8.5.2}{\376\377\006\064\006\110\006\047\006\107\006\057\000\040\000\253\006\107\006\057\006\047\006\314\006\052\000\273\000\040\006\072\006\314\006\061\006\105\006\063\006\052\006\102\006\314\006\105}{section.8.5}% 154
\BOOKMARK [1][-]{section.8.6}{\376\377\006\110\006\047\006\251\006\106\006\064\040\014\006\107\006\047\000:\000\040\006\065\006\057\006\047\006\107\006\047\006\314\000\040\006\105\006\056\006\047\006\104\006\101}{chapter.8}% 155
\BOOKMARK [2][-]{subsection.8.6.1}{\376\377\006\042\006\314\006\052\040\014\006\047\006\104\006\104\006\107\000\040\006\064\006\061\006\314\006\071\006\052\006\105\006\057\006\047\006\061\006\314}{section.8.6}% 156
\BOOKMARK [2][-]{subsection.8.6.2}{\376\377\006\050\006\047\006\062\006\061\006\257\006\047\006\106\000\040\006\110\000\040\006\106\006\107\006\066\006\052\000\040\006\042\006\062\006\047\006\057\006\314}{section.8.6}% 157
\BOOKMARK [2][-]{subsection.8.6.3}{\376\377\006\061\006\110\006\064\006\106\006\101\006\251\006\061\006\047\006\106\000\040\006\110\000\040\006\101\006\071\006\047\006\104\006\047\006\106\000\040\006\063\006\251\006\110\006\104\006\047\006\061}{section.8.6}% 158
\BOOKMARK [1][-]{section.8.7}{\376\377\006\257\006\047\006\107\040\014\006\064\006\105\006\047\006\061\000\040\006\052\006\067\006\050\006\314\006\102\006\314\000:\000\040\006\047\006\062\000\040\006\176\006\314\006\064\040\014\006\106\006\110\006\314\006\063\000\040\006\052\006\047\000\040\006\052\006\065\006\110\006\314\006\050}{chapter.8}% 159
\BOOKMARK [1][-]{section.8.8}{\376\377\006\054\006\105\006\071\040\014\006\050\006\106\006\057\006\314\000\040\006\101\006\065\006\104\000\040\006\107\006\064\006\052\006\105}{chapter.8}% 160
\BOOKMARK [0][-]{chapter.9}{\376\377\006\052\006\061\006\110\006\061\006\107\006\047\006\314\000\040\006\257\006\061\006\110\006\107\000\040\006\101\006\061\006\102\006\047\006\106\000\040\006\110\000\040\006\050\006\055\006\061\006\047\006\106\000\040\006\047\006\105\006\106\006\314\006\052\006\314}{part.2}% 161
\BOOKMARK [1][-]{section.9.1}{\376\377\006\257\006\061\006\110\006\107\000\040\006\101\006\061\006\102\006\047\006\106\000:\000\040\006\105\006\047\006\107\006\314\006\052\000\040\006\110\000\040\006\047\006\314\006\057\006\046\006\110\006\104\006\110\006\230\006\314}{chapter.9}% 162
\BOOKMARK [2][-]{subsection.9.1.1}{\376\377\006\052\006\043\006\063\006\314\006\063\000\040\006\110\000\040\006\061\006\107\006\050\006\061\006\314}{section.9.1}% 163
\BOOKMARK [1][-]{section.9.2}{\376\377\006\052\006\061\006\110\006\061\006\107\006\047\000:\000\040\006\257\006\047\006\107\040\014\006\064\006\105\006\047\006\061}{chapter.9}% 164
\BOOKMARK [2][-]{subsection.9.2.1}{\376\377\006\052\006\061\006\110\006\061\000\040\006\105\006\067\006\107\006\061\006\314\000:\000\040\006\064\006\110\006\251\000\040\006\110\000\040\006\176\006\314\006\047\006\105\006\057\006\107\006\047}{section.9.2}% 165
\BOOKMARK [1][-]{section.9.3}{\376\377\006\176\006\314\006\047\006\105\006\057\006\107\006\047\006\314\000\040\006\063\006\314\006\047\006\063\006\314\000\040\006\052\006\061\006\110\006\061\006\107\006\047}{chapter.9}% 166
\BOOKMARK [2][-]{subsection.9.3.1}{\376\377\006\052\006\102\006\110\006\314\006\052\000\040\006\106\006\107\006\047\006\057\006\107\006\047\006\314\000\040\006\047\006\106\006\102\006\104\006\047\006\050\006\314}{section.9.3}% 167
\BOOKMARK [2][-]{subsection.9.3.2}{\376\377\006\061\006\110\006\047\006\314\006\052\000\040\000\253\006\052\006\110\006\067\006\046\006\107\006\124\000\040\006\257\006\063\006\052\006\061\006\057\006\107\000\273}{section.9.3}% 168
\BOOKMARK [1][-]{section.9.4}{\376\377\006\052\006\101\006\063\006\314\006\061\006\107\006\047\006\314\000\040\006\061\006\102\006\314\006\050\000\040\006\047\006\062\000\040\006\052\006\061\006\110\006\061\006\107\006\047\006\314\000\040\006\101\006\061\006\102\006\047\006\106}{chapter.9}% 169
\BOOKMARK [1][-]{section.9.5}{\376\377\006\105\006\067\006\047\006\104\006\071\006\107\006\124\000\040\006\105\006\110\006\061\006\057\006\314\000:\000\040\006\052\006\061\006\110\006\061\000\040\006\105\006\067\006\107\006\061\006\314\000\040\006\110\000\040\006\110\006\047\006\251\006\106\006\064\040\014\006\107\006\047\006\314\000\040\006\062\006\106\006\054\006\314\006\061\006\107\040\014\006\047\006\314}{chapter.9}% 170
\BOOKMARK [2][-]{subsection.9.5.1}{\376\377\006\050\006\117\006\071\006\057\000\040\006\064\006\056\006\065\006\314\000:\000\040\006\056\006\105\006\314\006\106\006\314\000\040\006\110\000\040\006\105\006\067\006\107\006\061\006\314}{section.9.5}% 171
\BOOKMARK [2][-]{subsection.9.5.2}{\376\377\006\050\006\117\006\071\006\057\000\040\006\063\006\047\006\056\006\052\006\047\006\061\006\314\000:\000\040\006\206\006\061\006\056\006\107\006\124\000\040\006\063\006\061\006\251\006\110\006\050\000-\006\105\006\102\006\047\006\110\006\105\006\052}{section.9.5}% 172
\BOOKMARK [1][-]{section.9.6}{\376\377\006\101\006\061\006\102\006\047\006\106\000\040\006\110\000\040\006\063\006\047\006\314\006\061\000\040\006\257\006\061\006\110\006\107\040\014\006\107\006\047\000:\000\040\006\105\006\102\006\047\006\314\006\063\006\107\006\124\000\040\006\052\006\067\006\050\006\314\006\102\006\314}{chapter.9}% 173
\BOOKMARK [1][-]{section.9.7}{\376\377\006\176\006\061\006\063\006\064\040\014\006\107\006\047\006\314\000\040\006\055\006\104\040\014\006\106\006\064\006\057\006\107\000\040\006\057\006\061\006\050\006\047\006\061\006\107\006\124\000\040\006\101\006\061\006\102\006\047\006\106}{chapter.9}% 174
\BOOKMARK [2][-]{subsection.9.7.1}{\376\377\006\042\006\314\006\047\000\040\006\101\006\061\006\102\006\047\006\106\000\040\006\106\006\101\006\110\006\060\006\314\000\040\006\050\006\110\006\057\006\037}{section.9.7}% 175
\BOOKMARK [2][-]{subsection.9.7.2}{\376\377\006\206\006\061\006\047\000\040\006\101\006\061\006\102\006\047\006\106\000\040\000\253\006\061\006\110\006\055\006\047\006\106\006\314\006\110\006\106\000\273\000\040\006\061\006\047\000\040\006\107\006\057\006\101\000\040\006\102\006\061\006\047\006\061\000\040\006\057\006\047\006\057\006\037}{section.9.7}% 176
\BOOKMARK [1][-]{section.9.8}{\376\377\006\052\006\061\006\110\006\061\006\107\006\047\000\040\006\110\000\040\006\105\006\063\006\046\006\104\006\107\006\124\000\040\000\253\006\055\006\102\006\110\006\102\000\040\006\050\006\064\006\061\000\273\000:\000\040\006\047\006\071\006\057\006\047\006\105\040\014\006\107\006\047\006\314\000\040\006\050\006\057\006\110\006\106\000\040\006\057\006\047\006\057\006\257\006\047\006\107}{chapter.9}% 177
\BOOKMARK [2][-]{subsection.9.8.1}{\376\377\006\057\006\063\006\052\006\257\006\314\006\061\006\314\000\040\006\110\000\040\006\047\006\071\006\057\006\047\006\105\000\040\006\047\006\071\006\066\006\047\006\314\000\040\006\101\006\061\006\102\006\047\006\106}{section.9.8}% 178
\BOOKMARK [2][-]{subsection.9.8.2}{\376\377\006\105\006\102\006\047\006\314\006\063\006\107\000\040\006\050\006\047\000\040\006\110\006\071\006\057\006\107\040\014\006\107\006\047\006\314\000\040\006\176\006\047\006\061\006\314\006\063}{section.9.8}% 179
\BOOKMARK [1][-]{section.9.9}{\376\377\006\050\006\055\006\061\006\047\006\106\000\040\006\251\006\061\006\057\006\063\006\052\006\047\006\106\000:\000\040\006\050\006\117\006\071\006\057\000\040\006\106\006\070\006\047\006\105\006\314\000\040\006\052\006\105\006\061\006\251\006\062\000\040\006\102\006\057\006\061\006\052}{chapter.9}% 180
\BOOKMARK [2][-]{subsection.9.9.1}{\376\377\006\062\006\105\006\314\006\106\006\107\040\014\006\107\006\047}{section.9.9}% 181
\BOOKMARK [2][-]{subsection.9.9.2}{\376\377\006\110\006\047\006\251\006\106\006\064\000\040\006\056\006\105\006\314\006\106\006\314\000:\000\040\006\101\006\052\006\110\006\047\006\314\000\040\006\054\006\107\006\047\006\057}{section.9.9}% 182
\BOOKMARK [1][-]{section.9.10}{\376\377\006\052\006\110\006\102\006\314\006\101\000\040\006\105\006\067\006\050\006\110\006\071\006\047\006\052\000:\000\040\006\105\006\061\006\057\006\047\006\057\000\040\006\361\006\363\006\365\006\370}{chapter.9}% 183
\BOOKMARK [1][-]{section.9.11}{\376\377\006\054\006\057\006\110\006\104\000\040\006\052\006\067\006\050\006\314\006\102\006\314\000:\000\040\006\050\006\055\006\061\006\047\006\106\040\014\006\107\006\047\006\314\000\040\006\361\006\363\006\365\006\370\000\040\006\110\000\040\006\176\006\047\006\063\006\056\000\040\006\056\006\105\006\314\006\106\006\314}{chapter.9}% 184
\BOOKMARK [1][-]{section.9.12}{\376\377\006\047\006\061\006\062\006\314\006\047\006\050\006\314\000:\000\040\006\042\006\314\006\047\000\040\006\050\006\055\006\061\006\047\006\106\040\014\006\107\006\047\006\314\000\040\006\361\006\363\006\365\006\370\000\040\006\052\006\105\006\061\006\251\006\062\000\040\006\102\006\057\006\061\006\052\000\040\006\061\006\047\000\040\000\253\006\047\006\054\006\052\006\106\006\047\006\050\040\014\006\106\006\047\006\176\006\060\006\314\006\061\000\273\000\040\006\251\006\061\006\057\006\106\006\057\006\037}{chapter.9}% 185
\BOOKMARK [1][-]{section.9.13}{\376\377\006\054\006\105\006\071\040\014\006\050\006\106\006\057\006\314\000\040\006\101\006\065\006\104\000\040\006\106\006\107\006\105}{chapter.9}% 186
\BOOKMARK [0][-]{chapter.10}{\376\377\006\257\006\061\006\110\006\257\006\047\006\106\040\014\006\257\006\314\006\061\006\314\000\040\006\063\006\101\006\047\006\061\006\052\000\040\006\042\006\105\006\061\006\314\006\251\006\047\000\040\006\110\000\040\006\050\006\047\006\062\006\052\006\047\006\050\040\014\006\107\006\047\006\314\000\040\006\057\006\047\006\056\006\104\006\314}{part.2}% 187
\BOOKMARK [1][-]{section.10.1}{\376\377\006\050\006\047\006\101\006\052\000:\000\040\006\206\006\061\006\047\000\040\006\063\006\101\006\047\006\061\006\052\000\040\006\042\006\105\006\061\006\314\006\251\006\047\006\037}{chapter.10}% 188
\BOOKMARK [2][-]{subsection.10.1.1}{\376\377\006\176\006\314\006\064\006\314\006\106\006\107\006\124\000\040\006\052\006\047\006\061\006\314\006\056\006\314}{section.10.1}% 189
\BOOKMARK [2][-]{subsection.10.1.2}{\376\377\006\063\006\101\006\047\006\061\006\052\000\040\006\042\006\105\006\061\006\314\006\251\006\047\000:\000\040\000\253\006\104\006\047\006\106\006\107\006\124\000\040\006\054\006\047\006\063\006\110\006\063\006\314\000\273}{section.10.1}% 190
\BOOKMARK [1][-]{section.10.2}{\376\377\006\361\006\363\000\040\006\042\006\050\006\047\006\106\000\040\006\361\006\363\006\365\006\370\000:\000\040\006\047\006\064\006\072\006\047\006\104\000\040\006\063\006\101\006\047\006\061\006\052}{chapter.10}% 191
\BOOKMARK [2][-]{subsection.10.2.1}{\376\377\006\050\006\047\006\062\006\314\006\257\006\061\006\047\006\106\000:\000\040\000\253\006\057\006\047\006\106\006\064\006\054\006\110\006\314\006\047\006\106\000\040\006\056\006\067\000\040\006\047\006\105\006\047\006\105\000\273}{section.10.2}% 192
\BOOKMARK [2][-]{subsection.10.2.2}{\376\377\006\110\006\047\006\251\006\106\006\064\000\040\006\056\006\105\006\314\006\106\006\314\000:\000\040\006\052\006\043\006\314\006\314\006\057\000\040\006\110\000\040\006\052\006\050\006\057\006\314\006\104\000\040\006\050\006\107\000\040\000\253\006\047\006\106\006\102\006\104\006\047\006\050\000\040\006\057\006\110\006\105\000\273}{section.10.2}% 193
\BOOKMARK [1][-]{section.10.3}{\376\377\006\176\006\314\006\047\006\105\006\057\006\107\006\047\006\314\000\040\006\057\006\047\006\056\006\104\006\314\000:\000\040\006\062\006\104\006\062\006\104\006\107\006\124\000\040\006\063\006\314\006\047\006\063\006\314}{chapter.10}% 194
\BOOKMARK [2][-]{subsection.10.3.1}{\376\377\006\176\006\314\006\047\006\105\006\057\000\040\006\361\000:\000\040\006\047\006\063\006\052\006\071\006\101\006\047\006\314\000\040\006\050\006\047\006\062\006\061\006\257\006\047\006\106}{section.10.3}% 195
\BOOKMARK [2][-]{subsection.10.3.2}{\376\377\006\176\006\314\006\047\006\105\006\057\000\040\006\362\000:\000\040\006\052\006\063\006\061\006\314\006\071\000\040\006\061\006\101\006\061\006\047\006\106\006\057\006\110\006\105\000\040\006\102\006\047\006\106\006\110\006\106\000\040\006\047\006\063\006\047\006\063\006\314}{section.10.3}% 196
\BOOKMARK [2][-]{subsection.10.3.3}{\376\377\006\176\006\314\006\047\006\105\006\057\000\040\006\363\000:\000\040\006\052\006\102\006\110\006\314\006\052\000\040\006\257\006\101\006\052\006\105\006\047\006\106\000\040\000\253\006\066\006\057\006\042\006\105\006\061\006\314\006\251\006\047\006\314\006\314\000\273}{section.10.3}% 197
\BOOKMARK [2][-]{subsection.10.3.4}{\376\377\006\176\006\314\006\047\006\105\006\057\000\040\006\364\000:\000\040\006\071\006\105\006\104\006\314\006\047\006\052\000\040\006\106\006\047\006\101\006\061\006\054\006\047\006\105\000\040\006\106\006\054\006\047\006\052\000\040\000\050\006\067\006\050\006\063\000\051}{section.10.3}% 198
\BOOKMARK [1][-]{section.10.4}{\376\377\006\052\006\101\006\063\006\314\006\061\006\107\006\047\006\314\000\040\006\061\006\102\006\314\006\050\000:\000\040\006\257\006\061\006\110\006\257\006\047\006\106\040\014\006\257\006\314\006\061\006\314\000\040\006\047\006\062\000\040\006\105\006\106\006\070\006\061\000\040\006\206\006\107\006\047\006\061\000\040\006\052\006\062}{chapter.10}% 199
\BOOKMARK [1][-]{section.10.5}{\376\377\006\257\006\047\006\107\040\014\006\064\006\105\006\047\006\061\000\040\006\050\006\055\006\061\006\047\006\106\000\040\006\257\006\061\006\110\006\257\006\047\006\106\040\014\006\257\006\314\006\061\006\314}{chapter.10}% 200
\BOOKMARK [1][-]{section.10.6}{\376\377\006\105\006\102\006\047\006\314\006\063\006\107\006\124\000\040\006\110\006\071\006\057\006\107\040\014\006\107\006\047\000\040\006\050\006\047\000\040\006\110\006\047\006\102\006\071\006\314\006\052\000:\000\040\006\050\006\117\006\071\006\057\000\040\006\050\006\314\006\106\040\014\006\047\006\104\006\105\006\104\006\104\006\314}{chapter.10}% 201
\BOOKMARK [1][-]{section.10.7}{\376\377\006\054\006\105\006\071\040\014\006\050\006\106\006\057\006\314\000\040\006\101\006\065\006\104\000\040\006\057\006\107\006\105}{chapter.10}% 202
\BOOKMARK [0][-]{chapter.11}{\376\377\006\054\006\106\006\257\000\040\006\047\006\314\006\061\006\047\006\106\000\040\006\110\000\040\006\071\006\061\006\047\006\102\000:\000\040\006\052\006\107\006\057\006\314\006\057\000\040\006\056\006\047\006\061\006\054\006\314\000\040\006\110\000\040\006\052\006\105\006\061\006\251\006\062\000\040\006\102\006\057\006\061\006\052}{part.2}% 203
\BOOKMARK [1][-]{section.11.1}{\376\377\006\050\006\047\006\101\006\052\000:\000\040\006\206\006\061\006\047\000\040\006\065\006\057\006\047\006\105\000\040\006\055\006\105\006\104\006\107\000\040\006\251\006\061\006\057\006\037}{chapter.11}% 204
\BOOKMARK [1][-]{section.11.2}{\376\377\006\054\006\106\006\257\000\040\006\110\000\040\006\052\006\105\006\061\006\251\006\062\000\040\006\102\006\057\006\061\006\052\000:\000\040\006\105\006\251\006\047\006\106\006\314\006\063\006\105\040\014\006\107\006\047}{chapter.11}% 205
\BOOKMARK [2][-]{subsection.11.2.1}{\376\377\006\105\006\251\006\047\006\106\006\314\006\063\006\105\000\040\006\361\000:\000\040\006\056\006\105\006\314\006\106\006\314\000\040\006\050\006\107\040\014\006\071\006\106\006\110\006\047\006\106\000\040\006\101\006\061\006\105\006\047\006\106\006\057\006\107\040\014\006\251\006\104}{section.11.2}% 206
\BOOKMARK [2][-]{subsection.11.2.2}{\376\377\006\105\006\251\006\047\006\106\006\314\006\063\006\105\000\040\006\362\000:\000\040\006\052\006\102\006\110\006\314\006\052\000\040\006\063\006\176\006\047\006\107\000\040\006\057\006\061\000\040\006\050\006\061\006\047\006\050\006\061\000\040\006\047\006\061\006\052\006\064}{section.11.2}% 207
\BOOKMARK [2][-]{subsection.11.2.3}{\376\377\006\105\006\251\006\047\006\106\006\314\006\063\006\105\000\040\006\363\000:\000\040\000\253\006\054\006\106\006\257\000\273\000\040\006\050\006\107\040\014\006\071\006\106\006\110\006\047\006\106\000\040\006\047\006\050\006\062\006\047\006\061\000\040\006\063\006\061\006\251\006\110\006\050\000\040\006\105\006\056\006\047\006\104\006\101\006\047\006\106}{section.11.2}% 208
\BOOKMARK [2][-]{subsection.11.2.4}{\376\377\006\105\006\251\006\047\006\106\006\314\006\063\006\105\000\040\006\364\000:\000\040\006\047\006\057\006\047\006\105\006\107\006\124\000\040\006\054\006\106\006\257\000\040\006\176\006\063\000\040\006\047\006\062\000\040\006\042\006\062\006\047\006\057\006\063\006\047\006\062\006\314\000\040\006\056\006\061\006\105\006\064\006\107\006\061}{section.11.2}% 209
\BOOKMARK [1][-]{section.11.3}{\376\377\006\054\006\106\006\257\000\040\006\110\000\040\006\110\006\071\006\057\006\107\040\014\006\107\006\047\006\314\000\040\006\176\006\047\006\061\006\314\006\063\000:\000\040\006\047\006\061\006\062\006\314\006\047\006\050\006\314\000\040\006\052\006\067\006\050\006\314\006\102\006\314}{chapter.11}% 210
\BOOKMARK [1][-]{section.11.4}{\376\377\006\054\006\105\006\071\040\014\006\050\006\106\006\057\006\314\000\040\006\101\006\065\006\104\000\040\006\314\006\047\006\062\006\057\006\107\006\105}{chapter.11}% 211
\BOOKMARK [0][-]{chapter.12}{\376\377\006\105\006\054\006\047\006\107\006\057\006\314\006\106\000\040\006\056\006\104\006\102\006\014\000\040\006\050\006\106\006\314\040\014\006\065\006\057\006\061\006\014\000\040\006\110\000\040\006\052\006\065\006\101\006\314\006\107\040\014\006\107\006\047\006\314\000\040\006\057\006\047\006\056\006\104\006\314}{part.2}% 212
\BOOKMARK [1][-]{section.12.1}{\376\377\006\050\006\106\006\314\040\014\006\065\006\057\006\061\000:\000\040\006\047\006\062\000\040\006\061\006\314\006\047\006\063\006\052\040\014\006\054\006\105\006\107\006\110\006\061\006\314\000\040\006\052\006\047\000\040\006\101\006\061\006\047\006\061}{chapter.12}% 213
\BOOKMARK [2][-]{subsection.12.1.1}{\376\377\006\047\006\106\006\052\006\056\006\047\006\050\000\040\006\050\006\106\006\314\040\014\006\065\006\057\006\061\000\040\000\050\006\050\006\107\006\105\006\106\000\040\006\361\006\363\006\365\006\370\000\051}{section.12.1}% 214
\BOOKMARK [2][-]{subsection.12.1.2}{\376\377\006\052\006\071\006\047\006\061\006\066\000\040\006\050\006\106\006\314\040\014\006\065\006\057\006\061\000\040\006\050\006\047\000\040\006\055\006\062\006\050\000\040\006\054\006\105\006\107\006\110\006\061\006\314\000\040\006\047\006\063\006\104\006\047\006\105\006\314}{section.12.1}% 215
\BOOKMARK [2][-]{subsection.12.1.3}{\376\377\006\071\006\062\006\104\000\040\006\050\006\106\006\314\040\014\006\065\006\057\006\061\000\040\000\050\006\056\006\061\006\057\006\047\006\057\000\040\006\361\006\363\006\366\006\360\000\051}{section.12.1}% 216
\BOOKMARK [1][-]{section.12.2}{\376\377\006\105\006\054\006\047\006\107\006\057\006\314\006\106\000\040\006\056\006\104\006\102\000:\000\040\006\047\006\062\000\040\006\101\006\071\006\047\006\104\006\314\006\052\000\040\006\063\006\314\006\047\006\063\006\314\000\040\006\052\006\047\000\040\006\105\006\050\006\047\006\061\006\062\006\107\006\124\000\040\006\105\006\063\006\104\006\055\006\047\006\106\006\107}{chapter.12}% 217
\BOOKMARK [2][-]{subsection.12.2.1}{\376\377\006\056\006\047\006\063\006\052\006\257\006\047\006\107\000\040\006\110\000\040\006\047\006\314\006\057\006\046\006\110\006\104\006\110\006\230\006\314}{section.12.2}% 218
\BOOKMARK [2][-]{subsection.12.2.2}{\376\377\006\363\006\360\000\040\006\056\006\061\006\057\006\047\006\057\000\040\006\361\006\363\006\366\006\360\000:\000\040\006\106\006\102\006\067\006\107\006\124\000\040\006\064\006\251\006\063\006\052}{section.12.2}% 219
\BOOKMARK [2][-]{subsection.12.2.3}{\376\377\006\071\006\105\006\104\006\314\006\047\006\052\040\014\006\107\006\047\006\314\000\040\006\105\006\063\006\104\006\055\006\047\006\106\006\107\006\124\000\040\006\105\006\054\006\047\006\107\006\057\006\314\006\106}{section.12.2}% 220
\BOOKMARK [1][-]{section.12.3}{\376\377\006\105\006\110\006\054\000\040\006\047\006\071\006\057\006\047\006\105\040\014\006\107\006\047\000:\000\040\006\052\006\047\006\050\006\063\006\052\006\047\006\106\000\040\006\110\000\040\006\176\006\047\006\314\006\314\006\062\000\040\006\361\006\363\006\366\006\360}{chapter.12}% 221
\BOOKMARK [2][-]{subsection.12.3.1}{\376\377\006\042\006\105\006\047\006\061\000\040\006\110\000\040\006\047\006\050\006\071\006\047\006\057}{section.12.3}% 222
\BOOKMARK [2][-]{subsection.12.3.2}{\376\377\006\106\006\102\006\064\000\040\006\105\006\063\006\052\006\102\006\314\006\105\000\040\006\056\006\105\006\314\006\106\006\314}{section.12.3}% 223
\BOOKMARK [2][-]{subsection.12.3.3}{\376\377\006\047\006\071\006\057\006\047\006\105\040\014\006\107\006\047\006\314\000\040\006\361\006\363\006\366\006\367\000:\000\040\000\253\006\251\006\064\006\052\006\047\006\061\000\040\006\062\006\106\006\057\006\047\006\106\006\314\006\047\006\106\000\040\006\063\006\314\006\047\006\063\006\314\000\273}{section.12.3}% 224
\BOOKMARK [1][-]{section.12.4}{\376\377\006\101\006\061\006\047\006\314\006\106\006\057\000\040\006\052\006\065\006\101\006\314\006\107\000:\000\040\006\257\006\047\006\105\040\014\006\050\006\107\040\014\006\257\006\047\006\105\000\040\006\052\006\047\000\040\006\052\006\105\006\061\006\251\006\062\000\040\006\251\006\047\006\105\006\104}{chapter.12}% 225
\BOOKMARK [1][-]{section.12.5}{\376\377\006\052\006\101\006\063\006\314\006\061\006\107\006\047\006\314\000\040\006\061\006\102\006\314\006\050\000:\000\040\006\052\006\065\006\101\006\314\006\107\040\014\006\107\006\047\000\040\006\047\006\062\000\040\006\105\006\106\006\070\006\061\000\040\006\206\006\107\006\047\006\061\000\040\006\052\006\062}{chapter.12}% 226
\BOOKMARK [1][-]{section.12.6}{\376\377\006\105\006\054\006\047\006\107\006\057\006\314\006\106\000\040\006\056\006\104\006\102\000:\000\040\006\047\006\061\006\062\006\314\006\047\006\050\006\314\000\040\006\047\006\106\006\052\006\102\006\047\006\057\006\314}{chapter.12}% 227
\BOOKMARK [2][-]{subsection.12.6.1}{\376\377\006\042\006\314\006\047\000\040\006\056\006\064\006\110\006\106\006\052\000\040\006\105\006\054\006\047\006\107\006\057\006\314\006\106\000\040\000\253\006\047\006\054\006\052\006\106\006\047\006\050\040\014\006\106\006\047\006\176\006\060\006\314\006\061\000\273\000\040\006\050\006\110\006\057\006\037}{section.12.6}% 228
\BOOKMARK [1][-]{section.12.7}{\376\377\006\054\006\057\006\110\006\104\000\040\006\052\006\067\006\050\006\314\006\102\006\314\000\040\006\106\006\107\006\047\006\314\006\314\000:\000\040\006\110\006\071\006\057\006\107\040\014\006\107\006\047\000\040\006\057\006\061\000\040\006\050\006\061\006\047\006\050\006\061\000\040\006\110\006\047\006\102\006\071\006\314\006\052\000\040\006\361\006\363\006\366\006\360}{chapter.12}% 229
\BOOKMARK [1][-]{section.12.8}{\376\377\006\071\006\062\006\104\000\040\006\105\006\106\006\052\006\070\006\061\006\314\000\040\006\110\000\040\006\314\006\251\006\057\006\063\006\052\040\014\006\063\006\047\006\062\006\314\000\040\006\106\006\107\006\047\006\314\006\314\000\040\000\050\006\101\006\061\006\110\006\061\006\057\006\314\006\106\000\040\006\361\006\363\006\366\006\370\000\051}{chapter.12}% 230
\BOOKMARK [1][-]{section.12.9}{\376\377\006\054\006\105\006\071\040\014\006\050\006\106\006\057\006\314\000\040\006\101\006\065\006\104\000\040\006\057\006\110\006\047\006\062\006\057\006\107\006\105\000\040\006\110\000\040\006\050\006\056\006\064\000\040\006\057\006\110\006\105}{chapter.12}% 231
\BOOKMARK [-1][-]{part.3}{\376\377\006\063\006\110\006\105\006\047\006\061\006\062\006\314\006\047\006\050\006\314\000\040\006\106\006\107\006\047\006\314\006\314\000\040\006\110\000\040\006\106\006\052\006\314\006\054\006\107\040\014\006\257\006\314\006\061\006\314}{}% 232
\BOOKMARK [0][-]{chapter.13}{\376\377\006\052\006\055\006\104\006\314\006\104\000\040\006\052\006\067\006\050\006\314\006\102\006\314\000:\000\040\006\056\006\105\006\314\006\106\006\314\000\040\006\057\006\061\000\040\006\107\006\061\000\040\006\050\006\062\006\106\006\257\006\047\006\107\000\040\006\206\006\107\000\040\006\251\006\061\006\057\006\037}{part.3}% 233
\BOOKMARK [1][-]{section.13.1}{\376\377\006\061\006\110\006\064\040\014\006\064\006\106\006\047\006\063\006\314\000:\000\040\006\206\006\257\006\110\006\106\006\107\000\040\006\052\006\062\006\107\006\047\000\040\006\061\006\047\000\040\006\105\006\314\040\014\006\063\006\106\006\054\006\314\006\105\006\037}{chapter.13}% 234
\BOOKMARK [1][-]{section.13.2}{\376\377\006\105\006\047\006\052\006\061\006\314\006\063\000\040\006\052\006\067\006\050\006\314\006\102\006\314\000\040\006\047\006\065\006\104\006\314}{chapter.13}% 235
\BOOKMARK [1][-]{section.13.3}{\376\377\006\064\006\105\006\047\006\061\006\064\000\040\006\047\006\105\006\052\006\314\006\047\006\062\006\107\006\047}{chapter.13}% 236
\BOOKMARK [1][-]{section.13.4}{\376\377\006\052\006\055\006\104\006\314\006\104\000\040\006\047\006\104\006\257\006\110\006\107\006\047}{chapter.13}% 237
\BOOKMARK [2][-]{subsection.13.4.1}{\376\377\006\047\006\104\006\257\006\110\006\314\000\040\006\361\000:\000\040\006\054\006\107\006\052\000\040\006\053\006\047\006\050\006\052\000\040\006\052\006\105\006\061\006\251\006\062\000\040\006\102\006\057\006\061\006\052}{section.13.4}% 238
\BOOKMARK [2][-]{subsection.13.4.2}{\376\377\006\047\006\104\006\257\006\110\006\314\000\040\006\362\000:\000\040\006\050\006\107\006\047\006\106\006\107\040\014\006\107\006\047\006\314\000\040\006\105\006\052\006\072\006\314\006\061\006\014\000\040\006\106\006\052\006\314\006\054\006\107\006\124\000\040\006\053\006\047\006\050\006\052}{section.13.4}% 239
\BOOKMARK [2][-]{subsection.13.4.3}{\376\377\006\047\006\104\006\257\006\110\006\314\000\040\006\363\000:\000\040\006\063\006\061\006\071\006\052\000\040\006\101\006\062\006\047\006\314\006\106\006\057\006\107\006\124\000\040\006\052\006\105\006\061\006\251\006\062}{section.13.4}% 240
\BOOKMARK [2][-]{subsection.13.4.4}{\376\377\006\047\006\104\006\257\006\110\006\314\000\040\006\364\000:\000\040\006\071\006\057\006\105\000\040\006\052\006\102\006\047\006\061\006\106\000\040\006\057\006\061\000\040\006\057\006\047\006\110\006\061\006\314}{section.13.4}% 241
\BOOKMARK [1][-]{section.13.5}{\376\377\006\106\006\105\006\110\006\057\006\047\006\061\000\040\006\061\006\047\006\057\006\047\006\061\006\314\000:\000\040\006\071\006\105\006\104\006\251\006\061\006\057\000\040\006\052\006\062\006\107\006\047\000\040\006\057\006\061\000\040\006\107\006\061\000\040\006\050\006\062\006\106\006\257\006\047\006\107}{chapter.13}% 242
\BOOKMARK [1][-]{section.13.6}{\376\377\006\106\006\052\006\314\006\054\006\107\040\014\006\257\006\314\006\061\006\314\000\040\006\052\006\067\006\050\006\314\006\102\006\314}{chapter.13}% 243
\BOOKMARK [0][-]{chapter.14}{\376\377\006\056\006\110\006\047\006\106\006\064\040\014\006\107\006\047\006\314\000\040\006\061\006\102\006\314\006\050\000\040\006\057\006\061\000\040\006\050\006\110\006\052\006\107\006\124\000\040\006\106\006\102\006\057}{part.3}% 244
\BOOKMARK [1][-]{section.14.1}{\376\377\006\064\006\064\000\040\006\054\006\101\006\052\000\040\006\106\006\102\006\057\000\040\006\105\006\052\006\102\006\047\006\050\006\104}{chapter.14}% 245
\BOOKMARK [2][-]{subsection.14.1.1}{\376\377\006\054\006\101\006\052\000\040\006\361\000:\000\040\006\052\006\062\000\040\006\361\000\040\000\050\006\065\006\057\006\047\006\102\006\052\000\051\000\040\041\224\000\040\006\052\006\062\000\040\006\362\000\040\000\050\006\056\006\057\006\071\006\107\000\051}{section.14.1}% 246
\BOOKMARK [2][-]{subsection.14.1.2}{\376\377\006\054\006\101\006\052\000\040\006\362\000:\000\040\006\052\006\062\000\040\006\361\000\040\000\050\006\065\006\057\006\047\006\102\006\052\000\051\000\040\041\224\000\040\006\052\006\062\000\040\006\363\000\040\000\050\006\052\006\251\006\047\006\105\006\104\000\051}{section.14.1}% 247
\BOOKMARK [2][-]{subsection.14.1.3}{\376\377\006\054\006\101\006\052\000\040\006\363\000:\000\040\006\052\006\062\000\040\006\361\000\040\000\050\006\065\006\057\006\047\006\102\006\052\000\051\000\040\041\224\000\040\006\052\006\062\000\040\006\364\000\040\000\050\006\106\006\056\006\050\006\257\006\047\006\106\000\051}{section.14.1}% 248
\BOOKMARK [2][-]{subsection.14.1.4}{\376\377\006\054\006\101\006\052\000\040\006\364\000:\000\040\006\052\006\062\000\040\006\362\000\040\000\050\006\056\006\057\006\071\006\107\000\051\000\040\041\224\000\040\006\052\006\062\000\040\006\363\000\040\000\050\006\052\006\251\006\047\006\105\006\104\000\051}{section.14.1}% 249
\BOOKMARK [2][-]{subsection.14.1.5}{\376\377\006\054\006\101\006\052\000\040\006\365\000:\000\040\006\052\006\062\000\040\006\362\000\040\000\050\006\056\006\057\006\071\006\107\000\051\000\040\041\224\000\040\006\052\006\062\000\040\006\364\000\040\000\050\006\106\006\056\006\050\006\257\006\047\006\106\000\051}{section.14.1}% 250
\BOOKMARK [2][-]{subsection.14.1.6}{\376\377\006\054\006\101\006\052\000\040\006\366\000:\000\040\006\052\006\062\000\040\006\363\000\040\000\050\006\052\006\251\006\047\006\105\006\104\000\051\000\040\041\224\000\040\006\052\006\062\000\040\006\364\000\040\000\050\006\106\006\056\006\050\006\257\006\047\006\106\000\051}{section.14.1}% 251
\BOOKMARK [1][-]{section.14.2}{\376\377\006\105\006\047\006\052\006\061\006\314\006\063\000\040\006\063\006\047\006\062\006\257\006\047\006\061\006\314\000:\000\040\006\042\006\314\006\047\000\040\006\052\006\062\006\107\006\047\000\040\006\052\006\061\006\251\006\314\006\050\040\014\006\176\006\060\006\314\006\061\006\106\006\057\006\037}{chapter.14}% 252
\BOOKMARK [1][-]{section.14.3}{\376\377\006\054\006\057\006\110\006\104\000\040\006\106\006\102\006\047\006\067\000\040\006\102\006\110\006\052\000\040\006\110\000\040\006\066\006\071\006\101\000\040\006\107\006\061\000\040\006\052\006\062}{chapter.14}% 253
\BOOKMARK [1][-]{section.14.4}{\376\377\006\054\006\105\006\071\040\014\006\050\006\106\006\057\006\314\000\040\006\101\006\065\006\104\000\040\006\206\006\107\006\047\006\061\006\057\006\107\006\105}{chapter.14}% 254
\BOOKMARK [0][-]{chapter.15}{\376\377\006\052\006\055\006\104\006\314\006\104\000\040\006\052\006\067\006\050\006\314\006\102\006\314\000\040\040\024\000\040\006\056\006\105\006\314\006\106\006\314\000\040\006\057\006\061\000\040\006\107\006\061\000\040\006\050\006\062\006\106\006\257\006\047\006\107\000\040\006\206\006\107\000\040\006\251\006\061\006\057\006\037}{part.3}% 255
\BOOKMARK [1][-]{section.15.1}{\376\377\006\105\006\102\006\057\006\105\006\107\000:\000\040\006\066\006\061\006\110\006\061\006\052\000\040\006\052\006\055\006\104\006\314\006\104\000\040\006\052\006\067\006\050\006\314\006\102\006\314}{chapter.15}% 256
\BOOKMARK [1][-]{section.15.2}{\376\377\006\052\006\071\006\061\006\314\006\101\000\040\006\105\006\071\006\314\006\047\006\061\006\107\006\047\006\314\000\040\006\063\006\047\006\062\006\257\006\047\006\061\006\314}{chapter.15}% 257
\BOOKMARK [1][-]{section.15.3}{\376\377\006\054\006\057\006\110\006\104\000\040\006\047\006\065\006\104\006\314\006\120\000\040\006\052\006\067\006\050\006\314\006\102\006\314\000:\000\040\006\107\006\101\006\052\000\040\006\050\006\062\006\106\006\257\006\047\006\107\000\040\000\327\000\040\006\206\006\107\006\047\006\061\000\040\006\052\006\062}{chapter.15}% 258
\BOOKMARK [1][-]{section.15.4}{\376\377\006\056\006\110\006\047\006\106\006\064\000\040\006\054\006\057\006\110\006\104\000:\000\040\006\047\006\104\006\257\006\110\006\107\006\047\006\314\000\040\006\050\006\047\006\061\006\062}{chapter.15}% 259
\BOOKMARK [2][-]{subsection.15.4.1}{\376\377\006\047\006\104\006\257\006\110\006\314\000\040\006\047\006\110\006\104\000:\000\040\006\055\006\061\006\251\006\052\000\040\006\314\006\251\040\014\006\063\006\110\006\314\006\107\000\040\006\050\006\107\040\014\006\063\006\110\006\314\000\040\006\052\006\105\006\061\006\251\006\062}{section.15.4}% 260
